[2026-06-12 03:27:18.518 +00:00] [INF] [1] Emby.Server.Implementations.AppBase.BaseConfigurationManager: Setting cache path: "/config/cache"
[2026-06-12 03:27:18.737 +00:00] [INF] [10] Jellyfin.Server.ServerSetupApp.SetupServer: Kestrel is listening on "all interfaces"
[2026-06-12 03:27:18.771 +00:00] [INF] [10] Main: Jellyfin version: "10.11.9"
[2026-06-12 03:27:18.774 +00:00] [INF] [10] Main: Environment Variables: ["[JELLYFIN_DATA_DIR, /config/data]", "[JELLYFIN_CACHE_DIR, /config/cache]", "[JELLYFIN_LOG_DIR, /config/log]", "[JELLYFIN_CONFIG_DIR, /config]", "[JELLYFIN_WEB_DIR, /usr/share/jellyfin/web]"]
[2026-06-12 03:27:18.776 +00:00] [INF] [10] Main: Arguments: ["/usr/lib/jellyfin/bin/jellyfin.dll", "--ffmpeg=/usr/lib/jellyfin-ffmpeg/ffmpeg"]
[2026-06-12 03:27:18.776 +00:00] [INF] [10] Main: Operating system: "Ubuntu 24.04.4 LTS"
[2026-06-12 03:27:18.776 +00:00] [INF] [10] Main: Architecture: X64
[2026-06-12 03:27:18.777 +00:00] [INF] [10] Main: 64-Bit Process: True
[2026-06-12 03:27:18.777 +00:00] [INF] [10] Main: User Interactive: True
[2026-06-12 03:27:18.777 +00:00] [INF] [10] Main: Processor count: 16
[2026-06-12 03:27:18.777 +00:00] [INF] [10] Main: Program data path: "/config/data"
[2026-06-12 03:27:18.777 +00:00] [INF] [10] Main: Log directory path: "/config/log"
[2026-06-12 03:27:18.777 +00:00] [INF] [10] Main: Config directory path: "/config"
[2026-06-12 03:27:18.777 +00:00] [INF] [10] Main: Cache path: "/config/cache"
[2026-06-12 03:27:18.777 +00:00] [INF] [10] Main: Temp directory path: "/tmp/jellyfin"
[2026-06-12 03:27:18.778 +00:00] [INF] [10] Main: Web resources path: "/usr/share/jellyfin/web"
[2026-06-12 03:27:18.778 +00:00] [INF] [10] Main: Application directory: "/usr/lib/jellyfin/bin/"
[2026-06-12 03:27:18.793 +00:00] [INF] [10] Jellyfin.Server.Startup: Storage path `"/config/data/data"` (Fixed) successfully checked with "1.4TiB" free which is over the minimum of "2GiB".
[2026-06-12 03:27:18.793 +00:00] [INF] [10] Jellyfin.Server.Startup: Storage path `"/config/cache"` (Fixed) successfully checked with "1.4TiB" free which is over the minimum of "2GiB".
[2026-06-12 03:27:18.793 +00:00] [INF] [10] Jellyfin.Server.Startup: Storage path `"/config/data"` (Fixed) successfully checked with "1.4TiB" free which is over the minimum of "2GiB".
[2026-06-12 03:27:18.797 +00:00] [INF] [10] Emby.Server.Implementations.AppBase.BaseConfigurationManager: Setting cache path: "/config/cache"
[2026-06-12 03:27:18.874 +00:00] [INF] [10] Jellyfin.Database.Providers.Sqlite.SqliteDatabaseProvider: SQLite connection string: "Data Source=/config/data/data/jellyfin.db;Cache=Default;Default Timeout=30;Pooling=True"
[2026-06-12 03:27:18.880 +00:00] [INF] [10] Jellyfin.Database.Providers.Sqlite.SqliteDatabaseProvider: SQLITE connection pragma command set to: 
"PRAGMA locking_mode=NORMAL;
PRAGMA journal_size_limit=134217728;
PRAGMA synchronous=1;
PRAGMA temp_store=2;
"
[2026-06-12 03:27:18.882 +00:00] [INF] [10] Jellyfin.Database.Implementations.Locking.NoLockBehavior: The database locking mode has been set to: NoLock.
[2026-06-12 03:27:18.913 +00:00] [INF] [10] Jellyfin.Server.Migrations.JellyfinMigrationService: Initialise Migration service.
[2026-06-12 03:27:19.120 +00:00] [WRN] [7] Microsoft.Extensions.Diagnostics.HealthChecks.DefaultHealthCheckService: Health check "StartupCheck" with status Degraded completed after 0.5477ms with message '"Server is still starting up."'
[2026-06-12 03:27:19.556 +00:00] [INF] [10] Jellyfin.Server.Migrations.JellyfinMigrationService: There are 0 migrations for stage PreInitialisation.
[2026-06-12 03:27:19.563 +00:00] [INF] [10] Emby.Server.Implementations.AppBase.BaseConfigurationManager: Setting cache path: "/config/cache"
[2026-06-12 03:27:19.593 +00:00] [INF] [10] Emby.Server.Implementations.ApplicationHost: Loading assemblies
[2026-06-12 03:27:19.625 +00:00] [INF] [10] Jellyfin.Networking.Manager.NetworkManager: Defined LAN subnets: ["::1/128", "fe80::/10", "fc00::/7", "127.0.0.1/8", "10.0.0.0/8", "172.16.0.0/12", "192.168.0.0/16"]
[2026-06-12 03:27:19.625 +00:00] [INF] [10] Jellyfin.Networking.Manager.NetworkManager: Defined LAN exclusions: []
[2026-06-12 03:27:19.625 +00:00] [INF] [10] Jellyfin.Networking.Manager.NetworkManager: Used LAN subnets: ["::1/128", "fe80::/10", "fc00::/7", "127.0.0.1/8", "10.0.0.0/8", "172.16.0.0/12", "192.168.0.0/16"]
[2026-06-12 03:27:19.626 +00:00] [INF] [10] Jellyfin.Networking.Manager.NetworkManager: Filtered interface addresses: []
[2026-06-12 03:27:19.626 +00:00] [INF] [10] Jellyfin.Networking.Manager.NetworkManager: Bind Addresses ["::"]
[2026-06-12 03:27:19.626 +00:00] [INF] [10] Jellyfin.Networking.Manager.NetworkManager: Remote IP filter is "Allowlist"
[2026-06-12 03:27:19.626 +00:00] [INF] [10] Jellyfin.Networking.Manager.NetworkManager: Filtered subnets: []
[2026-06-12 03:27:19.707 +00:00] [INF] [10] Jellyfin.Database.Providers.Sqlite.SqliteDatabaseProvider: SQLite connection string: "Data Source=/config/data/data/jellyfin.db;Cache=Default;Default Timeout=30;Pooling=True"
[2026-06-12 03:27:19.707 +00:00] [INF] [10] Jellyfin.Database.Providers.Sqlite.SqliteDatabaseProvider: SQLITE connection pragma command set to: 
"PRAGMA locking_mode=NORMAL;
PRAGMA journal_size_limit=134217728;
PRAGMA synchronous=1;
PRAGMA temp_store=2;
"
[2026-06-12 03:27:19.707 +00:00] [INF] [10] Jellyfin.Database.Implementations.Locking.NoLockBehavior: The database locking mode has been set to: NoLock.
[2026-06-12 03:27:19.710 +00:00] [INF] [10] Main: Prepare system for possible migrations
[2026-06-12 03:27:19.730 +00:00] [INF] [10] Jellyfin.Server.Migrations.JellyfinMigrationService: There are 0 migrations for stage CoreInitialisation.
[2026-06-12 03:27:19.841 +00:00] [INF] [10] Emby.Server.Implementations.Plugins.PluginManager: Loaded plugin: "TMDb" "10.11.9.0"
[2026-06-12 03:27:19.842 +00:00] [INF] [10] Emby.Server.Implementations.Plugins.PluginManager: Loaded plugin: "Studio Images" "10.11.9.0"
[2026-06-12 03:27:19.842 +00:00] [INF] [10] Emby.Server.Implementations.Plugins.PluginManager: Loaded plugin: "OMDb" "10.11.9.0"
[2026-06-12 03:27:19.849 +00:00] [INF] [10] Emby.Server.Implementations.Plugins.PluginManager: Loaded plugin: "MusicBrainz" "10.11.9.0"
[2026-06-12 03:27:19.849 +00:00] [INF] [10] Emby.Server.Implementations.Plugins.PluginManager: Loaded plugin: "AudioDB" "10.11.9.0"
[2026-06-12 03:27:19.882 +00:00] [INF] [10] Jellyfin.Server.Migrations.JellyfinMigrationService: There are 0 migrations for stage AppInitialisation.
[2026-06-12 03:27:20.084 +00:00] [INF] [7] Main: Kestrel is listening on "all interfaces"
[2026-06-12 03:27:20.616 +00:00] [WRN] [7] Microsoft.AspNetCore.StaticFiles.StaticFileMiddleware: The WebRootPath was not found: "/run/s6-rc:s6-rc-init:paiOeJ/servicedirs/svc-jellyfin/wwwroot". Static files may be unavailable.
[2026-06-12 03:27:20.635 +00:00] [INF] [7] Emby.Server.Implementations.ApplicationHost: Running startup tasks
[2026-06-12 03:27:20.636 +00:00] [INF] [9] Emby.Server.Implementations.IO.LibraryMonitor: Watching directory "/data/movies"
[2026-06-12 03:27:20.636 +00:00] [INF] [10] Emby.Server.Implementations.IO.LibraryMonitor: Watching directory "/data/tvshows"
[2026-06-12 03:27:20.646 +00:00] [INF] [7] Emby.Server.Implementations.ScheduledTasks.TaskManager: Daily trigger for "Generate Trickplay Images" set to fire at 2026-06-13 03:00:00.000 +00:00, which is 23:32:39.3534585 from now.
[2026-06-12 03:27:20.650 +00:00] [INF] [7] Emby.Server.Implementations.ScheduledTasks.TaskManager: Daily trigger for "Extract Chapter Images" set to fire at 2026-06-13 02:00:00.000 +00:00, which is 22:32:39.3493439 from now.
[2026-06-12 03:27:20.727 +00:00] [INF] [7] MediaBrowser.MediaEncoding.Encoder.MediaEncoder: Found ffmpeg version "7.1.3"
[2026-06-12 03:27:20.756 +00:00] [INF] [7] MediaBrowser.MediaEncoding.Encoder.MediaEncoder: Available "decoders": ["libdav1d", "av1", "av1_cuvid", "av1_qsv", "h264", "h264_qsv", "h264_cuvid", "hevc", "hevc_qsv", "hevc_cuvid", "mpeg2video", "mpeg2_qsv", "mpeg2_cuvid", "mpeg4", "mpeg4_cuvid", "msmpeg4", "vc1_qsv", "vc1_cuvid", "vp8", "libvpx", "vp8_cuvid", "vp8_qsv", "vp9", "libvpx-vp9", "vp9_cuvid", "vp9_qsv", "aac", "ac3", "ac4", "dca", "flac", "mp3", "truehd"]
[2026-06-12 03:27:20.768 +00:00] [INF] [7] MediaBrowser.MediaEncoding.Encoder.MediaEncoder: Available "encoders": ["libsvtav1", "av1_nvenc", "av1_qsv", "av1_amf", "av1_vaapi", "libx264", "h264_amf", "h264_nvenc", "h264_qsv", "h264_v4l2m2m", "h264_vaapi", "libx265", "hevc_amf", "hevc_nvenc", "hevc_qsv", "hevc_vaapi", "mjpeg_qsv", "mjpeg_vaapi", "aac", "libfdk_aac", "ac3", "alac", "dca", "flac", "libmp3lame", "libopus", "truehd", "libvorbis", "srt"]
[2026-06-12 03:27:20.780 +00:00] [INF] [7] MediaBrowser.MediaEncoding.Encoder.MediaEncoder: Available filters: ["bwdif_cuda", "bwdif_opencl", "deinterlace_qsv", "deinterlace_vaapi", "flip_vulkan", "hwupload_cuda", "hwupload_vaapi", "libplacebo", "overlay_opencl", "overlay_qsv", "overlay_vaapi", "overlay_vulkan", "overlay_cuda", "procamp_vaapi", "scale_cuda", "scale_opencl", "scale_qsv", "scale_vaapi", "scale_vulkan", "tonemapx", "tonemap_cuda", "tonemap_opencl", "tonemap_vaapi", "transpose_cuda", "transpose_opencl", "transpose_vaapi", "transpose_vulkan", "vpp_qsv", "yadif_cuda", "yadif_opencl", "zscale", "alphasrc"]
[2026-06-12 03:27:20.928 +00:00] [INF] [7] MediaBrowser.MediaEncoding.Encoder.MediaEncoder: Available hwaccel types: ["cuda", "vaapi", "qsv", "drm", "opencl", "vulkan"]
[2026-06-12 03:27:22.471 +00:00] [INF] [7] MediaBrowser.MediaEncoding.Encoder.MediaEncoder: FFmpeg: "/usr/lib/jellyfin-ffmpeg/ffmpeg"
[2026-06-12 03:27:22.472 +00:00] [INF] [7] Emby.Server.Implementations.ApplicationHost: ServerId: "9428856269df4b7584b43a264088e862"
[2026-06-12 03:27:22.472 +00:00] [INF] [7] Emby.Server.Implementations.ApplicationHost: Core startup complete
[2026-06-12 03:27:22.472 +00:00] [INF] [7] Main: Startup complete 0:00:04.2384952
[2026-06-12 03:27:23.662 +00:00] [INF] [9] Emby.Server.Implementations.ScheduledTasks.TaskManager: "Clean Transcode Directory" Completed after 0 minute(s) and 0 seconds
[2026-06-12 03:27:23.681 +00:00] [INF] [7] Emby.Server.Implementations.ScheduledTasks.TaskManager: "Clean up collections and playlists" Completed after 0 minute(s) and 0 seconds
[2026-06-12 03:27:24.919 +00:00] [INF] [9] Emby.Server.Implementations.ScheduledTasks.TaskManager: "Update Plugins" Completed after 0 minute(s) and 1 seconds
[2026-06-12 03:27:52.856 +00:00] [WRN] [9] Jellyfin.Networking.Manager.NetworkManager: "::ffff:172.20.0.5": Only loopback "::1" returned, using that as bind address.
[2026-06-12 03:27:53.337 +00:00] [WRN] [7] Jellyfin.Networking.Manager.NetworkManager: "::ffff:172.20.0.5": Only loopback "::1" returned, using that as bind address.
[2026-06-12 03:27:53.341 +00:00] [WRN] [10] Jellyfin.Networking.Manager.NetworkManager: "::ffff:172.20.0.5": Only loopback "::1" returned, using that as bind address.
[2026-06-12 03:27:53.365 +00:00] [WRN] [23] Jellyfin.Networking.Manager.NetworkManager: "::ffff:172.20.0.5": Only loopback "::1" returned, using that as bind address.
[2026-06-12 03:27:53.401 +00:00] [INF] [19] Emby.Server.Implementations.HttpServer.WebSocketManager: WS "::ffff:172.20.0.5" request
[2026-06-12 03:29:07.660 +00:00] [INF] [7] Emby.Server.Implementations.IO.LibraryMonitor: "ONE PIECE" ("/data/tvshows/One Piece") will be refreshed.
[2026-06-12 03:29:07.829 +00:00] [INF] [26] Emby.Server.Implementations.Library.LibraryManager: Removing item, Type: "Episode", Name: "ROMANCE DAWN", Path: "/data/tvshows/One Piece/One Piece S01E01 MULTi 1080p WEB x264 AAC -Tsundere-Raws (NF).mkv", Id: cd7009c7-cd01-4a30-1b9f-31e1be485575
[2026-06-12 03:29:07.911 +00:00] [INF] [26] Emby.Server.Implementations.Library.LibraryManager: Removing item, Type: "Episode", Name: "THE MAN IN THE STRAW HAT", Path: "/data/tvshows/One Piece/One Piece S01E02 MULTi 1080p WEB x264 AAC -Tsundere-Raws (NF).mkv", Id: 4089e6d6-def0-bf9c-7d71-742b723f276e
[2026-06-12 03:29:07.939 +00:00] [INF] [26] Emby.Server.Implementations.Library.LibraryManager: Removing item, Type: "Episode", Name: "TELL NO TALES", Path: "/data/tvshows/One Piece/One Piece S01E03 MULTi 1080p WEB x264 AAC -Tsundere-Raws (NF).mkv", Id: 71aaeac1-e788-b8a4-96c0-f2f713b326d9
[2026-06-12 03:29:07.967 +00:00] [INF] [26] Emby.Server.Implementations.Library.LibraryManager: Removing item, Type: "Episode", Name: "THE PIRATES ARE COMING", Path: "/data/tvshows/One Piece/One Piece S01E04 MULTi 1080p WEB x264 AAC -Tsundere-Raws (NF).mkv", Id: 5bd8f1b0-9b4b-50f3-33ca-13e0d77e7eaa
[2026-06-12 03:29:07.989 +00:00] [INF] [26] Emby.Server.Implementations.Library.LibraryManager: Removing item, Type: "Episode", Name: "EAT AT BARATIE!", Path: "/data/tvshows/One Piece/One Piece S01E05 MULTi 1080p WEB x264 AAC -Tsundere-Raws (NF).mkv", Id: 9be1f533-d2e5-6662-9b9d-07fbaf5d78fd
[2026-06-12 03:29:08.012 +00:00] [INF] [26] Emby.Server.Implementations.Library.LibraryManager: Removing item, Type: "Episode", Name: "THE CHEF AND THE CHORE BOY", Path: "/data/tvshows/One Piece/One Piece S01E06 MULTi 1080p WEB x264 AAC -Tsundere-Raws (NF).mkv", Id: 2f7324cf-4542-b0e1-a294-19e989d37b54
[2026-06-12 03:29:08.037 +00:00] [INF] [26] Emby.Server.Implementations.Library.LibraryManager: Removing item, Type: "Episode", Name: "THE GIRL WITH THE SAWFISH TATTOO", Path: "/data/tvshows/One Piece/One Piece S01E07 MULTi 1080p WEB x264 AAC -Tsundere-Raws (NF).mkv", Id: 9f703969-01fd-3c64-d10f-54dbfcf61e8a
[2026-06-12 03:29:08.059 +00:00] [INF] [26] Emby.Server.Implementations.Library.LibraryManager: Removing item, Type: "Episode", Name: "WORST IN THE EAST", Path: "/data/tvshows/One Piece/One Piece S01E08 MULTi 1080p WEB x264 AAC -Tsundere-Raws (NF).mkv", Id: 5440b6f0-fe5b-ce18-d952-fe2fea1bf554
[2026-06-12 03:29:08.310 +00:00] [INF] [26] MediaBrowser.Providers.TV.SeriesMetadataService: Removing virtual season 1 in series "ONE PIECE"
[2026-06-12 03:29:08.310 +00:00] [INF] [26] Emby.Server.Implementations.Library.LibraryManager: Removing item, Type: "Season", Name: "Season 1", Path: "", Id: ce54e70e-976f-65ed-286c-6a099eacb9b5
[2026-06-12 03:29:08.329 +00:00] [INF] [26] MediaBrowser.Providers.TV.SeriesMetadataService: Creating Season "Season Unknown" entry for "ONE PIECE"
[2026-06-12 03:29:11.522 +00:00] [INF] [7] MediaBrowser.Providers.TV.SeriesMetadataService: Removing virtual season null in series "ONE PIECE"
[2026-06-12 03:29:11.522 +00:00] [INF] [7] Emby.Server.Implementations.Library.LibraryManager: Removing item, Type: "Season", Name: "Season Unknown", Path: "", Id: 407ae716-0ac9-38d1-076c-4be5e19a111c
[2026-06-12 03:29:11.540 +00:00] [INF] [7] MediaBrowser.Providers.TV.SeriesMetadataService: Creating Season "Season 1" entry for "ONE PIECE"
[2026-06-12 03:45:19.166 +00:00] [WRN] [51] Jellyfin.Networking.Manager.NetworkManager: "::ffff:172.20.0.5": Only loopback "::1" returned, using that as bind address.
[2026-06-12 03:45:19.260 +00:00] [WRN] [56] Jellyfin.Networking.Manager.NetworkManager: "::ffff:172.20.0.5": Only loopback "::1" returned, using that as bind address.
[2026-06-12 03:45:19.565 +00:00] [WRN] [56] Jellyfin.Networking.Manager.NetworkManager: "::ffff:172.20.0.5": Only loopback "::1" returned, using that as bind address.
[2026-06-12 03:45:19.740 +00:00] [INF] [51] Emby.Server.Implementations.HttpServer.WebSocketManager: WS "::ffff:172.20.0.5" request
[2026-06-12 03:45:28.149 +00:00] [WRN] [55] Microsoft.EntityFrameworkCore.Query: Compiling a query which loads related collections for more than one collection navigation, either via 'Include' or through projection, but no 'QuerySplittingBehavior' has been configured. By default, Entity Framework will use 'QuerySplittingBehavior.SingleQuery', which can potentially result in slow query performance. See https://go.microsoft.com/fwlink/?linkid=2134277 for more information. To identify the query that's triggering this warning call 'ConfigureWarnings(w => w.Throw(RelationalEventId.MultipleCollectionIncludeWarning))'.
[2026-06-12 03:46:28.586 +00:00] [INF] [26] Jellyfin.Api.Helpers.MediaInfoHelper: User policy for "mawk2311". EnablePlaybackRemuxing: True EnableVideoPlaybackTranscoding: True EnableAudioPlaybackTranscoding: True
[2026-06-12 03:46:29.692 +00:00] [INF] [28] MediaBrowser.MediaEncoding.Transcoding.TranscodeManager: "/usr/lib/jellyfin-ffmpeg/ffmpeg" "-analyzeduration 200M -probesize 1G  -i file:\"/data/tvshows/Cowboy Bebop/Cowboy.Bebop.S01E01.1080p-Hi10p.BluRay.FLAC5.1.x264.[BD1B305A].mkv\" -map_metadata -1 -map_chapters -1 -threads 0 -map 0:0 -map 0:1 -map -0:s -codec:v:0 libx264 -preset veryfast -crf 23 -maxrate 13137695 -bufsize 26275390 -profile:v:0 high -level 50 -x264opts:0 subme=0:me_range=16:rc_lookahead=10:me=hex:open_gop=0 -force_key_frames:0 \"expr:gte(t,n_forced*3)\" -sc_threshold:v:0 0 -vf \"setparams=color_primaries=bt709:color_trc=bt709:colorspace=bt709,scale=trunc(min(max(iw\,ih*a)\,min(1448\,1080*a))/2)*2:trunc(min(max(iw/a\,ih)\,min(1448/a\,1080))/2)*2,format=yuv420p\" -codec:a:0 libfdk_aac -ac 6 -ab 640000 -copyts -avoid_negative_ts disabled -max_muxing_queue_size 2048 -f hls -max_delay 5000000 -hls_time 3 -hls_segment_type mpegts -start_number 0 -hls_segment_filename \"/config/cache/transcodes/d3629a06c2906d9c28e4c0610988f423%d.ts\" -hls_playlist_type vod -hls_list_size 0 -y \"/config/cache/transcodes/d3629a06c2906d9c28e4c0610988f423.m3u8\""
[2026-06-12 03:46:33.748 +00:00] [INF] [25] MediaBrowser.MediaEncoding.Subtitles.SubtitleEncoder: "/usr/lib/jellyfin-ffmpeg/ffmpeg" "-i file:\"/data/tvshows/Cowboy Bebop/Cowboy.Bebop.S01E01.1080p-Hi10p.BluRay.FLAC5.1.x264.[BD1B305A].mkv\" -map 0:4 -an -vn -c:s copy -flush_packets 1 \"/config/data/data/subtitles/1a/1a126f70-0d75-d42c-ea6f-55d978d56dcf/4.ass\" -map 0:5 -an -vn -c:s copy -flush_packets 1 \"/config/data/data/subtitles/1a/1a126f70-0d75-d42c-ea6f-55d978d56dcf/5.ass\" -map 0:6 -an -vn -c:s copy -flush_packets 1 \"/config/data/data/subtitles/1a/1a126f70-0d75-d42c-ea6f-55d978d56dcf/6.ass\""
[2026-06-12 03:46:36.526 +00:00] [INF] [26] MediaBrowser.MediaEncoding.Subtitles.SubtitleEncoder: Setting ass font within "/config/data/data/subtitles/1a/1a126f70-0d75-d42c-ea6f-55d978d56dcf/4.ass"
[2026-06-12 03:46:36.528 +00:00] [INF] [29] MediaBrowser.MediaEncoding.Subtitles.SubtitleEncoder: ffmpeg subtitle extraction completed for "file:\"/data/tvshows/Cowboy Bebop/Cowboy.Bebop.S01E01.1080p-Hi10p.BluRay.FLAC5.1.x264.[BD1B305A].mkv\"" to "/config/data/data/subtitles/1a/1a126f70-0d75-d42c-ea6f-55d978d56dcf/4.ass"
[2026-06-12 03:46:36.528 +00:00] [INF] [29] MediaBrowser.MediaEncoding.Subtitles.SubtitleEncoder: Setting ass font within "/config/data/data/subtitles/1a/1a126f70-0d75-d42c-ea6f-55d978d56dcf/5.ass"
[2026-06-12 03:46:36.528 +00:00] [INF] [27] MediaBrowser.MediaEncoding.Subtitles.SubtitleEncoder: ffmpeg subtitle extraction completed for "file:\"/data/tvshows/Cowboy Bebop/Cowboy.Bebop.S01E01.1080p-Hi10p.BluRay.FLAC5.1.x264.[BD1B305A].mkv\"" to "/config/data/data/subtitles/1a/1a126f70-0d75-d42c-ea6f-55d978d56dcf/5.ass"
[2026-06-12 03:46:36.528 +00:00] [INF] [27] MediaBrowser.MediaEncoding.Subtitles.SubtitleEncoder: Setting ass font within "/config/data/data/subtitles/1a/1a126f70-0d75-d42c-ea6f-55d978d56dcf/6.ass"
[2026-06-12 03:46:36.528 +00:00] [INF] [26] MediaBrowser.MediaEncoding.Subtitles.SubtitleEncoder: ffmpeg subtitle extraction completed for "file:\"/data/tvshows/Cowboy Bebop/Cowboy.Bebop.S01E01.1080p-Hi10p.BluRay.FLAC5.1.x264.[BD1B305A].mkv\"" to "/config/data/data/subtitles/1a/1a126f70-0d75-d42c-ea6f-55d978d56dcf/6.ass"
[2026-06-12 03:46:36.621 +00:00] [INF] [26] MediaBrowser.MediaEncoding.Attachments.AttachmentExtractor: "/usr/lib/jellyfin-ffmpeg/ffmpeg" "-dump_attachment:8 \"/config/data/data/attachments/1a/1a126f70-0d75-d42c-ea6f-55d978d56dcf/HelveticaNeueLTCom-MdSemiEx.ttf\" -i file:\"/data/tvshows/Cowboy Bebop/Cowboy.Bebop.S01E01.1080p-Hi10p.BluRay.FLAC5.1.x264.[BD1B305A].mkv\" -t 0 -f null null"
[2026-06-12 03:46:36.812 +00:00] [INF] [51] MediaBrowser.MediaEncoding.Attachments.AttachmentExtractor: ffmpeg attachment extraction completed for "file:\"/data/tvshows/Cowboy Bebop/Cowboy.Bebop.S01E01.1080p-Hi10p.BluRay.FLAC5.1.x264.[BD1B305A].mkv\"" to "/config/data/data/attachments/1a/1a126f70-0d75-d42c-ea6f-55d978d56dcf/HelveticaNeueLTCom-MdSemiEx.ttf"
[2026-06-12 03:46:36.814 +00:00] [INF] [29] MediaBrowser.MediaEncoding.Attachments.AttachmentExtractor: "/usr/lib/jellyfin-ffmpeg/ffmpeg" "-dump_attachment:13 \"/config/data/data/attachments/1a/1a126f70-0d75-d42c-ea6f-55d978d56dcf/rough_typewriter.otf\" -i file:\"/data/tvshows/Cowboy Bebop/Cowboy.Bebop.S01E01.1080p-Hi10p.BluRay.FLAC5.1.x264.[BD1B305A].mkv\" -t 0 -f null null"
[2026-06-12 03:46:36.947 +00:00] [INF] [27] MediaBrowser.MediaEncoding.Attachments.AttachmentExtractor: ffmpeg attachment extraction completed for "file:\"/data/tvshows/Cowboy Bebop/Cowboy.Bebop.S01E01.1080p-Hi10p.BluRay.FLAC5.1.x264.[BD1B305A].mkv\"" to "/config/data/data/attachments/1a/1a126f70-0d75-d42c-ea6f-55d978d56dcf/rough_typewriter.otf"
[2026-06-12 03:46:36.947 +00:00] [INF] [26] MediaBrowser.MediaEncoding.Attachments.AttachmentExtractor: "/usr/lib/jellyfin-ffmpeg/ffmpeg" "-dump_attachment:10 \"/config/data/data/attachments/1a/1a126f70-0d75-d42c-ea6f-55d978d56dcf/TEMPSITC.TTF\" -i file:\"/data/tvshows/Cowboy Bebop/Cowboy.Bebop.S01E01.1080p-Hi10p.BluRay.FLAC5.1.x264.[BD1B305A].mkv\" -t 0 -f null null"
[2026-06-12 03:46:37.077 +00:00] [INF] [51] MediaBrowser.MediaEncoding.Attachments.AttachmentExtractor: ffmpeg attachment extraction completed for "file:\"/data/tvshows/Cowboy Bebop/Cowboy.Bebop.S01E01.1080p-Hi10p.BluRay.FLAC5.1.x264.[BD1B305A].mkv\"" to "/config/data/data/attachments/1a/1a126f70-0d75-d42c-ea6f-55d978d56dcf/TEMPSITC.TTF"
[2026-06-12 03:46:37.077 +00:00] [INF] [27] MediaBrowser.MediaEncoding.Attachments.AttachmentExtractor: "/usr/lib/jellyfin-ffmpeg/ffmpeg" "-dump_attachment:12 \"/config/data/data/attachments/1a/1a126f70-0d75-d42c-ea6f-55d978d56dcf/GaramondPremrPro.otf\" -i file:\"/data/tvshows/Cowboy Bebop/Cowboy.Bebop.S01E01.1080p-Hi10p.BluRay.FLAC5.1.x264.[BD1B305A].mkv\" -t 0 -f null null"
[2026-06-12 03:46:37.194 +00:00] [INF] [51] MediaBrowser.MediaEncoding.Attachments.AttachmentExtractor: ffmpeg attachment extraction completed for "file:\"/data/tvshows/Cowboy Bebop/Cowboy.Bebop.S01E01.1080p-Hi10p.BluRay.FLAC5.1.x264.[BD1B305A].mkv\"" to "/config/data/data/attachments/1a/1a126f70-0d75-d42c-ea6f-55d978d56dcf/GaramondPremrPro.otf"
[2026-06-12 03:46:37.194 +00:00] [INF] [27] MediaBrowser.MediaEncoding.Attachments.AttachmentExtractor: "/usr/lib/jellyfin-ffmpeg/ffmpeg" "-dump_attachment:9 \"/config/data/data/attachments/1a/1a126f70-0d75-d42c-ea6f-55d978d56dcf/HelveticaNeueLTCom-MdSemiExO.ttf\" -i file:\"/data/tvshows/Cowboy Bebop/Cowboy.Bebop.S01E01.1080p-Hi10p.BluRay.FLAC5.1.x264.[BD1B305A].mkv\" -t 0 -f null null"
[2026-06-12 03:46:37.302 +00:00] [INF] [28] MediaBrowser.MediaEncoding.Attachments.AttachmentExtractor: ffmpeg attachment extraction completed for "file:\"/data/tvshows/Cowboy Bebop/Cowboy.Bebop.S01E01.1080p-Hi10p.BluRay.FLAC5.1.x264.[BD1B305A].mkv\"" to "/config/data/data/attachments/1a/1a126f70-0d75-d42c-ea6f-55d978d56dcf/HelveticaNeueLTCom-MdSemiExO.ttf"
[2026-06-12 03:46:37.302 +00:00] [INF] [28] MediaBrowser.MediaEncoding.Attachments.AttachmentExtractor: "/usr/lib/jellyfin-ffmpeg/ffmpeg" "-dump_attachment:11 \"/config/data/data/attachments/1a/1a126f70-0d75-d42c-ea6f-55d978d56dcf/GaramondPremrPro-Smbd.otf\" -i file:\"/data/tvshows/Cowboy Bebop/Cowboy.Bebop.S01E01.1080p-Hi10p.BluRay.FLAC5.1.x264.[BD1B305A].mkv\" -t 0 -f null null"
[2026-06-12 03:46:37.413 +00:00] [INF] [51] MediaBrowser.MediaEncoding.Attachments.AttachmentExtractor: ffmpeg attachment extraction completed for "file:\"/data/tvshows/Cowboy Bebop/Cowboy.Bebop.S01E01.1080p-Hi10p.BluRay.FLAC5.1.x264.[BD1B305A].mkv\"" to "/config/data/data/attachments/1a/1a126f70-0d75-d42c-ea6f-55d978d56dcf/GaramondPremrPro-Smbd.otf"
[2026-06-12 03:46:37.413 +00:00] [INF] [29] MediaBrowser.MediaEncoding.Attachments.AttachmentExtractor: "/usr/lib/jellyfin-ffmpeg/ffmpeg" "-dump_attachment:14 \"/config/data/data/attachments/1a/1a126f70-0d75-d42c-ea6f-55d978d56dcf/calibri.ttf\" -i file:\"/data/tvshows/Cowboy Bebop/Cowboy.Bebop.S01E01.1080p-Hi10p.BluRay.FLAC5.1.x264.[BD1B305A].mkv\" -t 0 -f null null"
[2026-06-12 03:46:37.520 +00:00] [INF] [27] MediaBrowser.MediaEncoding.Attachments.AttachmentExtractor: ffmpeg attachment extraction completed for "file:\"/data/tvshows/Cowboy Bebop/Cowboy.Bebop.S01E01.1080p-Hi10p.BluRay.FLAC5.1.x264.[BD1B305A].mkv\"" to "/config/data/data/attachments/1a/1a126f70-0d75-d42c-ea6f-55d978d56dcf/calibri.ttf"
[2026-06-12 03:46:37.520 +00:00] [INF] [25] MediaBrowser.MediaEncoding.Attachments.AttachmentExtractor: "/usr/lib/jellyfin-ffmpeg/ffmpeg" "-dump_attachment:15 \"/config/data/data/attachments/1a/1a126f70-0d75-d42c-ea6f-55d978d56dcf/calibrii.ttf\" -i file:\"/data/tvshows/Cowboy Bebop/Cowboy.Bebop.S01E01.1080p-Hi10p.BluRay.FLAC5.1.x264.[BD1B305A].mkv\" -t 0 -f null null"
[2026-06-12 03:46:37.635 +00:00] [INF] [29] MediaBrowser.MediaEncoding.Attachments.AttachmentExtractor: ffmpeg attachment extraction completed for "file:\"/data/tvshows/Cowboy Bebop/Cowboy.Bebop.S01E01.1080p-Hi10p.BluRay.FLAC5.1.x264.[BD1B305A].mkv\"" to "/config/data/data/attachments/1a/1a126f70-0d75-d42c-ea6f-55d978d56dcf/calibrii.ttf"
[2026-06-12 03:48:02.917 +00:00] [INF] [29] MediaBrowser.MediaEncoding.Transcoding.TranscodeManager: FFmpeg exited with code 0
[2026-06-12 04:11:14.428 +00:00] [INF] [15] MediaBrowser.MediaEncoding.Transcoding.TranscodeManager: Deleting partial stream file(s) "/config/cache/transcodes/d3629a06c2906d9c28e4c0610988f423.m3u8"
[2026-06-12 04:11:14.733 +00:00] [INF] [13] Emby.Server.Implementations.Session.SessionManager: Playback stopped reported by app "Jellyfin for Tizen" "0.1.0 compiled 2026/06/07 @ 23h37 with Jellyfin" playing "Stray Dog Strut". Stopped at "1483242" ms
[2026-06-12 04:11:14.960 +00:00] [INF] [24] Jellyfin.Api.Helpers.MediaInfoHelper: User policy for "mawk2311". EnablePlaybackRemuxing: True EnableVideoPlaybackTranscoding: True EnableAudioPlaybackTranscoding: True
[2026-06-12 04:11:15.390 +00:00] [INF] [24] MediaBrowser.MediaEncoding.Transcoding.TranscodeManager: "/usr/lib/jellyfin-ffmpeg/ffmpeg" "-analyzeduration 200M -probesize 1G  -i file:\"/data/tvshows/Cowboy Bebop/Cowboy.Bebop.S01E02.1080p-Hi10p.BluRay.FLAC5.1.x264.[B2835F83].mkv\" -map_metadata -1 -map_chapters -1 -threads 0 -map 0:0 -map 0:1 -map -0:s -codec:v:0 libx264 -preset veryfast -crf 23 -maxrate 14034805 -bufsize 28069610 -profile:v:0 high -level 50 -x264opts:0 subme=0:me_range=16:rc_lookahead=10:me=hex:open_gop=0 -force_key_frames:0 \"expr:gte(t,n_forced*3)\" -sc_threshold:v:0 0 -vf \"setparams=color_primaries=bt709:color_trc=bt709:colorspace=bt709,scale=trunc(min(max(iw\,ih*a)\,min(1448\,1080*a))/2)*2:trunc(min(max(iw/a\,ih)\,min(1448/a\,1080))/2)*2,format=yuv420p\" -codec:a:0 libfdk_aac -ac 6 -ab 640000 -copyts -avoid_negative_ts disabled -max_muxing_queue_size 2048 -f hls -max_delay 5000000 -hls_time 3 -hls_segment_type mpegts -start_number 0 -hls_segment_filename \"/config/cache/transcodes/0f0686e9019f9b5793732f82426981a2%d.ts\" -hls_playlist_type vod -hls_list_size 0 -y \"/config/cache/transcodes/0f0686e9019f9b5793732f82426981a2.m3u8\""
[2026-06-12 04:11:16.014 +00:00] [INF] [25] Emby.Server.Implementations.Session.SessionManager: Playback stopped reported by app "Jellyfin for Tizen" "0.1.0 compiled 2026/06/07 @ 23h37 with Jellyfin" playing "Stray Dog Strut". Stopped at "1483242" ms
[2026-06-12 04:11:17.780 +00:00] [INF] [15] MediaBrowser.MediaEncoding.Subtitles.SubtitleEncoder: "/usr/lib/jellyfin-ffmpeg/ffmpeg" "-i file:\"/data/tvshows/Cowboy Bebop/Cowboy.Bebop.S01E02.1080p-Hi10p.BluRay.FLAC5.1.x264.[B2835F83].mkv\" -map 0:3 -an -vn -c:s copy -flush_packets 1 \"/config/data/data/subtitles/3c/3c119baf-d0bc-85b7-f1c7-882be8f14c04/3.ass\" -map 0:4 -an -vn -c:s copy -flush_packets 1 \"/config/data/data/subtitles/3c/3c119baf-d0bc-85b7-f1c7-882be8f14c04/4.ass\""
[2026-06-12 04:11:19.963 +00:00] [INF] [25] MediaBrowser.MediaEncoding.Subtitles.SubtitleEncoder: Setting ass font within "/config/data/data/subtitles/3c/3c119baf-d0bc-85b7-f1c7-882be8f14c04/3.ass"
[2026-06-12 04:11:19.963 +00:00] [INF] [25] MediaBrowser.MediaEncoding.Subtitles.SubtitleEncoder: ffmpeg subtitle extraction completed for "file:\"/data/tvshows/Cowboy Bebop/Cowboy.Bebop.S01E02.1080p-Hi10p.BluRay.FLAC5.1.x264.[B2835F83].mkv\"" to "/config/data/data/subtitles/3c/3c119baf-d0bc-85b7-f1c7-882be8f14c04/3.ass"
[2026-06-12 04:11:19.963 +00:00] [INF] [25] MediaBrowser.MediaEncoding.Subtitles.SubtitleEncoder: Setting ass font within "/config/data/data/subtitles/3c/3c119baf-d0bc-85b7-f1c7-882be8f14c04/4.ass"
[2026-06-12 04:11:19.963 +00:00] [INF] [25] MediaBrowser.MediaEncoding.Subtitles.SubtitleEncoder: ffmpeg subtitle extraction completed for "file:\"/data/tvshows/Cowboy Bebop/Cowboy.Bebop.S01E02.1080p-Hi10p.BluRay.FLAC5.1.x264.[B2835F83].mkv\"" to "/config/data/data/subtitles/3c/3c119baf-d0bc-85b7-f1c7-882be8f14c04/4.ass"
[2026-06-12 04:11:20.061 +00:00] [INF] [24] MediaBrowser.MediaEncoding.Attachments.AttachmentExtractor: "/usr/lib/jellyfin-ffmpeg/ffmpeg" "-dump_attachment:5 \"/config/data/data/attachments/3c/3c119baf-d0bc-85b7-f1c7-882be8f14c04/HelveticaNeueLTCom-MdSemiEx.ttf\" -i file:\"/data/tvshows/Cowboy Bebop/Cowboy.Bebop.S01E02.1080p-Hi10p.BluRay.FLAC5.1.x264.[B2835F83].mkv\" -t 0 -f null null"
[2026-06-12 04:11:20.178 +00:00] [INF] [53] MediaBrowser.MediaEncoding.Attachments.AttachmentExtractor: ffmpeg attachment extraction completed for "file:\"/data/tvshows/Cowboy Bebop/Cowboy.Bebop.S01E02.1080p-Hi10p.BluRay.FLAC5.1.x264.[B2835F83].mkv\"" to "/config/data/data/attachments/3c/3c119baf-d0bc-85b7-f1c7-882be8f14c04/HelveticaNeueLTCom-MdSemiEx.ttf"
[2026-06-12 04:11:20.178 +00:00] [INF] [53] MediaBrowser.MediaEncoding.Attachments.AttachmentExtractor: "/usr/lib/jellyfin-ffmpeg/ffmpeg" "-dump_attachment:7 \"/config/data/data/attachments/3c/3c119baf-d0bc-85b7-f1c7-882be8f14c04/TEMPSITC.TTF\" -i file:\"/data/tvshows/Cowboy Bebop/Cowboy.Bebop.S01E02.1080p-Hi10p.BluRay.FLAC5.1.x264.[B2835F83].mkv\" -t 0 -f null null"
[2026-06-12 04:11:20.290 +00:00] [INF] [25] MediaBrowser.MediaEncoding.Attachments.AttachmentExtractor: ffmpeg attachment extraction completed for "file:\"/data/tvshows/Cowboy Bebop/Cowboy.Bebop.S01E02.1080p-Hi10p.BluRay.FLAC5.1.x264.[B2835F83].mkv\"" to "/config/data/data/attachments/3c/3c119baf-d0bc-85b7-f1c7-882be8f14c04/TEMPSITC.TTF"
[2026-06-12 04:11:20.290 +00:00] [INF] [25] MediaBrowser.MediaEncoding.Attachments.AttachmentExtractor: "/usr/lib/jellyfin-ffmpeg/ffmpeg" "-dump_attachment:6 \"/config/data/data/attachments/3c/3c119baf-d0bc-85b7-f1c7-882be8f14c04/HelveticaNeueLTCom-MdSemiExO.ttf\" -i file:\"/data/tvshows/Cowboy Bebop/Cowboy.Bebop.S01E02.1080p-Hi10p.BluRay.FLAC5.1.x264.[B2835F83].mkv\" -t 0 -f null null"
[2026-06-12 04:11:20.401 +00:00] [INF] [25] MediaBrowser.MediaEncoding.Attachments.AttachmentExtractor: ffmpeg attachment extraction completed for "file:\"/data/tvshows/Cowboy Bebop/Cowboy.Bebop.S01E02.1080p-Hi10p.BluRay.FLAC5.1.x264.[B2835F83].mkv\"" to "/config/data/data/attachments/3c/3c119baf-d0bc-85b7-f1c7-882be8f14c04/HelveticaNeueLTCom-MdSemiExO.ttf"
[2026-06-12 04:11:20.402 +00:00] [INF] [25] MediaBrowser.MediaEncoding.Attachments.AttachmentExtractor: "/usr/lib/jellyfin-ffmpeg/ffmpeg" "-dump_attachment:8 \"/config/data/data/attachments/3c/3c119baf-d0bc-85b7-f1c7-882be8f14c04/GaramondPremrPro-Smbd.otf\" -i file:\"/data/tvshows/Cowboy Bebop/Cowboy.Bebop.S01E02.1080p-Hi10p.BluRay.FLAC5.1.x264.[B2835F83].mkv\" -t 0 -f null null"
[2026-06-12 04:11:20.507 +00:00] [INF] [24] MediaBrowser.MediaEncoding.Attachments.AttachmentExtractor: ffmpeg attachment extraction completed for "file:\"/data/tvshows/Cowboy Bebop/Cowboy.Bebop.S01E02.1080p-Hi10p.BluRay.FLAC5.1.x264.[B2835F83].mkv\"" to "/config/data/data/attachments/3c/3c119baf-d0bc-85b7-f1c7-882be8f14c04/GaramondPremrPro-Smbd.otf"
[2026-06-12 04:11:20.508 +00:00] [INF] [53] MediaBrowser.MediaEncoding.Attachments.AttachmentExtractor: "/usr/lib/jellyfin-ffmpeg/ffmpeg" "-dump_attachment:9 \"/config/data/data/attachments/3c/3c119baf-d0bc-85b7-f1c7-882be8f14c04/GaramondPremrPro.otf\" -i file:\"/data/tvshows/Cowboy Bebop/Cowboy.Bebop.S01E02.1080p-Hi10p.BluRay.FLAC5.1.x264.[B2835F83].mkv\" -t 0 -f null null"
[2026-06-12 04:11:20.614 +00:00] [INF] [15] MediaBrowser.MediaEncoding.Attachments.AttachmentExtractor: ffmpeg attachment extraction completed for "file:\"/data/tvshows/Cowboy Bebop/Cowboy.Bebop.S01E02.1080p-Hi10p.BluRay.FLAC5.1.x264.[B2835F83].mkv\"" to "/config/data/data/attachments/3c/3c119baf-d0bc-85b7-f1c7-882be8f14c04/GaramondPremrPro.otf"
[2026-06-12 04:11:20.615 +00:00] [INF] [15] MediaBrowser.MediaEncoding.Attachments.AttachmentExtractor: "/usr/lib/jellyfin-ffmpeg/ffmpeg" "-dump_attachment:10 \"/config/data/data/attachments/3c/3c119baf-d0bc-85b7-f1c7-882be8f14c04/rough_typewriter.otf\" -i file:\"/data/tvshows/Cowboy Bebop/Cowboy.Bebop.S01E02.1080p-Hi10p.BluRay.FLAC5.1.x264.[B2835F83].mkv\" -t 0 -f null null"
[2026-06-12 04:11:20.722 +00:00] [INF] [15] MediaBrowser.MediaEncoding.Attachments.AttachmentExtractor: ffmpeg attachment extraction completed for "file:\"/data/tvshows/Cowboy Bebop/Cowboy.Bebop.S01E02.1080p-Hi10p.BluRay.FLAC5.1.x264.[B2835F83].mkv\"" to "/config/data/data/attachments/3c/3c119baf-d0bc-85b7-f1c7-882be8f14c04/rough_typewriter.otf"
[2026-06-12 04:11:20.723 +00:00] [INF] [25] MediaBrowser.MediaEncoding.Attachments.AttachmentExtractor: "/usr/lib/jellyfin-ffmpeg/ffmpeg" "-dump_attachment:11 \"/config/data/data/attachments/3c/3c119baf-d0bc-85b7-f1c7-882be8f14c04/calibri.ttf\" -i file:\"/data/tvshows/Cowboy Bebop/Cowboy.Bebop.S01E02.1080p-Hi10p.BluRay.FLAC5.1.x264.[B2835F83].mkv\" -t 0 -f null null"
[2026-06-12 04:11:20.822 +00:00] [INF] [13] MediaBrowser.MediaEncoding.Attachments.AttachmentExtractor: ffmpeg attachment extraction completed for "file:\"/data/tvshows/Cowboy Bebop/Cowboy.Bebop.S01E02.1080p-Hi10p.BluRay.FLAC5.1.x264.[B2835F83].mkv\"" to "/config/data/data/attachments/3c/3c119baf-d0bc-85b7-f1c7-882be8f14c04/calibri.ttf"
[2026-06-12 04:11:20.823 +00:00] [INF] [13] MediaBrowser.MediaEncoding.Attachments.AttachmentExtractor: "/usr/lib/jellyfin-ffmpeg/ffmpeg" "-dump_attachment:12 \"/config/data/data/attachments/3c/3c119baf-d0bc-85b7-f1c7-882be8f14c04/calibrii.ttf\" -i file:\"/data/tvshows/Cowboy Bebop/Cowboy.Bebop.S01E02.1080p-Hi10p.BluRay.FLAC5.1.x264.[B2835F83].mkv\" -t 0 -f null null"
[2026-06-12 04:11:20.919 +00:00] [INF] [53] MediaBrowser.MediaEncoding.Attachments.AttachmentExtractor: ffmpeg attachment extraction completed for "file:\"/data/tvshows/Cowboy Bebop/Cowboy.Bebop.S01E02.1080p-Hi10p.BluRay.FLAC5.1.x264.[B2835F83].mkv\"" to "/config/data/data/attachments/3c/3c119baf-d0bc-85b7-f1c7-882be8f14c04/calibrii.ttf"
[2026-06-12 04:12:39.848 +00:00] [INF] [15] MediaBrowser.MediaEncoding.Transcoding.TranscodeManager: FFmpeg exited with code 0
[2026-06-12 04:33:51.556 +00:00] [INF] [26] MediaBrowser.MediaEncoding.Transcoding.TranscodeManager: Deleting partial stream file(s) "/config/cache/transcodes/0f0686e9019f9b5793732f82426981a2.m3u8"
[2026-06-12 04:33:53.102 +00:00] [INF] [26] Emby.Server.Implementations.Session.SessionManager: Playback stopped reported by app "Jellyfin for Tizen" "0.1.0 compiled 2026/06/07 @ 23h37 with Jellyfin" playing "Honky Tonk Women". Stopped at "1336200" ms
[2026-06-12 04:34:24.101 +00:00] [WRN] [16] Emby.Server.Implementations.HttpServer.WebSocketConnection: WS "172.20.0.5" error receiving data: "The remote party closed the WebSocket connection without completing the close handshake."
[2026-06-12 04:34:24.108 +00:00] [INF] [16] Emby.Server.Implementations.HttpServer.WebSocketManager: WS "::ffff:172.20.0.5" closed
[2026-06-12 14:02:52.944 +00:00] [INF] [1] Emby.Server.Implementations.AppBase.BaseConfigurationManager: Setting cache path: "/config/cache"
[2026-06-12 14:02:53.156 +00:00] [INF] [7] Jellyfin.Server.ServerSetupApp.SetupServer: Kestrel is listening on "all interfaces"
[2026-06-12 14:02:53.176 +00:00] [INF] [7] Main: Jellyfin version: "10.11.9"
[2026-06-12 14:02:53.178 +00:00] [INF] [7] Main: Environment Variables: ["[JELLYFIN_WEB_DIR, /usr/share/jellyfin/web]", "[JELLYFIN_CONFIG_DIR, /config]", "[JELLYFIN_DATA_DIR, /config/data]", "[JELLYFIN_CACHE_DIR, /config/cache]", "[JELLYFIN_LOG_DIR, /config/log]"]
[2026-06-12 14:02:53.179 +00:00] [INF] [7] Main: Arguments: ["/usr/lib/jellyfin/bin/jellyfin.dll", "--ffmpeg=/usr/lib/jellyfin-ffmpeg/ffmpeg"]
[2026-06-12 14:02:53.180 +00:00] [INF] [7] Main: Operating system: "Ubuntu 24.04.4 LTS"
[2026-06-12 14:02:53.180 +00:00] [INF] [7] Main: Architecture: X64
[2026-06-12 14:02:53.180 +00:00] [INF] [7] Main: 64-Bit Process: True
[2026-06-12 14:02:53.180 +00:00] [INF] [7] Main: User Interactive: True
[2026-06-12 14:02:53.180 +00:00] [INF] [7] Main: Processor count: 16
[2026-06-12 14:02:53.180 +00:00] [INF] [7] Main: Program data path: "/config/data"
[2026-06-12 14:02:53.180 +00:00] [INF] [7] Main: Log directory path: "/config/log"
[2026-06-12 14:02:53.180 +00:00] [INF] [7] Main: Config directory path: "/config"
[2026-06-12 14:02:53.180 +00:00] [INF] [7] Main: Cache path: "/config/cache"
[2026-06-12 14:02:53.180 +00:00] [INF] [7] Main: Temp directory path: "/tmp/jellyfin"
[2026-06-12 14:02:53.180 +00:00] [INF] [7] Main: Web resources path: "/usr/share/jellyfin/web"
[2026-06-12 14:02:53.180 +00:00] [INF] [7] Main: Application directory: "/usr/lib/jellyfin/bin/"
[2026-06-12 14:02:53.189 +00:00] [INF] [7] Jellyfin.Server.Startup: Storage path `"/config/data/data"` (Fixed) successfully checked with "1.4TiB" free which is over the minimum of "2GiB".
[2026-06-12 14:02:53.189 +00:00] [INF] [7] Jellyfin.Server.Startup: Storage path `"/config/cache"` (Fixed) successfully checked with "1.4TiB" free which is over the minimum of "2GiB".
[2026-06-12 14:02:53.190 +00:00] [INF] [7] Jellyfin.Server.Startup: Storage path `"/config/data"` (Fixed) successfully checked with "1.4TiB" free which is over the minimum of "2GiB".
[2026-06-12 14:02:53.192 +00:00] [INF] [7] Emby.Server.Implementations.AppBase.BaseConfigurationManager: Setting cache path: "/config/cache"
[2026-06-12 14:02:53.251 +00:00] [INF] [7] Jellyfin.Database.Providers.Sqlite.SqliteDatabaseProvider: SQLite connection string: "Data Source=/config/data/data/jellyfin.db;Cache=Default;Default Timeout=30;Pooling=True"
[2026-06-12 14:02:53.255 +00:00] [INF] [7] Jellyfin.Database.Providers.Sqlite.SqliteDatabaseProvider: SQLITE connection pragma command set to: 
"PRAGMA locking_mode=NORMAL;
PRAGMA journal_size_limit=134217728;
PRAGMA synchronous=1;
PRAGMA temp_store=2;
"
[2026-06-12 14:02:53.256 +00:00] [INF] [7] Jellyfin.Database.Implementations.Locking.NoLockBehavior: The database locking mode has been set to: NoLock.
[2026-06-12 14:02:53.281 +00:00] [INF] [7] Jellyfin.Server.Migrations.JellyfinMigrationService: Initialise Migration service.
[2026-06-12 14:02:53.529 +00:00] [WRN] [10] Microsoft.Extensions.Diagnostics.HealthChecks.DefaultHealthCheckService: Health check "StartupCheck" with status Degraded completed after 0.5386ms with message '"Server is still starting up."'
[2026-06-12 14:02:53.917 +00:00] [INF] [7] Jellyfin.Server.Migrations.JellyfinMigrationService: There are 0 migrations for stage PreInitialisation.
[2026-06-12 14:02:53.924 +00:00] [INF] [7] Emby.Server.Implementations.AppBase.BaseConfigurationManager: Setting cache path: "/config/cache"
[2026-06-12 14:02:53.957 +00:00] [INF] [7] Emby.Server.Implementations.ApplicationHost: Loading assemblies
[2026-06-12 14:02:53.988 +00:00] [INF] [7] Jellyfin.Networking.Manager.NetworkManager: Defined LAN subnets: ["::1/128", "fe80::/10", "fc00::/7", "127.0.0.1/8", "10.0.0.0/8", "172.16.0.0/12", "192.168.0.0/16"]
[2026-06-12 14:02:53.988 +00:00] [INF] [7] Jellyfin.Networking.Manager.NetworkManager: Defined LAN exclusions: []
[2026-06-12 14:02:53.988 +00:00] [INF] [7] Jellyfin.Networking.Manager.NetworkManager: Used LAN subnets: ["::1/128", "fe80::/10", "fc00::/7", "127.0.0.1/8", "10.0.0.0/8", "172.16.0.0/12", "192.168.0.0/16"]
[2026-06-12 14:02:53.988 +00:00] [INF] [7] Jellyfin.Networking.Manager.NetworkManager: Filtered interface addresses: []
[2026-06-12 14:02:53.989 +00:00] [INF] [7] Jellyfin.Networking.Manager.NetworkManager: Bind Addresses ["::"]
[2026-06-12 14:02:53.989 +00:00] [INF] [7] Jellyfin.Networking.Manager.NetworkManager: Remote IP filter is "Allowlist"
[2026-06-12 14:02:53.989 +00:00] [INF] [7] Jellyfin.Networking.Manager.NetworkManager: Filtered subnets: []
[2026-06-12 14:02:54.089 +00:00] [INF] [7] Jellyfin.Database.Providers.Sqlite.SqliteDatabaseProvider: SQLite connection string: "Data Source=/config/data/data/jellyfin.db;Cache=Default;Default Timeout=30;Pooling=True"
[2026-06-12 14:02:54.089 +00:00] [INF] [7] Jellyfin.Database.Providers.Sqlite.SqliteDatabaseProvider: SQLITE connection pragma command set to: 
"PRAGMA locking_mode=NORMAL;
PRAGMA journal_size_limit=134217728;
PRAGMA synchronous=1;
PRAGMA temp_store=2;
"
[2026-06-12 14:02:54.089 +00:00] [INF] [7] Jellyfin.Database.Implementations.Locking.NoLockBehavior: The database locking mode has been set to: NoLock.
[2026-06-12 14:02:54.092 +00:00] [INF] [7] Main: Prepare system for possible migrations
[2026-06-12 14:02:54.111 +00:00] [INF] [7] Jellyfin.Server.Migrations.JellyfinMigrationService: There are 0 migrations for stage CoreInitialisation.
[2026-06-12 14:02:54.227 +00:00] [INF] [7] Emby.Server.Implementations.Plugins.PluginManager: Loaded plugin: "TMDb" "10.11.9.0"
[2026-06-12 14:02:54.227 +00:00] [INF] [7] Emby.Server.Implementations.Plugins.PluginManager: Loaded plugin: "Studio Images" "10.11.9.0"
[2026-06-12 14:02:54.227 +00:00] [INF] [7] Emby.Server.Implementations.Plugins.PluginManager: Loaded plugin: "OMDb" "10.11.9.0"
[2026-06-12 14:02:54.235 +00:00] [INF] [7] Emby.Server.Implementations.Plugins.PluginManager: Loaded plugin: "MusicBrainz" "10.11.9.0"
[2026-06-12 14:02:54.235 +00:00] [INF] [7] Emby.Server.Implementations.Plugins.PluginManager: Loaded plugin: "AudioDB" "10.11.9.0"
[2026-06-12 14:02:54.271 +00:00] [INF] [7] Jellyfin.Server.Migrations.JellyfinMigrationService: There are 0 migrations for stage AppInitialisation.
[2026-06-12 14:02:54.496 +00:00] [INF] [7] Main: Kestrel is listening on "all interfaces"
[2026-06-12 14:02:55.057 +00:00] [WRN] [7] Microsoft.AspNetCore.StaticFiles.StaticFileMiddleware: The WebRootPath was not found: "/run/s6-rc:s6-rc-init:Ofchmi/servicedirs/svc-jellyfin/wwwroot". Static files may be unavailable.
[2026-06-12 14:02:55.078 +00:00] [INF] [7] Emby.Server.Implementations.ApplicationHost: Running startup tasks
[2026-06-12 14:02:55.078 +00:00] [INF] [10] Emby.Server.Implementations.IO.LibraryMonitor: Watching directory "/data/movies"
[2026-06-12 14:02:55.078 +00:00] [INF] [15] Emby.Server.Implementations.IO.LibraryMonitor: Watching directory "/data/tvshows"
[2026-06-12 14:02:55.090 +00:00] [INF] [7] Emby.Server.Implementations.ScheduledTasks.TaskManager: Daily trigger for "Generate Trickplay Images" set to fire at 2026-06-13 03:00:00.000 +00:00, which is 12:57:04.9093034 from now.
[2026-06-12 14:02:55.095 +00:00] [INF] [7] Emby.Server.Implementations.ScheduledTasks.TaskManager: Daily trigger for "Extract Chapter Images" set to fire at 2026-06-13 02:00:00.000 +00:00, which is 11:57:04.9049886 from now.
[2026-06-12 14:02:55.163 +00:00] [INF] [7] MediaBrowser.MediaEncoding.Encoder.MediaEncoder: Found ffmpeg version "7.1.3"
[2026-06-12 14:02:55.188 +00:00] [INF] [7] MediaBrowser.MediaEncoding.Encoder.MediaEncoder: Available "decoders": ["libdav1d", "av1", "av1_cuvid", "av1_qsv", "h264", "h264_qsv", "h264_cuvid", "hevc", "hevc_qsv", "hevc_cuvid", "mpeg2video", "mpeg2_qsv", "mpeg2_cuvid", "mpeg4", "mpeg4_cuvid", "msmpeg4", "vc1_qsv", "vc1_cuvid", "vp8", "libvpx", "vp8_cuvid", "vp8_qsv", "vp9", "libvpx-vp9", "vp9_cuvid", "vp9_qsv", "aac", "ac3", "ac4", "dca", "flac", "mp3", "truehd"]
[2026-06-12 14:02:55.198 +00:00] [INF] [7] MediaBrowser.MediaEncoding.Encoder.MediaEncoder: Available "encoders": ["libsvtav1", "av1_nvenc", "av1_qsv", "av1_amf", "av1_vaapi", "libx264", "h264_amf", "h264_nvenc", "h264_qsv", "h264_v4l2m2m", "h264_vaapi", "libx265", "hevc_amf", "hevc_nvenc", "hevc_qsv", "hevc_vaapi", "mjpeg_qsv", "mjpeg_vaapi", "aac", "libfdk_aac", "ac3", "alac", "dca", "flac", "libmp3lame", "libopus", "truehd", "libvorbis", "srt"]
[2026-06-12 14:02:55.209 +00:00] [INF] [7] MediaBrowser.MediaEncoding.Encoder.MediaEncoder: Available filters: ["bwdif_cuda", "bwdif_opencl", "deinterlace_qsv", "deinterlace_vaapi", "flip_vulkan", "hwupload_cuda", "hwupload_vaapi", "libplacebo", "overlay_opencl", "overlay_qsv", "overlay_vaapi", "overlay_vulkan", "overlay_cuda", "procamp_vaapi", "scale_cuda", "scale_opencl", "scale_qsv", "scale_vaapi", "scale_vulkan", "tonemapx", "tonemap_cuda", "tonemap_opencl", "tonemap_vaapi", "transpose_cuda", "transpose_opencl", "transpose_vaapi", "transpose_vulkan", "vpp_qsv", "yadif_cuda", "yadif_opencl", "zscale", "alphasrc"]
[2026-06-12 14:02:55.352 +00:00] [INF] [7] MediaBrowser.MediaEncoding.Encoder.MediaEncoder: Available hwaccel types: ["cuda", "vaapi", "qsv", "drm", "opencl", "vulkan"]
[2026-06-12 14:02:56.835 +00:00] [INF] [7] MediaBrowser.MediaEncoding.Encoder.MediaEncoder: FFmpeg: "/usr/lib/jellyfin-ffmpeg/ffmpeg"
[2026-06-12 14:02:56.836 +00:00] [INF] [7] Emby.Server.Implementations.ApplicationHost: ServerId: "9428856269df4b7584b43a264088e862"
[2026-06-12 14:02:56.836 +00:00] [INF] [7] Emby.Server.Implementations.ApplicationHost: Core startup complete
[2026-06-12 14:02:56.836 +00:00] [INF] [7] Main: Startup complete 0:00:04.1937004
[2026-06-12 14:02:58.117 +00:00] [INF] [15] Emby.Server.Implementations.ScheduledTasks.TaskManager: "Clean Transcode Directory" Completed after 0 minute(s) and 0 seconds
[2026-06-12 14:02:58.136 +00:00] [INF] [13] Emby.Server.Implementations.ScheduledTasks.TaskManager: "Clean up collections and playlists" Completed after 0 minute(s) and 0 seconds
[2026-06-12 14:02:58.909 +00:00] [INF] [13] Emby.Server.Implementations.ScheduledTasks.TaskManager: "Update Plugins" Completed after 0 minute(s) and 0 seconds
[2026-06-12 20:03:54.640 +00:00] [INF] [29] Emby.Server.Implementations.ScheduledTasks.Tasks.OptimizeDatabaseTask: Optimizing and vacuuming jellyfin.db...
[2026-06-12 20:03:54.717 +00:00] [INF] [29] Jellyfin.Database.Providers.Sqlite.SqliteDatabaseProvider: jellyfin.db optimized successfully!
[2026-06-12 20:03:54.718 +00:00] [INF] [29] Emby.Server.Implementations.ScheduledTasks.TaskManager: "Optimize database" Completed after 0 minute(s) and 0 seconds
