2026-06-14T22:41:40.343Z [info]: Commit Tag: e4ee71ae459cd45b66ad59b4b90c01e102e28e49 
2026-06-14T22:41:40.803Z [info]: Starting Seerr version 3.2.0 
2026-06-14T22:41:41.503Z [debug][Settings Migrator]: Checking migration '0001_migrate_hostname.js'... 
2026-06-14T22:41:41.505Z [debug][Settings Migrator]: Checking migration '0002_migrate_apitokens.js'... 
2026-06-14T22:41:41.506Z [debug][Settings Migrator]: Checking migration '0003_emby_media_server_type.js'... 
2026-06-14T22:41:41.507Z [debug][Settings Migrator]: Checking migration '0004_migrate_region_setting.js'... 
2026-06-14T22:41:41.507Z [debug][Settings Migrator]: Checking migration '0005_migrate_network_settings.js'... 
2026-06-14T22:41:41.508Z [debug][Settings Migrator]: Checking migration '0006_remove_lunasea.js'... 
2026-06-14T22:41:41.508Z [debug][Settings Migrator]: Checking migration '0007_migrate_arr_tags.js'... 
2026-06-14T22:41:41.510Z [debug][Settings Migrator]: Checking migration '0008_migrate_blacklist_to_blocklist.js'... 
2026-06-14T22:41:41.524Z [info][Notifications]: Registered notification agents 
2026-06-14T22:41:41.577Z [info][Jobs]: Scheduled jobs loaded 
2026-06-14T22:41:41.679Z [info][Server]: Server ready on port 5055 
2026-06-14T22:42:00.009Z [debug][Jobs]: Starting scheduled job: Download Sync 
2026-06-14T22:43:00.027Z [debug][Jobs]: Starting scheduled job: Download Sync 
2026-06-14T22:44:00.031Z [debug][Jobs]: Starting scheduled job: Download Sync 
2026-06-14T22:45:00.031Z [debug][Jobs]: Starting scheduled job: Download Sync 
2026-06-14T22:45:00.033Z [info][Jobs]: Starting scheduled job: Jellyfin Recently Added Scan 
2026-06-14T22:45:00.033Z [info][Jellyfin Sync]: Scan starting {"sessionId":"c873321c-49fb-40d2-b2c3-cb0c0eab9214"}
2026-06-14T22:45:00.040Z [info][Anime-List Sync]: Downloading latest mapping file 
2026-06-14T22:45:00.390Z [info][Anime-List Sync]: Loading mapping file 
2026-06-14T22:45:00.524Z [info][Anime-List Sync]: Loaded 10692 AniDB items from mapping file 
2026-06-14T22:45:00.524Z [info][Jellyfin Sync]: Beginning to process recently added for library: Movies 
2026-06-14T22:45:04.547Z [info][Jellyfin Sync]: Beginning to process recently added for library: Shows 
2026-06-14T22:45:08.560Z [info][Jellyfin Sync]: Recently Added Scan Complete 
2026-06-14T22:46:00.030Z [debug][Jobs]: Starting scheduled job: Download Sync 
2026-06-14T22:47:00.029Z [debug][Jobs]: Starting scheduled job: Download Sync 
2026-06-14T22:48:00.029Z [debug][Jobs]: Starting scheduled job: Download Sync 
2026-06-14T22:49:00.020Z [debug][Jobs]: Starting scheduled job: Download Sync 
2026-06-14T22:50:00.023Z [debug][Jobs]: Starting scheduled job: Download Sync 
2026-06-14T22:50:00.026Z [info][Jobs]: Starting scheduled job: Jellyfin Recently Added Scan 
2026-06-14T22:50:00.026Z [info][Jellyfin Sync]: Scan starting {"sessionId":"dba4923f-3928-470e-807b-b8f92c40d319"}
2026-06-14T22:50:00.030Z [info][Jellyfin Sync]: Beginning to process recently added for library: Movies 
2026-06-14T22:50:04.036Z [info][Jellyfin Sync]: Beginning to process recently added for library: Shows 
2026-06-14T22:50:08.049Z [info][Jellyfin Sync]: Recently Added Scan Complete 
2026-06-14T22:51:00.023Z [debug][Jobs]: Starting scheduled job: Download Sync 
2026-06-14T22:52:00.024Z [debug][Jobs]: Starting scheduled job: Download Sync 
2026-06-14T22:53:00.026Z [debug][Jobs]: Starting scheduled job: Download Sync 
2026-06-14T22:54:00.028Z [debug][Jobs]: Starting scheduled job: Download Sync 
2026-06-14T22:55:00.028Z [debug][Jobs]: Starting scheduled job: Download Sync 
2026-06-14T22:55:00.032Z [info][Jobs]: Starting scheduled job: Jellyfin Recently Added Scan 
2026-06-14T22:55:00.032Z [info][Jellyfin Sync]: Scan starting {"sessionId":"287c9407-464d-4118-a17a-fa65a5851b2e"}
2026-06-14T22:55:00.034Z [info][Jellyfin Sync]: Beginning to process recently added for library: Movies 
2026-06-14T22:55:04.043Z [info][Jellyfin Sync]: Beginning to process recently added for library: Shows 
2026-06-14T22:55:08.056Z [info][Jellyfin Sync]: Recently Added Scan Complete 
2026-06-14T22:56:00.028Z [debug][Jobs]: Starting scheduled job: Download Sync 
2026-06-14T22:57:00.028Z [debug][Jobs]: Starting scheduled job: Download Sync 
2026-06-14T22:58:00.028Z [debug][Jobs]: Starting scheduled job: Download Sync 
2026-06-14T22:59:00.006Z [debug][Jobs]: Starting scheduled job: Download Sync 
2026-06-14T23:00:00.003Z [debug][Jobs]: Starting scheduled job: Download Sync 
2026-06-14T23:00:00.006Z [info][Jobs]: Starting scheduled job: Jellyfin Recently Added Scan 
2026-06-14T23:00:00.006Z [info][Jellyfin Sync]: Scan starting {"sessionId":"5f29866d-1497-44f2-8b05-52afd42b642e"}
2026-06-14T23:00:00.009Z [info][Jellyfin Sync]: Beginning to process recently added for library: Movies 
2026-06-14T23:00:04.018Z [info][Jellyfin Sync]: Beginning to process recently added for library: Shows 
2026-06-14T23:00:08.028Z [info][Jellyfin Sync]: Recently Added Scan Complete 
2026-06-14T23:01:00.011Z [debug][Jobs]: Starting scheduled job: Download Sync 
2026-06-14T23:02:00.020Z [debug][Jobs]: Starting scheduled job: Download Sync 
2026-06-14T23:03:00.019Z [debug][Jobs]: Starting scheduled job: Download Sync 
2026-06-14T23:04:00.008Z [debug][Jobs]: Starting scheduled job: Download Sync 
2026-06-14T23:04:18.950Z [info][Notifications]: Sending notification(s) for MEDIA_AUTO_APPROVED {"subject":"One Piece (1999)"}
2026-06-14T23:04:18.956Z [info][Media Request]: Sent request to Sonarr {"requestId":29,"mediaId":22}
2026-06-14T23:04:19.404Z [error][Sonarr API]: Something went wrong while adding a series to Sonarr. {"errorMessage":"Request failed with status code 400","options":{"profileId":1,"rootFolderPath":"/downloads/tvshows","title":"One Piece","tvdbid":81797,"seasons":[1],"seasonFolder":false,"seriesType":"anime","tags":[],"monitored":true,"monitorNewItems":"all","searchNow":true},"response":[{"propertyName":"RootFolderPath","errorMessage":"Root folder '/downloads/tvshows' does not exist","attemptedValue":"/downloads/tvshows","severity":"error","errorCode":"RootFolderExistsValidator","formattedMessageArguments":[],"formattedMessagePlaceholderValues":{"path":"/downloads/tvshows","propertyName":"Root Folder Path","propertyValue":"/downloads/tvshows"}}]}
2026-06-14T23:04:19.417Z [warn][Media Request]: Something went wrong sending series request to Sonarr, marking status as FAILED {"requestId":29,"mediaId":22,"sonarrSeriesOptions":{"profileId":1,"rootFolderPath":"/downloads/tvshows","title":"One Piece","tvdbid":81797,"seasons":[1],"seasonFolder":false,"seriesType":"anime","tags":[],"monitored":true,"monitorNewItems":"all","searchNow":true}}
2026-06-14T23:04:19.421Z [info][Notifications]: Sending notification(s) for MEDIA_FAILED {"subject":"One Piece (1999)"}
2026-06-14T23:05:00.009Z [debug][Jobs]: Starting scheduled job: Download Sync 
2026-06-14T23:05:00.010Z [info][Jobs]: Starting scheduled job: Jellyfin Recently Added Scan 
2026-06-14T23:05:00.011Z [info][Jellyfin Sync]: Scan starting {"sessionId":"ae0691f7-f7eb-4cd5-925e-83588f0f70f1"}
2026-06-14T23:05:00.013Z [info][Jellyfin Sync]: Beginning to process recently added for library: Movies 
2026-06-14T23:05:04.022Z [info][Jellyfin Sync]: Beginning to process recently added for library: Shows 
2026-06-14T23:05:08.030Z [info][Jellyfin Sync]: Recently Added Scan Complete 
2026-06-14T23:06:00.002Z [debug][Jobs]: Starting scheduled job: Download Sync 
2026-06-14T23:07:00.004Z [debug][Jobs]: Starting scheduled job: Download Sync 
2026-06-14T23:07:10.236Z [info][Notifications]: Sending notification(s) for MEDIA_AUTO_APPROVED {"subject":"They Will Kill You (2026)"}
2026-06-14T23:07:10.237Z [info][Media Request]: Sent request to Radarr {"requestId":30,"mediaId":24}
2026-06-14T23:07:10.702Z [error][Radarr]: Failed to add movie to Radarr. This might happen if the movie already exists, in which case you can safely ignore this error. {"errorMessage":"Request failed with status code 400","options":{"profileId":1,"qualityProfileId":1,"rootFolderPath":"/downloads/movies","minimumAvailability":"inCinemas","title":"They Will Kill You","tmdbId":1292695,"year":2026,"monitored":true,"tags":[],"searchNow":true},"response":[{"propertyName":"RootFolderPath","errorMessage":"Root folder '/downloads/movies' does not exist","attemptedValue":"/downloads/movies","severity":"error","errorCode":"RootFolderExistsValidator","formattedMessageArguments":[],"formattedMessagePlaceholderValues":{"path":"/downloads/movies","propertyName":"Root Folder Path","propertyValue":"/downloads/movies"}}]}
2026-06-14T23:07:10.712Z [warn][Media Request]: Something went wrong sending movie request to Radarr, marking status as FAILED {"requestId":30,"mediaId":24,"radarrMovieOptions":{"profileId":1,"qualityProfileId":1,"rootFolderPath":"/downloads/movies","minimumAvailability":"inCinemas","title":"They Will Kill You","tmdbId":1292695,"year":2026,"monitored":true,"tags":[],"searchNow":true}}
2026-06-14T23:07:10.714Z [info][Notifications]: Sending notification(s) for MEDIA_FAILED {"subject":"They Will Kill You (2026)"}
2026-06-14T23:07:37.040Z [info][Notifications]: Sending notification(s) for MEDIA_AUTO_APPROVED {"subject":"Spider-Man: Into the Spider-Verse (2018)"}
2026-06-14T23:07:37.041Z [info][Media Request]: Sent request to Radarr {"requestId":31,"mediaId":25}
2026-06-14T23:07:37.103Z [error][Radarr]: Failed to add movie to Radarr. This might happen if the movie already exists, in which case you can safely ignore this error. {"errorMessage":"Request failed with status code 400","options":{"profileId":1,"qualityProfileId":1,"rootFolderPath":"/downloads/movies","minimumAvailability":"inCinemas","title":"Spider-Man: Into the Spider-Verse","tmdbId":324857,"year":2018,"monitored":true,"tags":[],"searchNow":true},"response":[{"propertyName":"RootFolderPath","errorMessage":"Root folder '/downloads/movies' does not exist","attemptedValue":"/downloads/movies","severity":"error","errorCode":"RootFolderExistsValidator","formattedMessageArguments":[],"formattedMessagePlaceholderValues":{"path":"/downloads/movies","propertyName":"Root Folder Path","propertyValue":"/downloads/movies"}}]}
2026-06-14T23:07:37.114Z [warn][Media Request]: Something went wrong sending movie request to Radarr, marking status as FAILED {"requestId":31,"mediaId":25,"radarrMovieOptions":{"profileId":1,"qualityProfileId":1,"rootFolderPath":"/downloads/movies","minimumAvailability":"inCinemas","title":"Spider-Man: Into the Spider-Verse","tmdbId":324857,"year":2018,"monitored":true,"tags":[],"searchNow":true}}
2026-06-14T23:07:37.116Z [info][Notifications]: Sending notification(s) for MEDIA_FAILED {"subject":"Spider-Man: Into the Spider-Verse (2018)"}
2026-06-14T23:07:39.517Z [info][Notifications]: Sending notification(s) for MEDIA_AUTO_APPROVED {"subject":"Spider-Man: Across the Spider-Verse (2023)"}
2026-06-14T23:07:39.518Z [info][Media Request]: Sent request to Radarr {"requestId":32,"mediaId":26}
2026-06-14T23:07:39.579Z [error][Radarr]: Failed to add movie to Radarr. This might happen if the movie already exists, in which case you can safely ignore this error. {"errorMessage":"Request failed with status code 400","options":{"profileId":1,"qualityProfileId":1,"rootFolderPath":"/downloads/movies","minimumAvailability":"inCinemas","title":"Spider-Man: Across the Spider-Verse","tmdbId":569094,"year":2023,"monitored":true,"tags":[],"searchNow":true},"response":[{"propertyName":"RootFolderPath","errorMessage":"Root folder '/downloads/movies' does not exist","attemptedValue":"/downloads/movies","severity":"error","errorCode":"RootFolderExistsValidator","formattedMessageArguments":[],"formattedMessagePlaceholderValues":{"path":"/downloads/movies","propertyName":"Root Folder Path","propertyValue":"/downloads/movies"}}]}
2026-06-14T23:07:39.589Z [warn][Media Request]: Something went wrong sending movie request to Radarr, marking status as FAILED {"requestId":32,"mediaId":26,"radarrMovieOptions":{"profileId":1,"qualityProfileId":1,"rootFolderPath":"/downloads/movies","minimumAvailability":"inCinemas","title":"Spider-Man: Across the Spider-Verse","tmdbId":569094,"year":2023,"monitored":true,"tags":[],"searchNow":true}}
2026-06-14T23:07:39.592Z [info][Notifications]: Sending notification(s) for MEDIA_FAILED {"subject":"Spider-Man: Across the Spider-Verse (2023)"}
2026-06-14T23:08:00.003Z [debug][Jobs]: Starting scheduled job: Download Sync 
2026-06-14T23:08:35.303Z [info][Notifications]: Sending notification(s) for MEDIA_AUTO_APPROVED {"subject":"Space Dandy (2014)"}
2026-06-14T23:08:35.306Z [info][Media Request]: Sent request to Sonarr {"requestId":33,"mediaId":27}
2026-06-14T23:08:35.688Z [error][Sonarr API]: Something went wrong while adding a series to Sonarr. {"errorMessage":"Request failed with status code 400","options":{"profileId":1,"rootFolderPath":"/downloads/tvshows","title":"Space Dandy","tvdbid":272849,"seasons":[1,2],"seasonFolder":false,"seriesType":"anime","tags":[],"monitored":true,"monitorNewItems":"all","searchNow":true},"response":[{"propertyName":"RootFolderPath","errorMessage":"Root folder '/downloads/tvshows' does not exist","attemptedValue":"/downloads/tvshows","severity":"error","errorCode":"RootFolderExistsValidator","formattedMessageArguments":[],"formattedMessagePlaceholderValues":{"path":"/downloads/tvshows","propertyName":"Root Folder Path","propertyValue":"/downloads/tvshows"}}]}
2026-06-14T23:08:35.699Z [warn][Media Request]: Something went wrong sending series request to Sonarr, marking status as FAILED {"requestId":33,"mediaId":27,"sonarrSeriesOptions":{"profileId":1,"rootFolderPath":"/downloads/tvshows","title":"Space Dandy","tvdbid":272849,"seasons":[1,2],"seasonFolder":false,"seriesType":"anime","tags":[],"monitored":true,"monitorNewItems":"all","searchNow":true}}
2026-06-14T23:08:35.700Z [info][Notifications]: Sending notification(s) for MEDIA_FAILED {"subject":"Space Dandy (2014)"}
2026-06-14T23:09:00.009Z [debug][Jobs]: Starting scheduled job: Download Sync 
2026-06-14T23:10:00.006Z [debug][Jobs]: Starting scheduled job: Download Sync 
2026-06-14T23:10:00.009Z [info][Jobs]: Starting scheduled job: Jellyfin Recently Added Scan 
2026-06-14T23:10:00.009Z [info][Jellyfin Sync]: Scan starting {"sessionId":"ecc4b83a-2061-445e-a44d-fe3160ea5303"}
2026-06-14T23:10:00.012Z [info][Jellyfin Sync]: Beginning to process recently added for library: Movies 
2026-06-14T23:10:04.018Z [info][Jellyfin Sync]: Beginning to process recently added for library: Shows 
2026-06-14T23:10:08.024Z [info][Jellyfin Sync]: Recently Added Scan Complete 
2026-06-14T23:11:00.008Z [debug][Jobs]: Starting scheduled job: Download Sync 
2026-06-14T23:12:00.019Z [debug][Jobs]: Starting scheduled job: Download Sync 
2026-06-14T23:13:00.013Z [debug][Jobs]: Starting scheduled job: Download Sync 
2026-06-14T23:14:00.025Z [debug][Jobs]: Starting scheduled job: Download Sync 
2026-06-14T23:15:00.009Z [debug][Jobs]: Starting scheduled job: Download Sync 
2026-06-14T23:15:00.017Z [info][Jobs]: Starting scheduled job: Jellyfin Recently Added Scan 
2026-06-14T23:15:00.017Z [info][Jellyfin Sync]: Scan starting {"sessionId":"f28b306d-8f8a-4acc-a833-471575f7988e"}
2026-06-14T23:15:00.021Z [info][Jellyfin Sync]: Beginning to process recently added for library: Movies 
2026-06-14T23:15:04.030Z [info][Jellyfin Sync]: Beginning to process recently added for library: Shows 
2026-06-14T23:15:08.039Z [info][Jellyfin Sync]: Recently Added Scan Complete 
2026-06-14T23:16:00.025Z [debug][Jobs]: Starting scheduled job: Download Sync 
2026-06-14T23:17:00.008Z [debug][Jobs]: Starting scheduled job: Download Sync 
2026-06-14T23:17:34.254Z [info][Notifications]: Sending notification(s) for MEDIA_APPROVED {"subject":"One Piece (1999)"}
2026-06-14T23:17:34.260Z [info][Media Request]: Sent request to Sonarr {"requestId":29,"mediaId":22}
2026-06-14T23:17:34.901Z [info][Sonarr]: Sonarr accepted request 
2026-06-14T23:17:34.901Z [debug][Sonarr]: Sonarr add details {"series":{"title":"One Piece","alternateTitles":[],"sortTitle":"one piece","status":"continuing","ended":false,"overview":"The adventures of Monkey D. Luffy and his pirate crew in order to find the greatest treasure ever left by the legendary Pirate, Gold Roger. The famous mystery treasure named \"One Piece\".","network":"Fuji TV","airTime":"23:15","images":[{"coverType":"banner","url":"/sonarr/MediaCover/15/banner.jpg","remoteUrl":"https://artworks.thetvdb.com/banners/graphical/81797-g2.jpg"},{"coverType":"poster","url":"/sonarr/MediaCover/15/poster.jpg","remoteUrl":"https://artworks.thetvdb.com/banners/series/81797/posters/5eec847d52a04.jpg"},{"coverType":"fanart","url":"/sonarr/MediaCover/15/fanart.jpg","remoteUrl":"https://artworks.thetvdb.com/banners/v4/series/81797/backgrounds/616009a8bd688.jpg"},{"coverType":"clearlogo","url":"/sonarr/MediaCover/15/clearlogo.png","remoteUrl":"https://artworks.thetvdb.com/banners/v4/series/81797/clearlogo/611b6189d88b6.png"}],"originalLanguage":{"id":8,"name":"Japanese"},"seasons":[{"seasonNumber":0,"monitored":false},{"seasonNumber":1,"monitored":true},{"seasonNumber":2,"monitored":false},{"seasonNumber":3,"monitored":false},{"seasonNumber":4,"monitored":false},{"seasonNumber":5,"monitored":false},{"seasonNumber":6,"monitored":false},{"seasonNumber":7,"monitored":false},{"seasonNumber":8,"monitored":false},{"seasonNumber":9,"monitored":false},{"seasonNumber":10,"monitored":false},{"seasonNumber":11,"monitored":false},{"seasonNumber":12,"monitored":false},{"seasonNumber":13,"monitored":false},{"seasonNumber":14,"monitored":false},{"seasonNumber":15,"monitored":false},{"seasonNumber":16,"monitored":false},{"seasonNumber":17,"monitored":false},{"seasonNumber":18,"monitored":false},{"seasonNumber":19,"monitored":false},{"seasonNumber":20,"monitored":false},{"seasonNumber":21,"monitored":false},{"seasonNumber":22,"monitored":false},{"seasonNumber":23,"monitored":false}],"year":1999,"path":"/data/media/tv/One Piece","qualityProfileId":1,"seasonFolder":false,"monitored":true,"monitorNewItems":"all","useSceneNumbering":false,"runtime":25,"tvdbId":81797,"tvRageId":8205,"tvMazeId":1505,"tmdbId":37854,"firstAired":"1999-10-20T00:00:00Z","lastAired":"2026-06-28T00:00:00Z","seriesType":"anime","cleanTitle":"onepiece","imdbId":"tt0388629","titleSlug":"one-piece","rootFolderPath":"/data/media/tv","certification":"TV-Y7","genres":["Action","Adventure","Animation","Anime","Comedy","Drama","Fantasy"],"tags":[],"added":"2026-06-14T23:17:34Z","addOptions":{"searchForMissingEpisodes":true,"searchForCutoffUnmetEpisodes":false,"ignoreEpisodesWithFiles":true,"ignoreEpisodesWithoutFiles":false,"monitor":"unknown"},"ratings":{"votes":355842,"value":9},"statistics":{"seasonCount":23,"episodeFileCount":0,"episodeCount":0,"totalEpisodeCount":0,"sizeOnDisk":0,"percentOfEpisodes":0},"languageProfileId":1,"id":15}}
2026-06-14T23:17:35.897Z [info][Notifications]: Sending notification(s) for MEDIA_APPROVED {"subject":"They Will Kill You (2026)"}
2026-06-14T23:17:35.898Z [info][Media Request]: Sent request to Radarr {"requestId":30,"mediaId":24}
2026-06-14T23:17:36.633Z [info][Radarr]: Radarr accepted request 
2026-06-14T23:17:36.634Z [debug][Radarr]: Radarr add details {"movie":{"title":"They Will Kill You","originalTitle":"They Will Kill You","originalLanguage":{"id":1,"name":"English"},"alternateTitles":[],"secondaryYearSourceId":0,"sortTitle":"they will kill you","sizeOnDisk":0,"status":"released","overview":"A woman answers a help wanted ad to be a housekeeper in a mysterious New York City high-rise, unaware that she is entering a community that has seen a number of disappearances over the years and may be under the grip of a Satanic cult.","inCinemas":"2026-03-25T00:00:00Z","physicalRelease":"2026-06-30T00:00:00Z","digitalRelease":"2026-04-28T00:00:00Z","releaseDate":"2026-03-25T00:00:00Z","images":[{"coverType":"poster","url":"/radarr/MediaCover/10/poster.jpg","remoteUrl":"https://image.tmdb.org/t/p/original/6oI4oQKTWMVUlr8Ivqydp28Ruu6.jpg"},{"coverType":"fanart","url":"/radarr/MediaCover/10/fanart.jpg","remoteUrl":"https://image.tmdb.org/t/p/original/qnTdOizsXBzYu3uIbfhHSfE29TE.jpg"}],"website":"https://www.warnerbros.com/movies/they-will-kill-you","year":2026,"youTubeTrailerId":"s0PGrtw0X1Q","studio":"Nocturna","path":"/data/media/movies/They Will Kill You (2026)","qualityProfileId":1,"hasFile":false,"movieFileId":0,"monitored":true,"minimumAvailability":"inCinemas","isAvailable":true,"folderName":"/data/media/movies/They Will Kill You (2026)","runtime":95,"cleanTitle":"theywillkillyou","imdbId":"tt31728330","tmdbId":1292695,"titleSlug":"1292695","rootFolderPath":"/data/media/movies","certification":"R","genres":["Horror","Comedy","Action"],"keywords":["abusive father","action horror","cult","disappearance","gore","high rise","housekeeper","manhattan, new york city","mysterious disappearance","new york city","playful","ritual","satanic cult","sister sister relationship","survival","survival horror"],"tags":[],"added":"2026-06-14T23:17:36Z","addOptions":{"searchForMovie":true,"addMethod":"manual","ignoreEpisodesWithFiles":false,"ignoreEpisodesWithoutFiles":false,"monitor":"movieOnly"},"ratings":{"imdb":{"votes":25753,"value":6.3,"type":"user"},"tmdb":{"votes":733,"value":7.05,"type":"user"},"metacritic":{"votes":0,"value":50,"type":"user"},"trakt":{"votes":3201,"value":6.69197,"type":"user"}},"popularity":43.0122,"statistics":{"movieFileCount":0,"sizeOnDisk":0,"releaseGroups":[]},"id":10}}
2026-06-14T23:17:36.759Z [info][Notifications]: Sending notification(s) for MEDIA_APPROVED {"subject":"Spider-Man: Into the Spider-Verse (2018)"}
2026-06-14T23:17:36.759Z [info][Media Request]: Sent request to Radarr {"requestId":31,"mediaId":25}
2026-06-14T23:17:37.156Z [info][Radarr]: Radarr accepted request 
2026-06-14T23:17:37.156Z [debug][Radarr]: Radarr add details {"movie":{"title":"Spider-Man: Into the Spider-Verse","originalTitle":"Spider-Man: Into the Spider-Verse","originalLanguage":{"id":1,"name":"English"},"alternateTitles":[],"secondaryYearSourceId":0,"sortTitle":"spiderman into the spiderverse","sizeOnDisk":0,"status":"released","overview":"Struggling to find his place in the world while juggling school and family, Brooklyn teenager Miles Morales is unexpectedly bitten by a radioactive spider and develops unfathomable powers just like the one and only Spider-Man. While wrestling with the implications of his new abilities, Miles discovers a super collider created by the madman Wilson \"Kingpin\" Fisk, causing others from across the Spider-Verse to be inadvertently transported to his dimension.","inCinemas":"2018-12-06T00:00:00Z","physicalRelease":"2019-03-19T00:00:00Z","digitalRelease":"2019-02-26T00:00:00Z","releaseDate":"2018-12-06T00:00:00Z","images":[{"coverType":"poster","url":"/radarr/MediaCover/11/poster.jpg","remoteUrl":"https://image.tmdb.org/t/p/original/iiZZdoQBEYBv6id8su7ImL0oCbD.jpg"},{"coverType":"fanart","url":"/radarr/MediaCover/11/fanart.jpg","remoteUrl":"https://image.tmdb.org/t/p/original/8mnXR9rey5uQ08rZAvzojKWbDQS.jpg"}],"website":"https://www.sonypictures.com/movies/spidermanintothespiderverse","year":2018,"youTubeTrailerId":"tg52up16eq0","studio":"Columbia Pictures","path":"/data/media/movies/Spider-Man - Into the Spider-Verse (2018)","qualityProfileId":1,"hasFile":false,"movieFileId":0,"monitored":true,"minimumAvailability":"inCinemas","isAvailable":true,"folderName":"/data/media/movies/Spider-Man - Into the Spider-Verse (2018)","runtime":117,"cleanTitle":"spidermanintospiderverse","imdbId":"tt4633694","tmdbId":324857,"titleSlug":"324857","rootFolderPath":"/data/media/movies","certification":"PG","genres":["Animation","Action","Adventure","Science Fiction"],"keywords":["aftercreditsstinger","alternate universe","based on comic","superhero"],"tags":[],"added":"2026-06-14T23:17:36Z","addOptions":{"searchForMovie":true,"addMethod":"manual","ignoreEpisodesWithFiles":false,"ignoreEpisodesWithoutFiles":false,"monitor":"movieOnly"},"ratings":{"imdb":{"votes":792986,"value":8.4,"type":"user"},"tmdb":{"votes":17284,"value":8.393,"type":"user"},"metacritic":{"votes":0,"value":87,"type":"user"},"rottenTomatoes":{"votes":0,"value":97,"type":"user"},"trakt":{"votes":33524,"value":8.58576,"type":"user"}},"collection":{"title":"Spider-Man: Spider-Verse Collection","tmdbId":573436},"popularity":23.3559,"statistics":{"movieFileCount":0,"sizeOnDisk":0,"releaseGroups":[]},"id":11}}
2026-06-14T23:17:37.513Z [info][Notifications]: Sending notification(s) for MEDIA_APPROVED {"subject":"Spider-Man: Across the Spider-Verse (2023)"}
2026-06-14T23:17:37.513Z [info][Media Request]: Sent request to Radarr {"requestId":32,"mediaId":26}
2026-06-14T23:17:37.845Z [info][Radarr]: Radarr accepted request 
2026-06-14T23:17:37.846Z [debug][Radarr]: Radarr add details {"movie":{"title":"Spider-Man: Across the Spider-Verse","originalTitle":"Spider-Man: Across the Spider-Verse","originalLanguage":{"id":1,"name":"English"},"alternateTitles":[],"secondaryYearSourceId":0,"sortTitle":"spiderman across the spiderverse","sizeOnDisk":0,"status":"released","overview":"After reuniting with Gwen Stacy, Brooklyn’s full-time, friendly neighborhood Spider-Man is catapulted across the Multiverse, where he encounters the Spider Society, a team of Spider-People charged with protecting the Multiverse's very existence. But when the heroes clash on how to handle a new threat, Miles finds himself pitted against the other Spiders and must set out on his own to save those he loves most.","inCinemas":"2023-05-31T00:00:00Z","physicalRelease":"2023-09-05T00:00:00Z","digitalRelease":"2023-08-08T00:00:00Z","releaseDate":"2023-05-31T00:00:00Z","images":[{"coverType":"poster","url":"/radarr/MediaCover/12/poster.jpg","remoteUrl":"https://image.tmdb.org/t/p/original/8Vt6mWEReuy4Of61Lnj5Xj704m8.jpg"},{"coverType":"fanart","url":"/radarr/MediaCover/12/fanart.jpg","remoteUrl":"https://image.tmdb.org/t/p/original/9xfDWXAUbFXQK585JvByT5pEAhe.jpg"}],"website":"https://www.sonypictures.com/movies/spidermanacrossthespiderverse","year":2023,"youTubeTrailerId":"yFrxzaBLDQM","studio":"Columbia Pictures","path":"/data/media/movies/Spider-Man - Across the Spider-Verse (2023)","qualityProfileId":1,"hasFile":false,"movieFileId":0,"monitored":true,"minimumAvailability":"inCinemas","isAvailable":true,"folderName":"/data/media/movies/Spider-Man - Across the Spider-Verse (2023)","runtime":140,"cleanTitle":"spidermanacrossspiderverse","imdbId":"tt9362722","tmdbId":569094,"titleSlug":"569094","rootFolderPath":"/data/media/movies","certification":"PG","genres":["Animation","Action","Adventure","Science Fiction"],"keywords":["alter ego","alternate dimension","alternate universe","alternate version","ambiguous","based on comic","brooklyn, new york city","chelsea","cliché","cliffhanger","double life","enthusiastic","excited","family","female superhero","hero","interdimensional travel","masked superhero","multiverse","new york city","parenting","portal","romance","sacrifice","secret identity","sequel","slow burn romance","spider bite","super power","super villain","superhero","superhero team","superhero teamup","teen social issues","teen superhero","teenage romance","vibrant","villain","young heroes"],"tags":[],"added":"2026-06-14T23:17:37Z","addOptions":{"searchForMovie":true,"addMethod":"manual","ignoreEpisodesWithFiles":false,"ignoreEpisodesWithoutFiles":false,"monitor":"movieOnly"},"ratings":{"imdb":{"votes":528636,"value":8.5,"type":"user"},"tmdb":{"votes":8659,"value":8.337,"type":"user"},"metacritic":{"votes":0,"value":86,"type":"user"},"rottenTomatoes":{"votes":0,"value":95,"type":"user"},"trakt":{"votes":22044,"value":8.58909,"type":"user"}},"collection":{"title":"Spider-Man: Spider-Verse Collection","tmdbId":573436},"popularity":26.4064,"statistics":{"movieFileCount":0,"sizeOnDisk":0,"releaseGroups":[]},"id":12}}
2026-06-14T23:17:38.252Z [info][Notifications]: Sending notification(s) for MEDIA_APPROVED {"subject":"Space Dandy (2014)"}
2026-06-14T23:17:38.254Z [info][Media Request]: Sent request to Sonarr {"requestId":33,"mediaId":27}
2026-06-14T23:17:45.360Z [info][Sonarr]: Sonarr accepted request 
2026-06-14T23:17:45.360Z [debug][Sonarr]: Sonarr add details {"series":{"title":"Space Dandy","alternateTitles":[{"title":"Space Dandy 2","sceneSeasonNumber":2},{"title":"Space Dandy","sceneSeasonNumber":1}],"sortTitle":"space dandy","status":"ended","ended":true,"overview":"Space Dandy is a dandy guy in space! This dreamy adventurer, with a to-die-for pompadour, travels across the galaxy in search of aliens no one has ever laid eyes on. Each new species he discovers earns him a hefty reward, but this dandy guy has to be quick on his feet because it’s first come – first served! Accompanied by his sidekicks, a rundown robot named QT and Meow the cat-looking space alien, Dandy bravely explores unknown worlds inhabited by a variety aliens. Join the best dressed alien hunter in all of space and time as he embarks on an adventure that ends at the edge of the universe!","network":"Adult Swim","airTime":"12:30","images":[{"coverType":"banner","url":"/sonarr/MediaCover/16/banner.jpg","remoteUrl":"https://artworks.thetvdb.com/banners/graphical/272849-g2.jpg"},{"coverType":"poster","url":"/sonarr/MediaCover/16/poster.jpg","remoteUrl":"https://artworks.thetvdb.com/banners/posters/272849-1.jpg"},{"coverType":"fanart","url":"/sonarr/MediaCover/16/fanart.jpg","remoteUrl":"https://artworks.thetvdb.com/banners/fanart/original/272849-5.jpg"},{"coverType":"clearlogo","url":"/sonarr/MediaCover/16/clearlogo.png","remoteUrl":"https://artworks.thetvdb.com/banners/v4/series/272849/clearlogo/611c50b1cbc7a.png"}],"originalLanguage":{"id":1,"name":"English"},"seasons":[{"seasonNumber":0,"monitored":false},{"seasonNumber":1,"monitored":true}],"year":2014,"path":"/data/media/tv/Space Dandy","qualityProfileId":1,"seasonFolder":false,"monitored":true,"monitorNewItems":"all","useSceneNumbering":false,"runtime":25,"tvdbId":272849,"tvRageId":37561,"tvMazeId":2062,"tmdbId":60874,"firstAired":"2014-01-04T00:00:00Z","lastAired":"2014-09-28T00:00:00Z","seriesType":"anime","cleanTitle":"spacedandy","imdbId":"tt3158246","titleSlug":"space-dandy","rootFolderPath":"/data/media/tv","certification":"TV-14","genres":["Action","Adventure","Animation","Anime","Comedy","Science Fiction"],"tags":[],"added":"2026-06-14T23:17:38Z","addOptions":{"searchForMissingEpisodes":true,"searchForCutoffUnmetEpisodes":false,"ignoreEpisodesWithFiles":true,"ignoreEpisodesWithoutFiles":false,"monitor":"unknown"},"ratings":{"votes":5316,"value":8},"statistics":{"seasonCount":1,"episodeFileCount":0,"episodeCount":0,"totalEpisodeCount":0,"sizeOnDisk":0,"percentOfEpisodes":0},"languageProfileId":1,"id":16}}
2026-06-14T23:18:00.002Z [debug][Jobs]: Starting scheduled job: Download Sync 
2026-06-14T23:19:00.009Z [debug][Jobs]: Starting scheduled job: Download Sync 
2026-06-14T23:19:31.150Z [info][Notifications]: Sending notification(s) for MEDIA_AUTO_APPROVED {"subject":"Mother Mary (2026)"}
2026-06-14T23:19:31.152Z [info][Media Request]: Sent request to Radarr {"requestId":34,"mediaId":28}
2026-06-14T23:19:31.451Z [info][Radarr]: Radarr accepted request 
2026-06-14T23:19:31.452Z [debug][Radarr]: Radarr add details {"movie":{"title":"Mother Mary","originalTitle":"Mother Mary","originalLanguage":{"id":1,"name":"English"},"alternateTitles":[],"secondaryYearSourceId":0,"sortTitle":"mother mary","sizeOnDisk":0,"status":"released","overview":"Long-buried wounds rise to the surface when iconic pop star Mother Mary reunites with her estranged best friend and former costume designer Sam Anselm on the eve of her comeback performance.","inCinemas":"2026-04-16T00:00:00Z","digitalRelease":"2026-05-19T00:00:00Z","releaseDate":"2026-04-16T00:00:00Z","images":[{"coverType":"poster","url":"/radarr/MediaCover/13/poster.jpg","remoteUrl":"https://image.tmdb.org/t/p/original/qMgUI6pxkPtIuoXX4DcJ6X7bdt2.jpg"},{"coverType":"fanart","url":"/radarr/MediaCover/13/fanart.jpg","remoteUrl":"https://image.tmdb.org/t/p/original/pRrH098VPYiUtDwKOm2mVXVQZdf.jpg"}],"website":"https://a24films.com/films/mother-mary","year":2026,"youTubeTrailerId":"aqYHOsuje1E","studio":"A24","path":"/data/media/movies/Mother Mary (2026)","qualityProfileId":1,"hasFile":false,"movieFileId":0,"monitored":true,"minimumAvailability":"inCinemas","isAvailable":true,"folderName":"/data/media/movies/Mother Mary (2026)","runtime":112,"cleanTitle":"mothermary","imdbId":"tt27200708","tmdbId":1102883,"titleSlug":"1102883","rootFolderPath":"/data/media/movies","certification":"R","genres":["Music","Drama","Thriller"],"keywords":["absurd","betrayal","dress","estranged friend","intense","old grudge","pop star","psychosexual","supernatural"],"tags":[],"added":"2026-06-14T23:19:31Z","addOptions":{"searchForMovie":true,"addMethod":"manual","ignoreEpisodesWithFiles":false,"ignoreEpisodesWithoutFiles":false,"monitor":"movieOnly"},"ratings":{"imdb":{"votes":5968,"value":5.6,"type":"user"},"tmdb":{"votes":82,"value":5.7,"type":"user"},"metacritic":{"votes":0,"value":60,"type":"user"},"trakt":{"votes":345,"value":5.72464,"type":"user"}},"popularity":10.6376,"statistics":{"movieFileCount":0,"sizeOnDisk":0,"releaseGroups":[]},"id":13}}
2026-06-14T23:20:00.003Z [debug][Jobs]: Starting scheduled job: Download Sync 
2026-06-14T23:20:00.006Z [info][Jobs]: Starting scheduled job: Jellyfin Recently Added Scan 
2026-06-14T23:20:00.007Z [info][Jellyfin Sync]: Scan starting {"sessionId":"ebe7bf14-fc6d-4d2f-858f-0d8fc87346e8"}
2026-06-14T23:20:00.011Z [info][Jellyfin Sync]: Beginning to process recently added for library: Movies 
2026-06-14T23:20:04.016Z [info][Jellyfin Sync]: Beginning to process recently added for library: Shows 
2026-06-14T23:20:08.021Z [info][Jellyfin Sync]: Recently Added Scan Complete 
2026-06-14T23:21:00.001Z [debug][Jobs]: Starting scheduled job: Download Sync 
2026-06-14T23:22:00.001Z [debug][Jobs]: Starting scheduled job: Download Sync 
