2026-06-13T00:00:00.007Z [debug][Jobs]: Starting scheduled job: Download Sync 
2026-06-13T00:00:00.021Z [info][Jobs]: Starting scheduled job: Jellyfin Recently Added Scan 
2026-06-13T00:00:00.021Z [info][Jellyfin Sync]: Scan starting {"sessionId":"82817d8a-0691-425b-bb77-cf114234f10a"}
2026-06-13T00:00:00.026Z [info][Jellyfin Sync]: Beginning to process recently added for library: Movies 
2026-06-13T00:00:04.030Z [info][Jellyfin Sync]: Beginning to process recently added for library: Shows 
2026-06-13T00:00:08.038Z [info][Jellyfin Sync]: Recently Added Scan Complete 
2026-06-13T00:01:00.009Z [debug][Jobs]: Starting scheduled job: Download Sync 
2026-06-13T00:02:00.004Z [debug][Jobs]: Starting scheduled job: Download Sync 
2026-06-13T00:03:00.008Z [debug][Jobs]: Starting scheduled job: Download Sync 
2026-06-13T00:04:00.006Z [debug][Jobs]: Starting scheduled job: Download Sync 
2026-06-13T00:05:00.005Z [debug][Jobs]: Starting scheduled job: Download Sync 
2026-06-13T00:05:00.009Z [info][Jobs]: Starting scheduled job: Jellyfin Recently Added Scan 
2026-06-13T00:05:00.009Z [info][Jellyfin Sync]: Scan starting {"sessionId":"35f10908-4b73-4476-a68f-deef779964b6"}
2026-06-13T00:05:00.011Z [info][Jellyfin Sync]: Beginning to process recently added for library: Movies 
2026-06-13T00:05:04.018Z [info][Jellyfin Sync]: Beginning to process recently added for library: Shows 
2026-06-13T00:05:08.027Z [info][Jellyfin Sync]: Recently Added Scan Complete 
2026-06-13T00:06:00.008Z [debug][Jobs]: Starting scheduled job: Download Sync 
2026-06-13T00:07:00.006Z [debug][Jobs]: Starting scheduled job: Download Sync 
2026-06-13T00:08:00.004Z [debug][Jobs]: Starting scheduled job: Download Sync 
2026-06-13T00:09:00.008Z [debug][Jobs]: Starting scheduled job: Download Sync 
2026-06-13T00:10:00.006Z [debug][Jobs]: Starting scheduled job: Download Sync 
2026-06-13T00:10:00.010Z [info][Jobs]: Starting scheduled job: Jellyfin Recently Added Scan 
2026-06-13T00:10:00.010Z [info][Jellyfin Sync]: Scan starting {"sessionId":"cab5aa15-c418-4dbc-a28d-5b531f7f40ea"}
2026-06-13T00:10:00.012Z [info][Jellyfin Sync]: Beginning to process recently added for library: Movies 
2026-06-13T00:10:04.019Z [info][Jellyfin Sync]: Beginning to process recently added for library: Shows 
2026-06-13T00:10:08.027Z [info][Jellyfin Sync]: Recently Added Scan Complete 
2026-06-13T00:11:00.005Z [debug][Jobs]: Starting scheduled job: Download Sync 
2026-06-13T00:12:00.006Z [debug][Jobs]: Starting scheduled job: Download Sync 
2026-06-13T00:13:00.005Z [debug][Jobs]: Starting scheduled job: Download Sync 
2026-06-13T00:14:00.008Z [debug][Jobs]: Starting scheduled job: Download Sync 
2026-06-13T00:15:00.005Z [debug][Jobs]: Starting scheduled job: Download Sync 
2026-06-13T00:15:00.009Z [info][Jobs]: Starting scheduled job: Jellyfin Recently Added Scan 
2026-06-13T00:15:00.009Z [info][Jellyfin Sync]: Scan starting {"sessionId":"b204f74b-6596-4e7f-8bd5-3c9c33774ef3"}
2026-06-13T00:15:00.011Z [info][Jellyfin Sync]: Beginning to process recently added for library: Movies 
2026-06-13T00:15:04.018Z [info][Jellyfin Sync]: Beginning to process recently added for library: Shows 
2026-06-13T00:15:08.025Z [info][Jellyfin Sync]: Recently Added Scan Complete 
2026-06-13T00:16:00.007Z [debug][Jobs]: Starting scheduled job: Download Sync 
2026-06-13T00:17:00.006Z [debug][Jobs]: Starting scheduled job: Download Sync 
2026-06-13T00:18:00.007Z [debug][Jobs]: Starting scheduled job: Download Sync 
2026-06-13T00:19:00.006Z [debug][Jobs]: Starting scheduled job: Download Sync 
2026-06-13T00:20:00.005Z [debug][Jobs]: Starting scheduled job: Download Sync 
2026-06-13T00:20:00.009Z [info][Jobs]: Starting scheduled job: Jellyfin Recently Added Scan 
2026-06-13T00:20:00.009Z [info][Jellyfin Sync]: Scan starting {"sessionId":"60c04fb0-1828-4cc6-9c0f-0024c7998c43"}
2026-06-13T00:20:00.011Z [info][Jellyfin Sync]: Beginning to process recently added for library: Movies 
2026-06-13T00:20:04.018Z [info][Jellyfin Sync]: Beginning to process recently added for library: Shows 
2026-06-13T00:20:08.027Z [info][Jellyfin Sync]: Recently Added Scan Complete 
2026-06-13T00:21:00.008Z [debug][Jobs]: Starting scheduled job: Download Sync 
2026-06-13T00:22:00.005Z [debug][Jobs]: Starting scheduled job: Download Sync 
2026-06-13T00:23:00.006Z [debug][Jobs]: Starting scheduled job: Download Sync 
2026-06-13T00:24:00.007Z [debug][Jobs]: Starting scheduled job: Download Sync 
2026-06-13T00:25:00.004Z [debug][Jobs]: Starting scheduled job: Download Sync 
2026-06-13T00:25:00.009Z [info][Jobs]: Starting scheduled job: Jellyfin Recently Added Scan 
2026-06-13T00:25:00.009Z [info][Jellyfin Sync]: Scan starting {"sessionId":"a06da650-836b-495e-9b27-d6f81c98f3f3"}
2026-06-13T00:25:00.011Z [info][Jellyfin Sync]: Beginning to process recently added for library: Movies 
2026-06-13T00:25:04.017Z [info][Jellyfin Sync]: Beginning to process recently added for library: Shows 
2026-06-13T00:25:08.028Z [info][Jellyfin Sync]: Recently Added Scan Complete 
2026-06-13T00:26:00.008Z [debug][Jobs]: Starting scheduled job: Download Sync 
2026-06-13T00:27:00.005Z [debug][Jobs]: Starting scheduled job: Download Sync 
2026-06-13T00:28:00.007Z [debug][Jobs]: Starting scheduled job: Download Sync 
2026-06-13T00:29:00.005Z [debug][Jobs]: Starting scheduled job: Download Sync 
2026-06-13T00:30:00.006Z [debug][Jobs]: Starting scheduled job: Download Sync 
2026-06-13T00:30:00.009Z [info][Jobs]: Starting scheduled job: Jellyfin Recently Added Scan 
2026-06-13T00:30:00.009Z [info][Jellyfin Sync]: Scan starting {"sessionId":"f53a77e8-f785-4ff0-addd-fc64f8d0786e"}
2026-06-13T00:30:00.011Z [info][Jellyfin Sync]: Beginning to process recently added for library: Movies 
2026-06-13T00:30:04.017Z [info][Jellyfin Sync]: Beginning to process recently added for library: Shows 
2026-06-13T00:30:08.027Z [info][Jellyfin Sync]: Recently Added Scan Complete 
2026-06-13T00:31:00.007Z [debug][Jobs]: Starting scheduled job: Download Sync 
2026-06-13T00:32:00.005Z [debug][Jobs]: Starting scheduled job: Download Sync 
2026-06-13T00:33:00.006Z [debug][Jobs]: Starting scheduled job: Download Sync 
2026-06-13T00:34:00.005Z [debug][Jobs]: Starting scheduled job: Download Sync 
2026-06-13T00:35:00.007Z [debug][Jobs]: Starting scheduled job: Download Sync 
2026-06-13T00:35:00.009Z [info][Jobs]: Starting scheduled job: Jellyfin Recently Added Scan 
2026-06-13T00:35:00.010Z [info][Jellyfin Sync]: Scan starting {"sessionId":"3d8c2add-0c08-4eec-b21d-e999d636f094"}
2026-06-13T00:35:00.012Z [info][Jellyfin Sync]: Beginning to process recently added for library: Movies 
2026-06-13T00:35:04.016Z [info][Jellyfin Sync]: Beginning to process recently added for library: Shows 
2026-06-13T00:35:08.025Z [info][Jellyfin Sync]: Recently Added Scan Complete 
2026-06-13T00:36:00.008Z [debug][Jobs]: Starting scheduled job: Download Sync 
2026-06-13T00:37:00.003Z [debug][Jobs]: Starting scheduled job: Download Sync 
2026-06-13T00:38:00.008Z [debug][Jobs]: Starting scheduled job: Download Sync 
2026-06-13T00:39:00.006Z [debug][Jobs]: Starting scheduled job: Download Sync 
2026-06-13T00:40:00.006Z [debug][Jobs]: Starting scheduled job: Download Sync 
2026-06-13T00:40:00.009Z [info][Jobs]: Starting scheduled job: Jellyfin Recently Added Scan 
2026-06-13T00:40:00.009Z [info][Jellyfin Sync]: Scan starting {"sessionId":"e4e989ba-a801-47a5-ae93-1f9841693564"}
2026-06-13T00:40:00.011Z [info][Jellyfin Sync]: Beginning to process recently added for library: Movies 
2026-06-13T00:40:04.018Z [info][Jellyfin Sync]: Beginning to process recently added for library: Shows 
2026-06-13T00:40:08.032Z [info][Jellyfin Sync]: Recently Added Scan Complete 
2026-06-13T00:41:00.008Z [debug][Jobs]: Starting scheduled job: Download Sync 
2026-06-13T00:42:00.005Z [debug][Jobs]: Starting scheduled job: Download Sync 
2026-06-13T00:43:00.007Z [debug][Jobs]: Starting scheduled job: Download Sync 
2026-06-13T00:44:00.004Z [debug][Jobs]: Starting scheduled job: Download Sync 
2026-06-13T00:45:00.006Z [debug][Jobs]: Starting scheduled job: Download Sync 
2026-06-13T00:45:00.009Z [info][Jobs]: Starting scheduled job: Jellyfin Recently Added Scan 
2026-06-13T00:45:00.009Z [info][Jellyfin Sync]: Scan starting {"sessionId":"6cc75c63-be9d-42b0-92e0-f47f66a05155"}
2026-06-13T00:45:00.012Z [info][Jellyfin Sync]: Beginning to process recently added for library: Movies 
2026-06-13T00:45:04.019Z [info][Jellyfin Sync]: Beginning to process recently added for library: Shows 
2026-06-13T00:45:08.030Z [info][Jellyfin Sync]: Recently Added Scan Complete 
2026-06-13T00:46:00.007Z [debug][Jobs]: Starting scheduled job: Download Sync 
2026-06-13T00:47:00.006Z [debug][Jobs]: Starting scheduled job: Download Sync 
2026-06-13T00:48:00.007Z [debug][Jobs]: Starting scheduled job: Download Sync 
2026-06-13T00:49:00.006Z [debug][Jobs]: Starting scheduled job: Download Sync 
2026-06-13T00:50:00.006Z [debug][Jobs]: Starting scheduled job: Download Sync 
2026-06-13T00:50:00.009Z [info][Jobs]: Starting scheduled job: Jellyfin Recently Added Scan 
2026-06-13T00:50:00.009Z [info][Jellyfin Sync]: Scan starting {"sessionId":"68bc2c81-00bc-4594-bd3f-8e476ff430d2"}
2026-06-13T00:50:00.011Z [info][Jellyfin Sync]: Beginning to process recently added for library: Movies 
2026-06-13T00:50:04.018Z [info][Jellyfin Sync]: Beginning to process recently added for library: Shows 
2026-06-13T00:50:08.026Z [info][Jellyfin Sync]: Recently Added Scan Complete 
2026-06-13T00:51:00.007Z [debug][Jobs]: Starting scheduled job: Download Sync 
2026-06-13T00:52:00.006Z [debug][Jobs]: Starting scheduled job: Download Sync 
2026-06-13T00:53:00.007Z [debug][Jobs]: Starting scheduled job: Download Sync 
2026-06-13T00:54:00.006Z [debug][Jobs]: Starting scheduled job: Download Sync 
2026-06-13T00:55:00.006Z [debug][Jobs]: Starting scheduled job: Download Sync 
2026-06-13T00:55:00.009Z [info][Jobs]: Starting scheduled job: Jellyfin Recently Added Scan 
2026-06-13T00:55:00.009Z [info][Jellyfin Sync]: Scan starting {"sessionId":"2173154b-4003-48bd-aef2-fb1e63a7c246"}
2026-06-13T00:55:00.011Z [info][Jellyfin Sync]: Beginning to process recently added for library: Movies 
2026-06-13T00:55:04.018Z [info][Jellyfin Sync]: Beginning to process recently added for library: Shows 
2026-06-13T00:55:08.032Z [info][Jellyfin Sync]: Recently Added Scan Complete 
2026-06-13T00:56:00.007Z [debug][Jobs]: Starting scheduled job: Download Sync 
2026-06-13T00:57:00.006Z [debug][Jobs]: Starting scheduled job: Download Sync 
2026-06-13T00:58:00.007Z [debug][Jobs]: Starting scheduled job: Download Sync 
2026-06-13T00:59:00.006Z [debug][Jobs]: Starting scheduled job: Download Sync 
2026-06-13T01:00:00.006Z [debug][Jobs]: Starting scheduled job: Download Sync 
2026-06-13T01:00:00.009Z [info][Jobs]: Starting scheduled job: Jellyfin Recently Added Scan 
2026-06-13T01:00:00.009Z [info][Jellyfin Sync]: Scan starting {"sessionId":"51530229-83c3-4315-b235-bcb697ba89c9"}
2026-06-13T01:00:00.011Z [info][Jobs]: Starting scheduled job: Download Sync Reset 
2026-06-13T01:00:00.013Z [info][Jellyfin Sync]: Beginning to process recently added for library: Movies 
2026-06-13T01:00:04.017Z [info][Jellyfin Sync]: Beginning to process recently added for library: Shows 
2026-06-13T01:00:08.027Z [info][Jellyfin Sync]: Recently Added Scan Complete 
2026-06-13T01:01:00.007Z [debug][Jobs]: Starting scheduled job: Download Sync 
2026-06-13T01:02:00.006Z [debug][Jobs]: Starting scheduled job: Download Sync 
2026-06-13T01:03:00.005Z [debug][Jobs]: Starting scheduled job: Download Sync 
2026-06-13T01:04:00.007Z [debug][Jobs]: Starting scheduled job: Download Sync 
2026-06-13T01:05:00.006Z [debug][Jobs]: Starting scheduled job: Download Sync 
2026-06-13T01:05:00.010Z [info][Jobs]: Starting scheduled job: Jellyfin Recently Added Scan 
2026-06-13T01:05:00.010Z [info][Jellyfin Sync]: Scan starting {"sessionId":"dbf9d07e-6be8-4c8b-a005-78d45d9e4dba"}
2026-06-13T01:05:00.012Z [info][Jellyfin Sync]: Beginning to process recently added for library: Movies 
2026-06-13T01:05:04.019Z [info][Jellyfin Sync]: Beginning to process recently added for library: Shows 
2026-06-13T01:05:08.028Z [info][Jellyfin Sync]: Recently Added Scan Complete 
2026-06-13T01:06:00.006Z [debug][Jobs]: Starting scheduled job: Download Sync 
2026-06-13T01:07:00.008Z [debug][Jobs]: Starting scheduled job: Download Sync 
2026-06-13T01:08:00.005Z [debug][Jobs]: Starting scheduled job: Download Sync 
2026-06-13T01:09:00.007Z [debug][Jobs]: Starting scheduled job: Download Sync 
2026-06-13T01:10:00.005Z [debug][Jobs]: Starting scheduled job: Download Sync 
2026-06-13T01:10:00.009Z [info][Jobs]: Starting scheduled job: Jellyfin Recently Added Scan 
2026-06-13T01:10:00.009Z [info][Jellyfin Sync]: Scan starting {"sessionId":"6229f505-ef56-42cd-8f3f-376bf15a7644"}
2026-06-13T01:10:00.012Z [info][Jellyfin Sync]: Beginning to process recently added for library: Movies 
2026-06-13T01:10:04.019Z [info][Jellyfin Sync]: Beginning to process recently added for library: Shows 
2026-06-13T01:10:08.028Z [info][Jellyfin Sync]: Recently Added Scan Complete 
2026-06-13T01:11:00.007Z [debug][Jobs]: Starting scheduled job: Download Sync 
2026-06-13T01:12:00.005Z [debug][Jobs]: Starting scheduled job: Download Sync 
2026-06-13T01:13:00.007Z [debug][Jobs]: Starting scheduled job: Download Sync 
2026-06-13T01:14:00.006Z [debug][Jobs]: Starting scheduled job: Download Sync 
2026-06-13T01:15:00.006Z [debug][Jobs]: Starting scheduled job: Download Sync 
2026-06-13T01:15:00.009Z [info][Jobs]: Starting scheduled job: Jellyfin Recently Added Scan 
2026-06-13T01:15:00.009Z [info][Jellyfin Sync]: Scan starting {"sessionId":"b456302a-ddb6-4d81-bdac-bb1ecc91fc19"}
2026-06-13T01:15:00.011Z [info][Jellyfin Sync]: Beginning to process recently added for library: Movies 
2026-06-13T01:15:04.018Z [info][Jellyfin Sync]: Beginning to process recently added for library: Shows 
2026-06-13T01:15:08.024Z [info][Jellyfin Sync]: Recently Added Scan Complete 
2026-06-13T01:16:00.007Z [debug][Jobs]: Starting scheduled job: Download Sync 
2026-06-13T01:17:00.006Z [debug][Jobs]: Starting scheduled job: Download Sync 
2026-06-13T01:18:00.007Z [debug][Jobs]: Starting scheduled job: Download Sync 
2026-06-13T01:19:00.005Z [debug][Jobs]: Starting scheduled job: Download Sync 
2026-06-13T01:20:00.007Z [debug][Jobs]: Starting scheduled job: Download Sync 
2026-06-13T01:20:00.010Z [info][Jobs]: Starting scheduled job: Jellyfin Recently Added Scan 
2026-06-13T01:20:00.010Z [info][Jellyfin Sync]: Scan starting {"sessionId":"a441b51a-4c66-44d0-be20-6b4c481311b7"}
2026-06-13T01:20:00.012Z [info][Jellyfin Sync]: Beginning to process recently added for library: Movies 
2026-06-13T01:20:04.019Z [info][Jellyfin Sync]: Beginning to process recently added for library: Shows 
2026-06-13T01:20:08.027Z [info][Jellyfin Sync]: Recently Added Scan Complete 
2026-06-13T01:21:00.009Z [debug][Jobs]: Starting scheduled job: Download Sync 
2026-06-13T01:22:00.006Z [debug][Jobs]: Starting scheduled job: Download Sync 
2026-06-13T01:23:00.007Z [debug][Jobs]: Starting scheduled job: Download Sync 
2026-06-13T01:24:00.006Z [debug][Jobs]: Starting scheduled job: Download Sync 
2026-06-13T01:25:00.006Z [debug][Jobs]: Starting scheduled job: Download Sync 
2026-06-13T01:25:00.010Z [info][Jobs]: Starting scheduled job: Jellyfin Recently Added Scan 
2026-06-13T01:25:00.010Z [info][Jellyfin Sync]: Scan starting {"sessionId":"0004f1cf-925e-4b17-849c-8e29331954ed"}
2026-06-13T01:25:00.012Z [info][Jellyfin Sync]: Beginning to process recently added for library: Movies 
2026-06-13T01:25:04.018Z [info][Jellyfin Sync]: Beginning to process recently added for library: Shows 
2026-06-13T01:25:08.028Z [info][Jellyfin Sync]: Recently Added Scan Complete 
2026-06-13T01:26:00.006Z [debug][Jobs]: Starting scheduled job: Download Sync 
2026-06-13T01:27:00.006Z [debug][Jobs]: Starting scheduled job: Download Sync 
2026-06-13T01:28:00.004Z [debug][Jobs]: Starting scheduled job: Download Sync 
2026-06-13T01:29:00.007Z [debug][Jobs]: Starting scheduled job: Download Sync 
2026-06-13T01:30:00.006Z [debug][Jobs]: Starting scheduled job: Download Sync 
2026-06-13T01:30:00.010Z [info][Jobs]: Starting scheduled job: Jellyfin Recently Added Scan 
2026-06-13T01:30:00.010Z [info][Jellyfin Sync]: Scan starting {"sessionId":"4aff7873-6103-4729-a445-8a27792b64ab"}
2026-06-13T01:30:00.012Z [info][Jellyfin Sync]: Beginning to process recently added for library: Movies 
2026-06-13T01:30:04.018Z [info][Jellyfin Sync]: Beginning to process recently added for library: Shows 
2026-06-13T01:30:08.028Z [info][Jellyfin Sync]: Recently Added Scan Complete 
2026-06-13T01:31:00.007Z [debug][Jobs]: Starting scheduled job: Download Sync 
2026-06-13T01:32:00.006Z [debug][Jobs]: Starting scheduled job: Download Sync 
2026-06-13T01:33:00.006Z [debug][Jobs]: Starting scheduled job: Download Sync 
2026-06-13T01:34:00.006Z [debug][Jobs]: Starting scheduled job: Download Sync 
2026-06-13T01:35:00.006Z [debug][Jobs]: Starting scheduled job: Download Sync 
2026-06-13T01:35:00.009Z [info][Jobs]: Starting scheduled job: Jellyfin Recently Added Scan 
2026-06-13T01:35:00.009Z [info][Jellyfin Sync]: Scan starting {"sessionId":"fd151ff7-00e1-46c5-a7dd-6ae4b263570a"}
2026-06-13T01:35:00.011Z [info][Jellyfin Sync]: Beginning to process recently added for library: Movies 
2026-06-13T01:35:04.018Z [info][Jellyfin Sync]: Beginning to process recently added for library: Shows 
2026-06-13T01:35:08.029Z [info][Jellyfin Sync]: Recently Added Scan Complete 
2026-06-13T01:36:00.006Z [debug][Jobs]: Starting scheduled job: Download Sync 
2026-06-13T01:37:00.008Z [debug][Jobs]: Starting scheduled job: Download Sync 
2026-06-13T01:38:00.003Z [debug][Jobs]: Starting scheduled job: Download Sync 
2026-06-13T01:39:00.007Z [debug][Jobs]: Starting scheduled job: Download Sync 
2026-06-13T01:40:00.006Z [debug][Jobs]: Starting scheduled job: Download Sync 
2026-06-13T01:40:00.009Z [info][Jobs]: Starting scheduled job: Jellyfin Recently Added Scan 
2026-06-13T01:40:00.009Z [info][Jellyfin Sync]: Scan starting {"sessionId":"8de31b1f-37ed-490a-b756-2aa239ca162b"}
2026-06-13T01:40:00.012Z [info][Jellyfin Sync]: Beginning to process recently added for library: Movies 
2026-06-13T01:40:04.019Z [info][Jellyfin Sync]: Beginning to process recently added for library: Shows 
2026-06-13T01:40:08.029Z [info][Jellyfin Sync]: Recently Added Scan Complete 
2026-06-13T01:41:00.005Z [debug][Jobs]: Starting scheduled job: Download Sync 
2026-06-13T01:42:00.006Z [debug][Jobs]: Starting scheduled job: Download Sync 
2026-06-13T01:43:00.007Z [debug][Jobs]: Starting scheduled job: Download Sync 
2026-06-13T01:44:00.006Z [debug][Jobs]: Starting scheduled job: Download Sync 
2026-06-13T01:45:00.007Z [debug][Jobs]: Starting scheduled job: Download Sync 
2026-06-13T01:45:00.009Z [info][Jobs]: Starting scheduled job: Jellyfin Recently Added Scan 
2026-06-13T01:45:00.009Z [info][Jellyfin Sync]: Scan starting {"sessionId":"be765b23-2648-494c-8c65-36a7721d0daf"}
2026-06-13T01:45:00.012Z [info][Jellyfin Sync]: Beginning to process recently added for library: Movies 
2026-06-13T01:45:04.019Z [info][Jellyfin Sync]: Beginning to process recently added for library: Shows 
2026-06-13T01:45:08.028Z [info][Jellyfin Sync]: Recently Added Scan Complete 
2026-06-13T01:46:00.007Z [debug][Jobs]: Starting scheduled job: Download Sync 
2026-06-13T01:47:00.005Z [debug][Jobs]: Starting scheduled job: Download Sync 
2026-06-13T01:48:00.007Z [debug][Jobs]: Starting scheduled job: Download Sync 
2026-06-13T01:49:00.006Z [debug][Jobs]: Starting scheduled job: Download Sync 
2026-06-13T01:50:00.007Z [debug][Jobs]: Starting scheduled job: Download Sync 
2026-06-13T01:50:00.010Z [info][Jobs]: Starting scheduled job: Jellyfin Recently Added Scan 
2026-06-13T01:50:00.010Z [info][Jellyfin Sync]: Scan starting {"sessionId":"3f90de1d-540f-446f-b031-94c88bf5f91b"}
2026-06-13T01:50:00.012Z [info][Jellyfin Sync]: Beginning to process recently added for library: Movies 
2026-06-13T01:50:04.020Z [info][Jellyfin Sync]: Beginning to process recently added for library: Shows 
2026-06-13T01:50:08.028Z [info][Jellyfin Sync]: Recently Added Scan Complete 
2026-06-13T01:51:00.007Z [debug][Jobs]: Starting scheduled job: Download Sync 
2026-06-13T01:52:00.006Z [debug][Jobs]: Starting scheduled job: Download Sync 
2026-06-13T01:53:00.004Z [debug][Jobs]: Starting scheduled job: Download Sync 
2026-06-13T01:54:00.006Z [debug][Jobs]: Starting scheduled job: Download Sync 
2026-06-13T01:55:00.005Z [debug][Jobs]: Starting scheduled job: Download Sync 
2026-06-13T01:55:00.008Z [info][Jobs]: Starting scheduled job: Jellyfin Recently Added Scan 
2026-06-13T01:55:00.008Z [info][Jellyfin Sync]: Scan starting {"sessionId":"2993e861-00c2-474a-a38c-a2db9aaefae6"}
2026-06-13T01:55:00.010Z [info][Jellyfin Sync]: Beginning to process recently added for library: Movies 
2026-06-13T01:55:04.018Z [info][Jellyfin Sync]: Beginning to process recently added for library: Shows 
2026-06-13T01:55:08.028Z [info][Jellyfin Sync]: Recently Added Scan Complete 
2026-06-13T01:56:00.006Z [debug][Jobs]: Starting scheduled job: Download Sync 
2026-06-13T01:57:00.006Z [debug][Jobs]: Starting scheduled job: Download Sync 
2026-06-13T01:58:00.007Z [debug][Jobs]: Starting scheduled job: Download Sync 
2026-06-13T01:59:00.006Z [debug][Jobs]: Starting scheduled job: Download Sync 
2026-06-13T02:00:00.006Z [debug][Jobs]: Starting scheduled job: Download Sync 
2026-06-13T02:00:00.010Z [info][Jobs]: Starting scheduled job: Jellyfin Recently Added Scan 
2026-06-13T02:00:00.010Z [info][Jellyfin Sync]: Scan starting {"sessionId":"eb6e8474-0fd7-4c4b-a2ed-5d68fb9735f9"}
2026-06-13T02:00:00.012Z [info][Jellyfin Sync]: Beginning to process recently added for library: Movies 
2026-06-13T02:00:04.019Z [info][Jellyfin Sync]: Beginning to process recently added for library: Shows 
2026-06-13T02:00:08.030Z [info][Jellyfin Sync]: Recently Added Scan Complete 
2026-06-13T02:01:00.007Z [debug][Jobs]: Starting scheduled job: Download Sync 
2026-06-13T02:02:00.007Z [debug][Jobs]: Starting scheduled job: Download Sync 
2026-06-13T02:03:00.007Z [debug][Jobs]: Starting scheduled job: Download Sync 
2026-06-13T02:04:00.006Z [debug][Jobs]: Starting scheduled job: Download Sync 
2026-06-13T02:05:00.008Z [debug][Jobs]: Starting scheduled job: Download Sync 
2026-06-13T02:05:00.011Z [info][Jobs]: Starting scheduled job: Jellyfin Recently Added Scan 
2026-06-13T02:05:00.011Z [info][Jellyfin Sync]: Scan starting {"sessionId":"9ecdc14e-bc84-4a03-8099-5c45ac499610"}
2026-06-13T02:05:00.013Z [info][Jellyfin Sync]: Beginning to process recently added for library: Movies 
2026-06-13T02:05:04.021Z [info][Jellyfin Sync]: Beginning to process recently added for library: Shows 
2026-06-13T02:05:08.032Z [info][Jellyfin Sync]: Recently Added Scan Complete 
2026-06-13T02:06:00.007Z [debug][Jobs]: Starting scheduled job: Download Sync 
2026-06-13T02:07:00.005Z [debug][Jobs]: Starting scheduled job: Download Sync 
2026-06-13T02:08:00.007Z [debug][Jobs]: Starting scheduled job: Download Sync 
2026-06-13T02:09:00.005Z [debug][Jobs]: Starting scheduled job: Download Sync 
2026-06-13T02:10:00.007Z [debug][Jobs]: Starting scheduled job: Download Sync 
2026-06-13T02:10:00.010Z [info][Jobs]: Starting scheduled job: Jellyfin Recently Added Scan 
2026-06-13T02:10:00.010Z [info][Jellyfin Sync]: Scan starting {"sessionId":"8daf5975-9320-401d-9bb0-c1c473e9fe8a"}
2026-06-13T02:10:00.012Z [info][Jellyfin Sync]: Beginning to process recently added for library: Movies 
2026-06-13T02:10:04.020Z [info][Jellyfin Sync]: Beginning to process recently added for library: Shows 
2026-06-13T02:10:08.034Z [info][Jellyfin Sync]: Recently Added Scan Complete 
2026-06-13T02:11:00.007Z [debug][Jobs]: Starting scheduled job: Download Sync 
2026-06-13T02:12:00.006Z [debug][Jobs]: Starting scheduled job: Download Sync 
2026-06-13T02:13:00.006Z [debug][Jobs]: Starting scheduled job: Download Sync 
2026-06-13T02:14:00.006Z [debug][Jobs]: Starting scheduled job: Download Sync 
2026-06-13T02:15:00.006Z [debug][Jobs]: Starting scheduled job: Download Sync 
2026-06-13T02:15:00.009Z [info][Jobs]: Starting scheduled job: Jellyfin Recently Added Scan 
2026-06-13T02:15:00.009Z [info][Jellyfin Sync]: Scan starting {"sessionId":"0feb27f3-bde8-4af6-bd0e-5a16784b7385"}
2026-06-13T02:15:00.011Z [info][Jellyfin Sync]: Beginning to process recently added for library: Movies 
2026-06-13T02:15:04.019Z [info][Jellyfin Sync]: Beginning to process recently added for library: Shows 
2026-06-13T02:15:08.029Z [info][Jellyfin Sync]: Recently Added Scan Complete 
2026-06-13T02:16:00.007Z [debug][Jobs]: Starting scheduled job: Download Sync 
2026-06-13T02:17:00.005Z [debug][Jobs]: Starting scheduled job: Download Sync 
2026-06-13T02:18:00.008Z [debug][Jobs]: Starting scheduled job: Download Sync 
2026-06-13T02:19:00.004Z [debug][Jobs]: Starting scheduled job: Download Sync 
2026-06-13T02:20:00.007Z [debug][Jobs]: Starting scheduled job: Download Sync 
2026-06-13T02:20:00.009Z [info][Jobs]: Starting scheduled job: Jellyfin Recently Added Scan 
2026-06-13T02:20:00.010Z [info][Jellyfin Sync]: Scan starting {"sessionId":"2ce218c2-9d2c-4ef2-9663-18e268aefaf1"}
2026-06-13T02:20:00.012Z [info][Jellyfin Sync]: Beginning to process recently added for library: Movies 
2026-06-13T02:20:04.019Z [info][Jellyfin Sync]: Beginning to process recently added for library: Shows 
2026-06-13T02:20:08.032Z [info][Jellyfin Sync]: Recently Added Scan Complete 
2026-06-13T02:21:00.007Z [debug][Jobs]: Starting scheduled job: Download Sync 
2026-06-13T02:22:00.005Z [debug][Jobs]: Starting scheduled job: Download Sync 
2026-06-13T02:23:00.008Z [debug][Jobs]: Starting scheduled job: Download Sync 
2026-06-13T02:24:00.006Z [debug][Jobs]: Starting scheduled job: Download Sync 
2026-06-13T02:25:00.007Z [debug][Jobs]: Starting scheduled job: Download Sync 
2026-06-13T02:25:00.010Z [info][Jobs]: Starting scheduled job: Jellyfin Recently Added Scan 
2026-06-13T02:25:00.010Z [info][Jellyfin Sync]: Scan starting {"sessionId":"3caa92d5-b5af-4f47-91fb-47afa26bc6e2"}
2026-06-13T02:25:00.012Z [info][Jellyfin Sync]: Beginning to process recently added for library: Movies 
2026-06-13T02:25:04.017Z [info][Jellyfin Sync]: Beginning to process recently added for library: Shows 
2026-06-13T02:25:08.025Z [info][Jellyfin Sync]: Recently Added Scan Complete 
2026-06-13T02:26:00.007Z [debug][Jobs]: Starting scheduled job: Download Sync 
2026-06-13T02:27:00.006Z [debug][Jobs]: Starting scheduled job: Download Sync 
2026-06-13T02:28:00.006Z [debug][Jobs]: Starting scheduled job: Download Sync 
2026-06-13T02:29:00.006Z [debug][Jobs]: Starting scheduled job: Download Sync 
2026-06-13T02:30:00.008Z [debug][Jobs]: Starting scheduled job: Download Sync 
2026-06-13T02:30:00.010Z [info][Jobs]: Starting scheduled job: Jellyfin Recently Added Scan 
2026-06-13T02:30:00.010Z [info][Jellyfin Sync]: Scan starting {"sessionId":"03a52f63-685d-410f-84fe-1f0248bd492f"}
2026-06-13T02:30:00.012Z [info][Jellyfin Sync]: Beginning to process recently added for library: Movies 
2026-06-13T02:30:04.019Z [info][Jellyfin Sync]: Beginning to process recently added for library: Shows 
2026-06-13T02:30:08.027Z [info][Jellyfin Sync]: Recently Added Scan Complete 
2026-06-13T02:31:00.006Z [debug][Jobs]: Starting scheduled job: Download Sync 
2026-06-13T02:32:00.005Z [debug][Jobs]: Starting scheduled job: Download Sync 
2026-06-13T02:33:00.007Z [debug][Jobs]: Starting scheduled job: Download Sync 
2026-06-13T02:34:00.005Z [debug][Jobs]: Starting scheduled job: Download Sync 
2026-06-13T02:35:00.005Z [debug][Jobs]: Starting scheduled job: Download Sync 
2026-06-13T02:35:00.008Z [info][Jobs]: Starting scheduled job: Jellyfin Recently Added Scan 
2026-06-13T02:35:00.009Z [info][Jellyfin Sync]: Scan starting {"sessionId":"bd02e2ea-d6a7-4bd6-bc2f-6aba254429df"}
2026-06-13T02:35:00.011Z [info][Jellyfin Sync]: Beginning to process recently added for library: Movies 
2026-06-13T02:35:04.018Z [info][Jellyfin Sync]: Beginning to process recently added for library: Shows 
2026-06-13T02:35:08.028Z [info][Jellyfin Sync]: Recently Added Scan Complete 
2026-06-13T02:36:00.008Z [debug][Jobs]: Starting scheduled job: Download Sync 
2026-06-13T02:37:00.006Z [debug][Jobs]: Starting scheduled job: Download Sync 
2026-06-13T02:38:00.007Z [debug][Jobs]: Starting scheduled job: Download Sync 
2026-06-13T02:39:00.005Z [debug][Jobs]: Starting scheduled job: Download Sync 
2026-06-13T02:40:00.006Z [debug][Jobs]: Starting scheduled job: Download Sync 
2026-06-13T02:40:00.009Z [info][Jobs]: Starting scheduled job: Jellyfin Recently Added Scan 
2026-06-13T02:40:00.009Z [info][Jellyfin Sync]: Scan starting {"sessionId":"9f9c8f38-ee65-46c0-b661-98aeec98fcf6"}
2026-06-13T02:40:00.011Z [info][Jellyfin Sync]: Beginning to process recently added for library: Movies 
2026-06-13T02:40:04.018Z [info][Jellyfin Sync]: Beginning to process recently added for library: Shows 
2026-06-13T02:40:08.028Z [info][Jellyfin Sync]: Recently Added Scan Complete 
2026-06-13T02:41:00.008Z [debug][Jobs]: Starting scheduled job: Download Sync 
2026-06-13T02:42:00.005Z [debug][Jobs]: Starting scheduled job: Download Sync 
2026-06-13T02:43:00.007Z [debug][Jobs]: Starting scheduled job: Download Sync 
2026-06-13T02:44:00.006Z [debug][Jobs]: Starting scheduled job: Download Sync 
2026-06-13T02:45:00.005Z [debug][Jobs]: Starting scheduled job: Download Sync 
2026-06-13T02:45:00.008Z [info][Jobs]: Starting scheduled job: Jellyfin Recently Added Scan 
2026-06-13T02:45:00.009Z [info][Jellyfin Sync]: Scan starting {"sessionId":"50080d08-17d3-4512-bbbf-d96ec749b60a"}
2026-06-13T02:45:00.011Z [info][Jellyfin Sync]: Beginning to process recently added for library: Movies 
2026-06-13T02:45:04.018Z [info][Jellyfin Sync]: Beginning to process recently added for library: Shows 
2026-06-13T02:45:08.026Z [info][Jellyfin Sync]: Recently Added Scan Complete 
2026-06-13T02:46:00.008Z [debug][Jobs]: Starting scheduled job: Download Sync 
2026-06-13T02:47:00.004Z [debug][Jobs]: Starting scheduled job: Download Sync 
2026-06-13T02:48:00.007Z [debug][Jobs]: Starting scheduled job: Download Sync 
2026-06-13T02:49:00.005Z [debug][Jobs]: Starting scheduled job: Download Sync 
2026-06-13T02:50:00.007Z [debug][Jobs]: Starting scheduled job: Download Sync 
2026-06-13T02:50:00.010Z [info][Jobs]: Starting scheduled job: Jellyfin Recently Added Scan 
2026-06-13T02:50:00.010Z [info][Jellyfin Sync]: Scan starting {"sessionId":"578139ef-56c6-445b-9cd3-5c616ed26538"}
2026-06-13T02:50:00.012Z [info][Jellyfin Sync]: Beginning to process recently added for library: Movies 
2026-06-13T02:50:04.019Z [info][Jellyfin Sync]: Beginning to process recently added for library: Shows 
2026-06-13T02:50:08.026Z [info][Jellyfin Sync]: Recently Added Scan Complete 
2026-06-13T02:51:00.007Z [debug][Jobs]: Starting scheduled job: Download Sync 
2026-06-13T02:52:00.006Z [debug][Jobs]: Starting scheduled job: Download Sync 
2026-06-13T02:53:00.006Z [debug][Jobs]: Starting scheduled job: Download Sync 
2026-06-13T02:54:00.005Z [debug][Jobs]: Starting scheduled job: Download Sync 
2026-06-13T02:55:00.005Z [debug][Jobs]: Starting scheduled job: Download Sync 
2026-06-13T02:55:00.008Z [info][Jobs]: Starting scheduled job: Jellyfin Recently Added Scan 
2026-06-13T02:55:00.008Z [info][Jellyfin Sync]: Scan starting {"sessionId":"be0cbc68-0956-492a-98e6-4424eddfcf99"}
2026-06-13T02:55:00.010Z [info][Jellyfin Sync]: Beginning to process recently added for library: Movies 
2026-06-13T02:55:04.016Z [info][Jellyfin Sync]: Beginning to process recently added for library: Shows 
2026-06-13T02:55:08.023Z [info][Jellyfin Sync]: Recently Added Scan Complete 
2026-06-13T02:56:00.007Z [debug][Jobs]: Starting scheduled job: Download Sync 
2026-06-13T02:57:00.005Z [debug][Jobs]: Starting scheduled job: Download Sync 
2026-06-13T02:58:00.006Z [debug][Jobs]: Starting scheduled job: Download Sync 
2026-06-13T02:59:00.005Z [debug][Jobs]: Starting scheduled job: Download Sync 
2026-06-13T03:00:00.005Z [debug][Jobs]: Starting scheduled job: Download Sync 
2026-06-13T03:00:00.008Z [info][Jobs]: Starting scheduled job: Jellyfin Recently Added Scan 
2026-06-13T03:00:00.008Z [info][Jellyfin Sync]: Scan starting {"sessionId":"f4e02f90-d246-464d-a92b-d8df6af264d8"}
2026-06-13T03:00:00.010Z [info][Jobs]: Starting scheduled job: Jellyfin Full Scan 
2026-06-13T03:00:00.010Z [info][Jellyfin Sync]: Scan starting {"sessionId":"b470c62d-cf24-49e4-be0a-66bd2624f348"}
2026-06-13T03:00:00.012Z [info][Jellyfin Sync]: Beginning to process recently added for library: Movies 
2026-06-13T03:00:00.014Z [info][Jellyfin Sync]: Beginning to process library: Movies 
2026-06-13T03:00:00.016Z [error][Jellyfin API]: Something went wrong while getting library content from the Jellyfin server: Cannot read properties of undefined (reading 'filter') {}
2026-06-13T03:00:00.017Z [error][Jellyfin Sync]: Sync interrupted {"errorMessage":""}
2026-06-13T03:00:04.021Z [info][Jellyfin Sync]: Beginning to process recently added for library: Shows 
2026-06-13T03:00:08.031Z [info][Jellyfin Sync]: Recently Added Scan Complete 
2026-06-13T03:01:00.006Z [debug][Jobs]: Starting scheduled job: Download Sync 
2026-06-13T03:02:00.005Z [debug][Jobs]: Starting scheduled job: Download Sync 
2026-06-13T03:03:00.006Z [debug][Jobs]: Starting scheduled job: Download Sync 
2026-06-13T03:04:00.004Z [debug][Jobs]: Starting scheduled job: Download Sync 
2026-06-13T03:05:00.005Z [debug][Jobs]: Starting scheduled job: Download Sync 
2026-06-13T03:05:00.008Z [info][Jobs]: Starting scheduled job: Jellyfin Recently Added Scan 
2026-06-13T03:05:00.008Z [info][Jellyfin Sync]: Scan starting {"sessionId":"a051b84d-616f-4559-b538-06cc7a17aa31"}
2026-06-13T03:05:00.010Z [info][Jellyfin Sync]: Beginning to process recently added for library: Movies 
2026-06-13T03:05:04.017Z [info][Jellyfin Sync]: Beginning to process recently added for library: Shows 
2026-06-13T03:05:08.025Z [info][Jellyfin Sync]: Recently Added Scan Complete 
2026-06-13T03:06:00.006Z [debug][Jobs]: Starting scheduled job: Download Sync 
2026-06-13T03:07:00.005Z [debug][Jobs]: Starting scheduled job: Download Sync 
2026-06-13T03:08:00.006Z [debug][Jobs]: Starting scheduled job: Download Sync 
2026-06-13T03:09:00.004Z [debug][Jobs]: Starting scheduled job: Download Sync 
2026-06-13T03:10:00.006Z [debug][Jobs]: Starting scheduled job: Download Sync 
2026-06-13T03:10:00.010Z [info][Jobs]: Starting scheduled job: Jellyfin Recently Added Scan 
2026-06-13T03:10:00.010Z [info][Jellyfin Sync]: Scan starting {"sessionId":"3060b78c-c092-4787-966e-7302d2b4fa70"}
2026-06-13T03:10:00.012Z [info][Jellyfin Sync]: Beginning to process recently added for library: Movies 
2026-06-13T03:10:04.019Z [info][Jellyfin Sync]: Beginning to process recently added for library: Shows 
2026-06-13T03:10:08.029Z [info][Jellyfin Sync]: Recently Added Scan Complete 
2026-06-13T03:11:00.006Z [debug][Jobs]: Starting scheduled job: Download Sync 
2026-06-13T03:12:00.005Z [debug][Jobs]: Starting scheduled job: Download Sync 
2026-06-13T03:13:00.006Z [debug][Jobs]: Starting scheduled job: Download Sync 
2026-06-13T03:14:00.004Z [debug][Jobs]: Starting scheduled job: Download Sync 
2026-06-13T03:15:00.006Z [debug][Jobs]: Starting scheduled job: Download Sync 
2026-06-13T03:15:00.009Z [info][Jobs]: Starting scheduled job: Jellyfin Recently Added Scan 
2026-06-13T03:15:00.009Z [info][Jellyfin Sync]: Scan starting {"sessionId":"6a7f3b6b-792c-4f0f-b122-547587fdf64d"}
2026-06-13T03:15:00.011Z [info][Jellyfin Sync]: Beginning to process recently added for library: Movies 
2026-06-13T03:15:04.018Z [info][Jellyfin Sync]: Beginning to process recently added for library: Shows 
2026-06-13T03:15:08.028Z [info][Jellyfin Sync]: Recently Added Scan Complete 
2026-06-13T03:16:00.007Z [debug][Jobs]: Starting scheduled job: Download Sync 
2026-06-13T03:17:00.004Z [debug][Jobs]: Starting scheduled job: Download Sync 
2026-06-13T03:18:00.007Z [debug][Jobs]: Starting scheduled job: Download Sync 
2026-06-13T03:19:00.004Z [debug][Jobs]: Starting scheduled job: Download Sync 
2026-06-13T03:20:00.005Z [debug][Jobs]: Starting scheduled job: Download Sync 
2026-06-13T03:20:00.008Z [info][Jobs]: Starting scheduled job: Jellyfin Recently Added Scan 
2026-06-13T03:20:00.009Z [info][Jellyfin Sync]: Scan starting {"sessionId":"030571b3-2642-46ff-89e2-8fe55c9abd4f"}
2026-06-13T03:20:00.011Z [info][Jellyfin Sync]: Beginning to process recently added for library: Movies 
2026-06-13T03:20:04.019Z [info][Jellyfin Sync]: Beginning to process recently added for library: Shows 
2026-06-13T03:20:08.026Z [info][Jellyfin Sync]: Recently Added Scan Complete 
2026-06-13T03:21:00.006Z [debug][Jobs]: Starting scheduled job: Download Sync 
2026-06-13T03:22:00.005Z [debug][Jobs]: Starting scheduled job: Download Sync 
2026-06-13T03:23:00.006Z [debug][Jobs]: Starting scheduled job: Download Sync 
2026-06-13T03:24:00.005Z [debug][Jobs]: Starting scheduled job: Download Sync 
2026-06-13T03:25:00.006Z [debug][Jobs]: Starting scheduled job: Download Sync 
2026-06-13T03:25:00.009Z [info][Jobs]: Starting scheduled job: Jellyfin Recently Added Scan 
2026-06-13T03:25:00.009Z [info][Jellyfin Sync]: Scan starting {"sessionId":"ec4f784a-698b-4194-8c6e-27e5f7bd646a"}
2026-06-13T03:25:00.011Z [info][Jellyfin Sync]: Beginning to process recently added for library: Movies 
2026-06-13T03:25:04.018Z [info][Jellyfin Sync]: Beginning to process recently added for library: Shows 
2026-06-13T03:25:08.032Z [info][Jellyfin Sync]: Recently Added Scan Complete 
2026-06-13T03:26:00.006Z [debug][Jobs]: Starting scheduled job: Download Sync 
2026-06-13T03:27:00.004Z [debug][Jobs]: Starting scheduled job: Download Sync 
2026-06-13T03:28:00.007Z [debug][Jobs]: Starting scheduled job: Download Sync 
2026-06-13T03:29:00.005Z [debug][Jobs]: Starting scheduled job: Download Sync 
2026-06-13T03:30:00.005Z [debug][Jobs]: Starting scheduled job: Download Sync 
2026-06-13T03:30:00.008Z [info][Jobs]: Starting scheduled job: Jellyfin Recently Added Scan 
2026-06-13T03:30:00.008Z [info][Jellyfin Sync]: Scan starting {"sessionId":"5ef1c551-b872-4c15-8be4-cbac9a1b88a8"}
2026-06-13T03:30:00.010Z [info][Jellyfin Sync]: Beginning to process recently added for library: Movies 
2026-06-13T03:30:04.017Z [info][Jellyfin Sync]: Beginning to process recently added for library: Shows 
2026-06-13T03:30:08.027Z [info][Jellyfin Sync]: Recently Added Scan Complete 
2026-06-13T03:31:00.007Z [debug][Jobs]: Starting scheduled job: Download Sync 
2026-06-13T03:32:00.005Z [debug][Jobs]: Starting scheduled job: Download Sync 
2026-06-13T03:33:00.005Z [debug][Jobs]: Starting scheduled job: Download Sync 
2026-06-13T03:34:00.005Z [debug][Jobs]: Starting scheduled job: Download Sync 
2026-06-13T03:35:00.006Z [debug][Jobs]: Starting scheduled job: Download Sync 
2026-06-13T03:35:00.009Z [info][Jobs]: Starting scheduled job: Jellyfin Recently Added Scan 
2026-06-13T03:35:00.009Z [info][Jellyfin Sync]: Scan starting {"sessionId":"a1c7d306-d506-4378-b73d-6d7bc01d8607"}
2026-06-13T03:35:00.011Z [info][Jellyfin Sync]: Beginning to process recently added for library: Movies 
2026-06-13T03:35:04.017Z [info][Jellyfin Sync]: Beginning to process recently added for library: Shows 
2026-06-13T03:35:08.029Z [info][Jellyfin Sync]: Recently Added Scan Complete 
2026-06-13T03:36:00.006Z [debug][Jobs]: Starting scheduled job: Download Sync 
2026-06-13T03:37:00.005Z [debug][Jobs]: Starting scheduled job: Download Sync 
2026-06-13T03:38:00.006Z [debug][Jobs]: Starting scheduled job: Download Sync 
2026-06-13T03:39:00.004Z [debug][Jobs]: Starting scheduled job: Download Sync 
2026-06-13T03:40:00.005Z [debug][Jobs]: Starting scheduled job: Download Sync 
2026-06-13T03:40:00.008Z [info][Jobs]: Starting scheduled job: Jellyfin Recently Added Scan 
2026-06-13T03:40:00.008Z [info][Jellyfin Sync]: Scan starting {"sessionId":"ea88fb4d-45cb-47e4-b184-b3c0dfbaa362"}
2026-06-13T03:40:00.011Z [info][Jellyfin Sync]: Beginning to process recently added for library: Movies 
2026-06-13T03:40:04.017Z [info][Jellyfin Sync]: Beginning to process recently added for library: Shows 
2026-06-13T03:40:08.028Z [info][Jellyfin Sync]: Recently Added Scan Complete 
2026-06-13T03:41:00.007Z [debug][Jobs]: Starting scheduled job: Download Sync 
2026-06-13T03:42:00.005Z [debug][Jobs]: Starting scheduled job: Download Sync 
2026-06-13T03:43:00.006Z [debug][Jobs]: Starting scheduled job: Download Sync 
2026-06-13T03:44:00.005Z [debug][Jobs]: Starting scheduled job: Download Sync 
2026-06-13T03:45:00.005Z [debug][Jobs]: Starting scheduled job: Download Sync 
2026-06-13T03:45:00.008Z [info][Jobs]: Starting scheduled job: Jellyfin Recently Added Scan 
2026-06-13T03:45:00.008Z [info][Jellyfin Sync]: Scan starting {"sessionId":"5494c9ca-883b-4f00-8182-dc598d21e0d4"}
2026-06-13T03:45:00.011Z [info][Jellyfin Sync]: Beginning to process recently added for library: Movies 
2026-06-13T03:45:04.018Z [info][Jellyfin Sync]: Beginning to process recently added for library: Shows 
2026-06-13T03:45:08.028Z [info][Jellyfin Sync]: Recently Added Scan Complete 
2026-06-13T03:46:00.007Z [debug][Jobs]: Starting scheduled job: Download Sync 
2026-06-13T03:47:00.005Z [debug][Jobs]: Starting scheduled job: Download Sync 
2026-06-13T03:48:00.005Z [debug][Jobs]: Starting scheduled job: Download Sync 
2026-06-13T03:49:00.005Z [debug][Jobs]: Starting scheduled job: Download Sync 
2026-06-13T03:50:00.005Z [debug][Jobs]: Starting scheduled job: Download Sync 
2026-06-13T03:50:00.008Z [info][Jobs]: Starting scheduled job: Jellyfin Recently Added Scan 
2026-06-13T03:50:00.008Z [info][Jellyfin Sync]: Scan starting {"sessionId":"9ebc6a34-4f4f-44eb-9d01-a8c1f3a94829"}
2026-06-13T03:50:00.011Z [info][Jellyfin Sync]: Beginning to process recently added for library: Movies 
2026-06-13T03:50:04.015Z [info][Jellyfin Sync]: Beginning to process recently added for library: Shows 
2026-06-13T03:50:08.024Z [info][Jellyfin Sync]: Recently Added Scan Complete 
2026-06-13T03:51:00.007Z [debug][Jobs]: Starting scheduled job: Download Sync 
2026-06-13T03:52:00.005Z [debug][Jobs]: Starting scheduled job: Download Sync 
2026-06-13T03:53:00.006Z [debug][Jobs]: Starting scheduled job: Download Sync 
2026-06-13T03:54:00.004Z [debug][Jobs]: Starting scheduled job: Download Sync 
2026-06-13T03:55:00.005Z [debug][Jobs]: Starting scheduled job: Download Sync 
2026-06-13T03:55:00.008Z [info][Jobs]: Starting scheduled job: Jellyfin Recently Added Scan 
2026-06-13T03:55:00.008Z [info][Jellyfin Sync]: Scan starting {"sessionId":"261aa8f5-6eef-48fd-b85f-7972ef7b6ee8"}
2026-06-13T03:55:00.010Z [info][Jellyfin Sync]: Beginning to process recently added for library: Movies 
2026-06-13T03:55:04.017Z [info][Jellyfin Sync]: Beginning to process recently added for library: Shows 
2026-06-13T03:55:08.026Z [info][Jellyfin Sync]: Recently Added Scan Complete 
2026-06-13T03:56:00.005Z [debug][Jobs]: Starting scheduled job: Download Sync 
2026-06-13T03:57:00.005Z [debug][Jobs]: Starting scheduled job: Download Sync 
2026-06-13T03:58:00.005Z [debug][Jobs]: Starting scheduled job: Download Sync 
2026-06-13T03:59:00.003Z [debug][Jobs]: Starting scheduled job: Download Sync 
2026-06-13T04:00:00.005Z [debug][Jobs]: Starting scheduled job: Download Sync 
2026-06-13T04:00:00.006Z [info][Jobs]: Starting scheduled job: Jellyfin Recently Added Scan 
2026-06-13T04:00:00.006Z [info][Jellyfin Sync]: Scan starting {"sessionId":"9bed48f2-7257-47ca-a922-6b88c47dd88e"}
2026-06-13T04:00:00.008Z [info][Jobs]: Starting scheduled job: Radarr Scan 
2026-06-13T04:00:00.008Z [info][Radarr Scan]: Scan starting {"sessionId":"e6126a32-1c1a-4564-a2fa-52d44dcd6046"}
2026-06-13T04:00:00.008Z [debug][Radarr Scan]: Sync not enabled. Skipping Radarr server: mawk_radarr 
2026-06-13T04:00:00.008Z [info][Radarr Scan]: Radarr scan complete 
2026-06-13T04:00:00.010Z [info][Jellyfin Sync]: Beginning to process recently added for library: Movies 
2026-06-13T04:00:04.017Z [info][Jellyfin Sync]: Beginning to process recently added for library: Shows 
2026-06-13T04:00:08.026Z [info][Jellyfin Sync]: Recently Added Scan Complete 
2026-06-13T04:01:00.004Z [debug][Jobs]: Starting scheduled job: Download Sync 
2026-06-13T04:02:00.006Z [debug][Jobs]: Starting scheduled job: Download Sync 
2026-06-13T04:03:00.004Z [debug][Jobs]: Starting scheduled job: Download Sync 
2026-06-13T04:04:00.006Z [debug][Jobs]: Starting scheduled job: Download Sync 
2026-06-13T04:05:00.004Z [debug][Jobs]: Starting scheduled job: Download Sync 
2026-06-13T04:05:00.008Z [info][Jobs]: Starting scheduled job: Jellyfin Recently Added Scan 
2026-06-13T04:05:00.008Z [info][Jellyfin Sync]: Scan starting {"sessionId":"87296490-ccd4-4556-ad3f-c693fd9c4f10"}
2026-06-13T04:05:00.011Z [info][Jellyfin Sync]: Beginning to process recently added for library: Movies 
2026-06-13T04:05:04.018Z [info][Jellyfin Sync]: Beginning to process recently added for library: Shows 
2026-06-13T04:05:08.032Z [info][Jellyfin Sync]: Recently Added Scan Complete 
2026-06-13T04:06:00.004Z [debug][Jobs]: Starting scheduled job: Download Sync 
2026-06-13T04:07:00.006Z [debug][Jobs]: Starting scheduled job: Download Sync 
2026-06-13T04:08:00.005Z [debug][Jobs]: Starting scheduled job: Download Sync 
2026-06-13T04:09:00.005Z [debug][Jobs]: Starting scheduled job: Download Sync 
2026-06-13T04:10:00.005Z [debug][Jobs]: Starting scheduled job: Download Sync 
2026-06-13T04:10:00.008Z [info][Jobs]: Starting scheduled job: Jellyfin Recently Added Scan 
2026-06-13T04:10:00.008Z [info][Jellyfin Sync]: Scan starting {"sessionId":"de3d1a5d-26e5-40d9-84ed-3b0bc697dccc"}
2026-06-13T04:10:00.010Z [info][Jellyfin Sync]: Beginning to process recently added for library: Movies 
2026-06-13T04:10:04.017Z [info][Jellyfin Sync]: Beginning to process recently added for library: Shows 
2026-06-13T04:10:08.026Z [info][Jellyfin Sync]: Recently Added Scan Complete 
2026-06-13T04:11:00.004Z [debug][Jobs]: Starting scheduled job: Download Sync 
2026-06-13T04:12:00.005Z [debug][Jobs]: Starting scheduled job: Download Sync 
2026-06-13T04:13:00.007Z [debug][Jobs]: Starting scheduled job: Download Sync 
2026-06-13T04:14:00.004Z [debug][Jobs]: Starting scheduled job: Download Sync 
2026-06-13T04:15:00.006Z [debug][Jobs]: Starting scheduled job: Download Sync 
2026-06-13T04:15:00.009Z [info][Jobs]: Starting scheduled job: Jellyfin Recently Added Scan 
2026-06-13T04:15:00.009Z [info][Jellyfin Sync]: Scan starting {"sessionId":"931bdb8d-d808-4788-ae5f-e0242a655546"}
2026-06-13T04:15:00.011Z [info][Jellyfin Sync]: Beginning to process recently added for library: Movies 
2026-06-13T04:15:04.018Z [info][Jellyfin Sync]: Beginning to process recently added for library: Shows 
2026-06-13T04:15:08.028Z [info][Jellyfin Sync]: Recently Added Scan Complete 
2026-06-13T04:16:00.006Z [debug][Jobs]: Starting scheduled job: Download Sync 
2026-06-13T04:17:00.005Z [debug][Jobs]: Starting scheduled job: Download Sync 
2026-06-13T04:18:00.006Z [debug][Jobs]: Starting scheduled job: Download Sync 
2026-06-13T04:19:00.004Z [debug][Jobs]: Starting scheduled job: Download Sync 
2026-06-13T04:20:00.006Z [debug][Jobs]: Starting scheduled job: Download Sync 
2026-06-13T04:20:00.009Z [info][Jobs]: Starting scheduled job: Jellyfin Recently Added Scan 
2026-06-13T04:20:00.009Z [info][Jellyfin Sync]: Scan starting {"sessionId":"9510c497-7ae0-42ec-b1a2-d1519dc762e1"}
2026-06-13T04:20:00.011Z [info][Anime-List Sync]: Downloading latest mapping file 
2026-06-13T04:20:05.028Z [error][Jellyfin Sync]: Sync interrupted {"errorMessage":"Failed to download Anime-List mapping: getaddrinfo EAI_AGAIN raw.githubusercontent.com"}
2026-06-13T04:21:00.004Z [debug][Jobs]: Starting scheduled job: Download Sync 
2026-06-13T04:22:00.005Z [debug][Jobs]: Starting scheduled job: Download Sync 
2026-06-13T04:23:00.006Z [debug][Jobs]: Starting scheduled job: Download Sync 
2026-06-13T04:24:00.004Z [debug][Jobs]: Starting scheduled job: Download Sync 
2026-06-13T04:25:00.006Z [debug][Jobs]: Starting scheduled job: Download Sync 
2026-06-13T04:25:00.009Z [info][Jobs]: Starting scheduled job: Jellyfin Recently Added Scan 
2026-06-13T04:25:00.009Z [info][Jellyfin Sync]: Scan starting {"sessionId":"62407c59-cfc3-4ded-a9cb-3350d4c10ddf"}
2026-06-13T04:25:00.011Z [info][Anime-List Sync]: Downloading latest mapping file 
2026-06-13T04:25:05.019Z [error][Jellyfin Sync]: Sync interrupted {"errorMessage":"Failed to download Anime-List mapping: getaddrinfo EAI_AGAIN raw.githubusercontent.com"}
2026-06-13T04:26:00.003Z [debug][Jobs]: Starting scheduled job: Download Sync 
2026-06-13T04:27:00.004Z [debug][Jobs]: Starting scheduled job: Download Sync 
2026-06-13T04:28:00.006Z [debug][Jobs]: Starting scheduled job: Download Sync 
2026-06-13T04:29:00.004Z [debug][Jobs]: Starting scheduled job: Download Sync 
2026-06-13T04:30:00.006Z [debug][Jobs]: Starting scheduled job: Download Sync 
2026-06-13T04:30:00.009Z [info][Jobs]: Starting scheduled job: Jellyfin Recently Added Scan 
2026-06-13T04:30:00.009Z [info][Jellyfin Sync]: Scan starting {"sessionId":"aba0c81c-f9bc-4690-be48-876650fe0f32"}
2026-06-13T04:30:00.011Z [info][Jobs]: Starting scheduled job: Sonarr Scan 
2026-06-13T04:30:00.011Z [info][Sonarr Scan]: Scan starting {"sessionId":"266e8e8d-bef5-4583-bc56-9e4b7be71aa1"}
2026-06-13T04:30:00.011Z [debug][Sonarr Scan]: Sync not enabled. Skipping Sonarr server: mawk_sonarr 
2026-06-13T04:30:00.011Z [info][Sonarr Scan]: Sonarr scan complete 
2026-06-13T04:30:00.012Z [info][Anime-List Sync]: Downloading latest mapping file 
2026-06-13T04:30:05.020Z [error][Jellyfin Sync]: Sync interrupted {"errorMessage":"Failed to download Anime-List mapping: getaddrinfo EAI_AGAIN raw.githubusercontent.com"}
2026-06-13T04:31:00.006Z [debug][Jobs]: Starting scheduled job: Download Sync 
2026-06-13T04:32:00.004Z [debug][Jobs]: Starting scheduled job: Download Sync 
2026-06-13T04:33:00.006Z [debug][Jobs]: Starting scheduled job: Download Sync 
2026-06-13T04:34:00.005Z [debug][Jobs]: Starting scheduled job: Download Sync 
2026-06-13T04:35:00.006Z [debug][Jobs]: Starting scheduled job: Download Sync 
2026-06-13T04:35:00.008Z [info][Jobs]: Starting scheduled job: Jellyfin Recently Added Scan 
2026-06-13T04:35:00.009Z [info][Jellyfin Sync]: Scan starting {"sessionId":"65965f0b-d653-46b2-b043-3790e8b8c997"}
2026-06-13T04:35:00.010Z [info][Anime-List Sync]: Downloading latest mapping file 
2026-06-13T04:35:05.018Z [error][Jellyfin Sync]: Sync interrupted {"errorMessage":"Failed to download Anime-List mapping: getaddrinfo EAI_AGAIN raw.githubusercontent.com"}
2026-06-13T04:36:00.004Z [debug][Jobs]: Starting scheduled job: Download Sync 
2026-06-13T04:37:00.004Z [debug][Jobs]: Starting scheduled job: Download Sync 
2026-06-13T04:38:00.006Z [debug][Jobs]: Starting scheduled job: Download Sync 
2026-06-13T04:39:00.004Z [debug][Jobs]: Starting scheduled job: Download Sync 
2026-06-13T04:40:00.005Z [debug][Jobs]: Starting scheduled job: Download Sync 
2026-06-13T04:40:00.008Z [info][Jobs]: Starting scheduled job: Jellyfin Recently Added Scan 
2026-06-13T04:40:00.008Z [info][Jellyfin Sync]: Scan starting {"sessionId":"40d444dc-25a9-4054-beba-4eebafed6bf5"}
2026-06-13T04:40:00.010Z [info][Anime-List Sync]: Downloading latest mapping file 
2026-06-13T04:40:00.320Z [info][Anime-List Sync]: Loading mapping file 
2026-06-13T04:40:00.452Z [info][Anime-List Sync]: Loaded 10692 AniDB items from mapping file 
2026-06-13T04:40:00.452Z [info][Jellyfin Sync]: Beginning to process recently added for library: Movies 
2026-06-13T04:40:04.463Z [info][Jellyfin Sync]: Beginning to process recently added for library: Shows 
2026-06-13T04:40:08.473Z [info][Jellyfin Sync]: Recently Added Scan Complete 
2026-06-13T04:41:00.005Z [debug][Jobs]: Starting scheduled job: Download Sync 
2026-06-13T04:42:00.004Z [debug][Jobs]: Starting scheduled job: Download Sync 
2026-06-13T04:43:00.005Z [debug][Jobs]: Starting scheduled job: Download Sync 
2026-06-13T04:44:00.005Z [debug][Jobs]: Starting scheduled job: Download Sync 
2026-06-13T04:45:00.005Z [debug][Jobs]: Starting scheduled job: Download Sync 
2026-06-13T04:45:00.008Z [info][Jobs]: Starting scheduled job: Jellyfin Recently Added Scan 
2026-06-13T04:45:00.008Z [info][Jellyfin Sync]: Scan starting {"sessionId":"738d13f8-2166-4579-b0ec-6557dbef4f06"}
2026-06-13T04:45:00.010Z [info][Jellyfin Sync]: Beginning to process recently added for library: Movies 
2026-06-13T04:45:04.017Z [info][Jellyfin Sync]: Beginning to process recently added for library: Shows 
2026-06-13T04:45:08.028Z [info][Jellyfin Sync]: Recently Added Scan Complete 
2026-06-13T04:46:00.005Z [debug][Jobs]: Starting scheduled job: Download Sync 
2026-06-13T04:47:00.004Z [debug][Jobs]: Starting scheduled job: Download Sync 
2026-06-13T04:48:00.005Z [debug][Jobs]: Starting scheduled job: Download Sync 
2026-06-13T04:49:00.005Z [debug][Jobs]: Starting scheduled job: Download Sync 
2026-06-13T04:50:00.004Z [debug][Jobs]: Starting scheduled job: Download Sync 
2026-06-13T04:50:00.008Z [info][Jobs]: Starting scheduled job: Jellyfin Recently Added Scan 
2026-06-13T04:50:00.008Z [info][Jellyfin Sync]: Scan starting {"sessionId":"e82ffa92-ff3e-4dee-94d1-380dcfc70bda"}
2026-06-13T04:50:00.010Z [info][Jellyfin Sync]: Beginning to process recently added for library: Movies 
2026-06-13T04:50:04.017Z [info][Jellyfin Sync]: Beginning to process recently added for library: Shows 
2026-06-13T04:50:08.028Z [info][Jellyfin Sync]: Recently Added Scan Complete 
2026-06-13T04:51:00.005Z [debug][Jobs]: Starting scheduled job: Download Sync 
2026-06-13T04:52:00.006Z [debug][Jobs]: Starting scheduled job: Download Sync 
2026-06-13T04:53:00.006Z [debug][Jobs]: Starting scheduled job: Download Sync 
2026-06-13T04:54:00.005Z [debug][Jobs]: Starting scheduled job: Download Sync 
2026-06-13T04:55:00.006Z [debug][Jobs]: Starting scheduled job: Download Sync 
2026-06-13T04:55:00.009Z [info][Jobs]: Starting scheduled job: Jellyfin Recently Added Scan 
2026-06-13T04:55:00.009Z [info][Jellyfin Sync]: Scan starting {"sessionId":"5c1efb86-ce22-4b11-bd8c-038095feebeb"}
2026-06-13T04:55:00.012Z [info][Jellyfin Sync]: Beginning to process recently added for library: Movies 
2026-06-13T04:55:04.020Z [info][Jellyfin Sync]: Beginning to process recently added for library: Shows 
2026-06-13T04:55:08.032Z [info][Jellyfin Sync]: Recently Added Scan Complete 
2026-06-13T04:56:00.005Z [debug][Jobs]: Starting scheduled job: Download Sync 
2026-06-13T04:57:00.004Z [debug][Jobs]: Starting scheduled job: Download Sync 
2026-06-13T04:58:00.006Z [debug][Jobs]: Starting scheduled job: Download Sync 
2026-06-13T04:59:00.002Z [debug][Jobs]: Starting scheduled job: Download Sync 
2026-06-13T05:00:00.004Z [debug][Jobs]: Starting scheduled job: Download Sync 
2026-06-13T05:00:00.007Z [info][Jobs]: Starting scheduled job: Jellyfin Recently Added Scan 
2026-06-13T05:00:00.007Z [info][Jellyfin Sync]: Scan starting {"sessionId":"14aed7b9-5ef3-4ad3-a897-6ad142c763fb"}
2026-06-13T05:00:00.009Z [info][Jobs]: Starting scheduled job: Image Cache Cleanup 
2026-06-13T05:00:00.011Z [info][Jobs]: Starting scheduled job: Media Availability Sync 
2026-06-13T05:00:00.011Z [info][Availability Sync]: Starting availability sync... 
2026-06-13T05:00:00.015Z [info][Jellyfin Sync]: Beginning to process recently added for library: Movies 
2026-06-13T05:00:00.017Z [info][Image Cache]: Cleared 1 stale image(s) from cache 'avatar' 
2026-06-13T05:00:00.019Z [info][Availability Sync]: Availability sync complete. 
2026-06-13T05:00:04.023Z [info][Jellyfin Sync]: Beginning to process recently added for library: Shows 
2026-06-13T05:00:08.032Z [info][Jellyfin Sync]: Recently Added Scan Complete 
2026-06-13T05:01:00.003Z [debug][Jobs]: Starting scheduled job: Download Sync 
2026-06-13T05:02:00.005Z [debug][Jobs]: Starting scheduled job: Download Sync 
2026-06-13T05:03:00.004Z [debug][Jobs]: Starting scheduled job: Download Sync 
2026-06-13T05:04:00.006Z [debug][Jobs]: Starting scheduled job: Download Sync 
2026-06-13T05:05:00.004Z [debug][Jobs]: Starting scheduled job: Download Sync 
2026-06-13T05:05:00.005Z [info][Jobs]: Starting scheduled job: Jellyfin Recently Added Scan 
2026-06-13T05:05:00.006Z [info][Jellyfin Sync]: Scan starting {"sessionId":"6d333774-7a09-4389-817a-0a71c40d93f8"}
2026-06-13T05:05:00.009Z [info][Jellyfin Sync]: Beginning to process recently added for library: Movies 
2026-06-13T05:05:04.016Z [info][Jellyfin Sync]: Beginning to process recently added for library: Shows 
2026-06-13T05:05:08.026Z [info][Jellyfin Sync]: Recently Added Scan Complete 
2026-06-13T05:06:00.004Z [debug][Jobs]: Starting scheduled job: Download Sync 
2026-06-13T05:07:00.005Z [debug][Jobs]: Starting scheduled job: Download Sync 
2026-06-13T05:08:00.006Z [debug][Jobs]: Starting scheduled job: Download Sync 
2026-06-13T05:09:00.004Z [debug][Jobs]: Starting scheduled job: Download Sync 
2026-06-13T05:10:00.006Z [debug][Jobs]: Starting scheduled job: Download Sync 
2026-06-13T05:10:00.009Z [info][Jobs]: Starting scheduled job: Jellyfin Recently Added Scan 
2026-06-13T05:10:00.009Z [info][Jellyfin Sync]: Scan starting {"sessionId":"46bc6b3c-4243-4894-a3b1-0c707bd2f731"}
2026-06-13T05:10:00.011Z [info][Jellyfin Sync]: Beginning to process recently added for library: Movies 
2026-06-13T05:10:04.018Z [info][Jellyfin Sync]: Beginning to process recently added for library: Shows 
2026-06-13T05:10:08.024Z [info][Jellyfin Sync]: Recently Added Scan Complete 
2026-06-13T05:11:00.005Z [debug][Jobs]: Starting scheduled job: Download Sync 
2026-06-13T05:12:00.005Z [debug][Jobs]: Starting scheduled job: Download Sync 
2026-06-13T05:13:00.006Z [debug][Jobs]: Starting scheduled job: Download Sync 
2026-06-13T05:14:00.005Z [debug][Jobs]: Starting scheduled job: Download Sync 
2026-06-13T05:15:00.006Z [debug][Jobs]: Starting scheduled job: Download Sync 
2026-06-13T05:15:00.008Z [info][Jobs]: Starting scheduled job: Jellyfin Recently Added Scan 
2026-06-13T05:15:00.008Z [info][Jellyfin Sync]: Scan starting {"sessionId":"47e17b2d-3508-4b3a-8791-46d5c7892575"}
2026-06-13T05:15:00.010Z [info][Jellyfin Sync]: Beginning to process recently added for library: Movies 
2026-06-13T05:15:04.018Z [info][Jellyfin Sync]: Beginning to process recently added for library: Shows 
2026-06-13T05:15:08.028Z [info][Jellyfin Sync]: Recently Added Scan Complete 
2026-06-13T05:16:00.006Z [debug][Jobs]: Starting scheduled job: Download Sync 
2026-06-13T05:17:00.005Z [debug][Jobs]: Starting scheduled job: Download Sync 
2026-06-13T05:18:00.006Z [debug][Jobs]: Starting scheduled job: Download Sync 
2026-06-13T05:19:00.005Z [debug][Jobs]: Starting scheduled job: Download Sync 
2026-06-13T05:20:00.005Z [debug][Jobs]: Starting scheduled job: Download Sync 
2026-06-13T05:20:00.008Z [info][Jobs]: Starting scheduled job: Jellyfin Recently Added Scan 
2026-06-13T05:20:00.008Z [info][Jellyfin Sync]: Scan starting {"sessionId":"db9febf1-570c-4761-b269-a89fa1512ebe"}
2026-06-13T05:20:00.010Z [info][Jellyfin Sync]: Beginning to process recently added for library: Movies 
2026-06-13T05:20:04.018Z [info][Jellyfin Sync]: Beginning to process recently added for library: Shows 
2026-06-13T05:20:08.034Z [info][Jellyfin Sync]: Recently Added Scan Complete 
2026-06-13T05:21:00.007Z [debug][Jobs]: Starting scheduled job: Download Sync 
2026-06-13T05:22:00.004Z [debug][Jobs]: Starting scheduled job: Download Sync 
2026-06-13T05:23:00.005Z [debug][Jobs]: Starting scheduled job: Download Sync 
2026-06-13T05:24:00.003Z [debug][Jobs]: Starting scheduled job: Download Sync 
2026-06-13T05:25:00.006Z [debug][Jobs]: Starting scheduled job: Download Sync 
2026-06-13T05:25:00.008Z [info][Jobs]: Starting scheduled job: Jellyfin Recently Added Scan 
2026-06-13T05:25:00.009Z [info][Jellyfin Sync]: Scan starting {"sessionId":"ac4b604c-3a5d-4c85-bfae-a3fb4a4c6c98"}
2026-06-13T05:25:00.011Z [info][Jellyfin Sync]: Beginning to process recently added for library: Movies 
2026-06-13T05:25:04.019Z [info][Jellyfin Sync]: Beginning to process recently added for library: Shows 
2026-06-13T05:25:08.030Z [info][Jellyfin Sync]: Recently Added Scan Complete 
2026-06-13T05:26:00.006Z [debug][Jobs]: Starting scheduled job: Download Sync 
2026-06-13T05:27:00.005Z [debug][Jobs]: Starting scheduled job: Download Sync 
2026-06-13T05:28:00.006Z [debug][Jobs]: Starting scheduled job: Download Sync 
2026-06-13T05:29:00.004Z [debug][Jobs]: Starting scheduled job: Download Sync 
2026-06-13T05:30:00.004Z [debug][Jobs]: Starting scheduled job: Download Sync 
2026-06-13T05:30:00.007Z [info][Jobs]: Starting scheduled job: Jellyfin Recently Added Scan 
2026-06-13T05:30:00.007Z [info][Jellyfin Sync]: Scan starting {"sessionId":"943d5981-75b8-42f1-9e12-abaf90f7f843"}
2026-06-13T05:30:00.009Z [info][Jellyfin Sync]: Beginning to process recently added for library: Movies 
2026-06-13T05:30:04.014Z [info][Jellyfin Sync]: Beginning to process recently added for library: Shows 
2026-06-13T05:30:08.029Z [info][Jellyfin Sync]: Recently Added Scan Complete 
2026-06-13T05:31:00.007Z [debug][Jobs]: Starting scheduled job: Download Sync 
2026-06-13T05:32:00.004Z [debug][Jobs]: Starting scheduled job: Download Sync 
2026-06-13T05:33:00.007Z [debug][Jobs]: Starting scheduled job: Download Sync 
2026-06-13T05:34:00.004Z [debug][Jobs]: Starting scheduled job: Download Sync 
2026-06-13T05:35:00.006Z [debug][Jobs]: Starting scheduled job: Download Sync 
2026-06-13T05:35:00.009Z [info][Jobs]: Starting scheduled job: Jellyfin Recently Added Scan 
2026-06-13T05:35:00.009Z [info][Jellyfin Sync]: Scan starting {"sessionId":"b53b5088-67f8-4f2d-bb99-73020a7b40c7"}
2026-06-13T05:35:00.011Z [info][Jellyfin Sync]: Beginning to process recently added for library: Movies 
2026-06-13T05:35:04.017Z [info][Jellyfin Sync]: Beginning to process recently added for library: Shows 
2026-06-13T05:35:08.024Z [info][Jellyfin Sync]: Recently Added Scan Complete 
2026-06-13T05:36:00.007Z [debug][Jobs]: Starting scheduled job: Download Sync 
2026-06-13T05:37:00.004Z [debug][Jobs]: Starting scheduled job: Download Sync 
2026-06-13T05:38:00.007Z [debug][Jobs]: Starting scheduled job: Download Sync 
2026-06-13T05:39:00.005Z [debug][Jobs]: Starting scheduled job: Download Sync 
2026-06-13T05:40:00.006Z [debug][Jobs]: Starting scheduled job: Download Sync 
2026-06-13T05:40:00.008Z [info][Jobs]: Starting scheduled job: Jellyfin Recently Added Scan 
2026-06-13T05:40:00.008Z [info][Jellyfin Sync]: Scan starting {"sessionId":"31d5954d-6ecb-4638-b624-39ac0aca3172"}
2026-06-13T05:40:00.011Z [info][Jellyfin Sync]: Beginning to process recently added for library: Movies 
2026-06-13T05:40:04.017Z [info][Jellyfin Sync]: Beginning to process recently added for library: Shows 
2026-06-13T05:40:08.027Z [info][Jellyfin Sync]: Recently Added Scan Complete 
2026-06-13T05:41:00.007Z [debug][Jobs]: Starting scheduled job: Download Sync 
2026-06-13T05:42:00.004Z [debug][Jobs]: Starting scheduled job: Download Sync 
2026-06-13T05:43:00.006Z [debug][Jobs]: Starting scheduled job: Download Sync 
2026-06-13T05:44:00.004Z [debug][Jobs]: Starting scheduled job: Download Sync 
2026-06-13T05:45:00.005Z [debug][Jobs]: Starting scheduled job: Download Sync 
2026-06-13T05:45:00.008Z [info][Jobs]: Starting scheduled job: Jellyfin Recently Added Scan 
2026-06-13T05:45:00.008Z [info][Jellyfin Sync]: Scan starting {"sessionId":"dc461e82-4dd8-4dea-a535-1a83d8557bcd"}
2026-06-13T05:45:00.010Z [info][Jellyfin Sync]: Beginning to process recently added for library: Movies 
2026-06-13T05:45:04.019Z [info][Jellyfin Sync]: Beginning to process recently added for library: Shows 
2026-06-13T05:45:08.029Z [info][Jellyfin Sync]: Recently Added Scan Complete 
2026-06-13T05:46:00.007Z [debug][Jobs]: Starting scheduled job: Download Sync 
2026-06-13T05:47:00.004Z [debug][Jobs]: Starting scheduled job: Download Sync 
2026-06-13T05:48:00.003Z [debug][Jobs]: Starting scheduled job: Download Sync 
2026-06-13T05:48:56.303Z [info]: Commit Tag: e4ee71ae459cd45b66ad59b4b90c01e102e28e49 
2026-06-13T05:48:56.743Z [info]: Starting Seerr version 3.2.0 
2026-06-13T05:48:57.362Z [debug][Settings Migrator]: Checking migration '0001_migrate_hostname.js'... 
2026-06-13T05:48:57.364Z [debug][Settings Migrator]: Checking migration '0002_migrate_apitokens.js'... 
2026-06-13T05:48:57.365Z [debug][Settings Migrator]: Checking migration '0003_emby_media_server_type.js'... 
2026-06-13T05:48:57.365Z [debug][Settings Migrator]: Checking migration '0004_migrate_region_setting.js'... 
2026-06-13T05:48:57.366Z [debug][Settings Migrator]: Checking migration '0005_migrate_network_settings.js'... 
2026-06-13T05:48:57.367Z [debug][Settings Migrator]: Checking migration '0006_remove_lunasea.js'... 
2026-06-13T05:48:57.368Z [debug][Settings Migrator]: Checking migration '0007_migrate_arr_tags.js'... 
2026-06-13T05:48:57.369Z [debug][Settings Migrator]: Checking migration '0008_migrate_blacklist_to_blocklist.js'... 
2026-06-13T05:48:57.372Z [info][Notifications]: Registered notification agents 
2026-06-13T05:48:57.414Z [info][Jobs]: Scheduled jobs loaded 
2026-06-13T05:48:57.520Z [info][Server]: Server ready on port 5055 
2026-06-13T05:49:00.010Z [debug][Jobs]: Starting scheduled job: Download Sync 
2026-06-13T05:49:49.093Z [warn][GitHub API]: Failed to retrieve GitHub releases. This may be an issue on GitHub's end. Seerr can't check if it's on the latest version. {"errorMessage":"getaddrinfo EAI_AGAIN api.github.com"}
2026-06-13T05:49:49.115Z [debug][API]: Something went wrong retrieving series by network {"errorMessage":"[TMDB] Failed to fetch TV network: getaddrinfo EAI_AGAIN api.themoviedb.org","networkId":"2552"}
2026-06-13T05:50:00.015Z [debug][Jobs]: Starting scheduled job: Download Sync 
2026-06-13T05:50:00.021Z [info][Jobs]: Starting scheduled job: Jellyfin Recently Added Scan 
2026-06-13T05:50:00.022Z [info][Jellyfin Sync]: Scan starting {"sessionId":"f860f75a-8b44-40a2-bf09-5c12dc936a66"}
2026-06-13T05:50:00.026Z [info][Anime-List Sync]: Loading mapping file 
2026-06-13T05:50:00.161Z [info][Anime-List Sync]: Loaded 10692 AniDB items from mapping file 
2026-06-13T05:50:00.161Z [info][Jellyfin Sync]: Beginning to process recently added for library: Movies 
2026-06-13T05:50:04.184Z [info][Jellyfin Sync]: Beginning to process recently added for library: Shows 
2026-06-13T05:50:08.195Z [info][Jellyfin Sync]: Recently Added Scan Complete 
2026-06-13T11:37:46.359Z [info]: Commit Tag: e4ee71ae459cd45b66ad59b4b90c01e102e28e49 
2026-06-13T11:37:46.771Z [info]: Starting Seerr version 3.2.0 
2026-06-13T11:37:47.415Z [debug][Settings Migrator]: Checking migration '0001_migrate_hostname.js'... 
2026-06-13T11:37:47.417Z [debug][Settings Migrator]: Checking migration '0002_migrate_apitokens.js'... 
2026-06-13T11:37:47.419Z [debug][Settings Migrator]: Checking migration '0003_emby_media_server_type.js'... 
2026-06-13T11:37:47.420Z [debug][Settings Migrator]: Checking migration '0004_migrate_region_setting.js'... 
2026-06-13T11:37:47.421Z [debug][Settings Migrator]: Checking migration '0005_migrate_network_settings.js'... 
2026-06-13T11:37:47.421Z [debug][Settings Migrator]: Checking migration '0006_remove_lunasea.js'... 
2026-06-13T11:37:47.422Z [debug][Settings Migrator]: Checking migration '0007_migrate_arr_tags.js'... 
2026-06-13T11:37:47.424Z [debug][Settings Migrator]: Checking migration '0008_migrate_blacklist_to_blocklist.js'... 
2026-06-13T11:37:47.428Z [info][Notifications]: Registered notification agents 
2026-06-13T11:37:47.469Z [info][Jobs]: Scheduled jobs loaded 
2026-06-13T11:37:47.556Z [info][Server]: Server ready on port 5055 
2026-06-13T11:38:00.008Z [debug][Jobs]: Starting scheduled job: Download Sync 
2026-06-13T11:39:00.020Z [debug][Jobs]: Starting scheduled job: Download Sync 
2026-06-13T12:01:22.678Z [info]: Commit Tag: e4ee71ae459cd45b66ad59b4b90c01e102e28e49 
2026-06-13T12:01:23.083Z [info]: Starting Seerr version 3.2.0 
2026-06-13T12:01:23.713Z [debug][Settings Migrator]: Checking migration '0001_migrate_hostname.js'... 
2026-06-13T12:01:23.715Z [debug][Settings Migrator]: Checking migration '0002_migrate_apitokens.js'... 
2026-06-13T12:01:23.718Z [debug][Settings Migrator]: Checking migration '0003_emby_media_server_type.js'... 
2026-06-13T12:01:23.719Z [debug][Settings Migrator]: Checking migration '0004_migrate_region_setting.js'... 
2026-06-13T12:01:23.720Z [debug][Settings Migrator]: Checking migration '0005_migrate_network_settings.js'... 
2026-06-13T12:01:23.721Z [debug][Settings Migrator]: Checking migration '0006_remove_lunasea.js'... 
2026-06-13T12:01:23.723Z [debug][Settings Migrator]: Checking migration '0007_migrate_arr_tags.js'... 
2026-06-13T12:01:23.725Z [debug][Settings Migrator]: Checking migration '0008_migrate_blacklist_to_blocklist.js'... 
2026-06-13T12:01:23.730Z [info][Notifications]: Registered notification agents 
2026-06-13T12:01:23.781Z [info][Jobs]: Scheduled jobs loaded 
2026-06-13T12:01:23.881Z [info][Server]: Server ready on port 5055 
2026-06-13T12:02:00.009Z [debug][Jobs]: Starting scheduled job: Download Sync 
2026-06-13T12:03:00.009Z [debug][Jobs]: Starting scheduled job: Download Sync 
2026-06-13T12:04:00.010Z [debug][Jobs]: Starting scheduled job: Download Sync 
2026-06-13T12:05:00.002Z [debug][Jobs]: Starting scheduled job: Download Sync 
2026-06-13T12:05:00.004Z [info][Jobs]: Starting scheduled job: Jellyfin Recently Added Scan 
2026-06-13T12:05:00.004Z [info][Jellyfin Sync]: Scan starting {"sessionId":"295734de-79a6-4cdc-bd87-31e9d97cf423"}
2026-06-13T12:05:00.012Z [info][Anime-List Sync]: Loading mapping file 
2026-06-13T12:05:00.154Z [info][Anime-List Sync]: Loaded 10692 AniDB items from mapping file 
2026-06-13T12:05:00.154Z [info][Jellyfin Sync]: Beginning to process recently added for library: Movies 
2026-06-13T12:05:04.202Z [info][Jellyfin Sync]: Beginning to process recently added for library: Shows 
2026-06-13T12:05:08.214Z [info][Jellyfin Sync]: Recently Added Scan Complete 
2026-06-13T12:06:00.007Z [debug][Jobs]: Starting scheduled job: Download Sync 
2026-06-13T12:07:00.007Z [debug][Jobs]: Starting scheduled job: Download Sync 
2026-06-13T12:08:00.008Z [debug][Jobs]: Starting scheduled job: Download Sync 
2026-06-13T12:09:00.004Z [debug][Jobs]: Starting scheduled job: Download Sync 
2026-06-13T12:10:00.005Z [debug][Jobs]: Starting scheduled job: Download Sync 
2026-06-13T12:10:00.007Z [info][Jobs]: Starting scheduled job: Jellyfin Recently Added Scan 
2026-06-13T12:10:00.007Z [info][Jellyfin Sync]: Scan starting {"sessionId":"7c6a9c27-fe8d-4324-9e06-1c91be7a63fe"}
2026-06-13T12:10:00.011Z [info][Jellyfin Sync]: Beginning to process recently added for library: Movies 
2026-06-13T12:10:04.021Z [info][Jellyfin Sync]: Beginning to process recently added for library: Shows 
2026-06-13T12:10:08.025Z [info][Jellyfin Sync]: Recently Added Scan Complete 
2026-06-13T12:11:00.014Z [debug][Jobs]: Starting scheduled job: Download Sync 
2026-06-13T12:12:00.011Z [debug][Jobs]: Starting scheduled job: Download Sync 
2026-06-13T12:13:00.009Z [debug][Jobs]: Starting scheduled job: Download Sync 
2026-06-13T12:14:00.007Z [debug][Jobs]: Starting scheduled job: Download Sync 
2026-06-13T12:15:00.010Z [debug][Jobs]: Starting scheduled job: Download Sync 
2026-06-13T12:15:00.011Z [info][Jobs]: Starting scheduled job: Jellyfin Recently Added Scan 
2026-06-13T12:15:00.011Z [info][Jellyfin Sync]: Scan starting {"sessionId":"1636a60f-2261-4161-ae2e-86095f5f14ca"}
2026-06-13T12:15:00.014Z [info][Jellyfin Sync]: Beginning to process recently added for library: Movies 
2026-06-13T12:15:04.019Z [info][Jellyfin Sync]: Beginning to process recently added for library: Shows 
2026-06-13T12:15:08.030Z [info][Jellyfin Sync]: Recently Added Scan Complete 
2026-06-13T12:16:00.013Z [debug][Jobs]: Starting scheduled job: Download Sync 
2026-06-13T12:17:00.011Z [debug][Jobs]: Starting scheduled job: Download Sync 
2026-06-13T12:18:00.006Z [debug][Jobs]: Starting scheduled job: Download Sync 
2026-06-13T12:19:00.011Z [debug][Jobs]: Starting scheduled job: Download Sync 
2026-06-13T12:20:00.018Z [debug][Jobs]: Starting scheduled job: Download Sync 
2026-06-13T12:20:00.020Z [info][Jobs]: Starting scheduled job: Jellyfin Recently Added Scan 
2026-06-13T12:20:00.020Z [info][Jellyfin Sync]: Scan starting {"sessionId":"388c2a42-0a12-4838-98da-d4a1d59112b4"}
2026-06-13T12:20:00.023Z [info][Jellyfin Sync]: Beginning to process recently added for library: Movies 
2026-06-13T12:20:04.032Z [info][Jellyfin Sync]: Beginning to process recently added for library: Shows 
2026-06-13T12:20:08.041Z [info][Jellyfin Sync]: Recently Added Scan Complete 
2026-06-13T12:21:00.009Z [debug][Jobs]: Starting scheduled job: Download Sync 
2026-06-13T12:22:00.013Z [debug][Jobs]: Starting scheduled job: Download Sync 
2026-06-13T12:23:00.012Z [debug][Jobs]: Starting scheduled job: Download Sync 
2026-06-13T12:24:00.011Z [debug][Jobs]: Starting scheduled job: Download Sync 
2026-06-13T12:25:00.010Z [debug][Jobs]: Starting scheduled job: Download Sync 
2026-06-13T12:25:00.013Z [info][Jobs]: Starting scheduled job: Jellyfin Recently Added Scan 
2026-06-13T12:25:00.014Z [info][Jellyfin Sync]: Scan starting {"sessionId":"bd36c11d-cbe4-4b13-9bd9-b2769618b33d"}
2026-06-13T12:25:00.016Z [info][Jellyfin Sync]: Beginning to process recently added for library: Movies 
2026-06-13T12:25:04.025Z [info][Jellyfin Sync]: Beginning to process recently added for library: Shows 
2026-06-13T12:25:08.035Z [info][Jellyfin Sync]: Recently Added Scan Complete 
2026-06-13T12:26:00.003Z [debug][Jobs]: Starting scheduled job: Download Sync 
2026-06-13T12:27:00.007Z [debug][Jobs]: Starting scheduled job: Download Sync 
2026-06-13T12:28:00.011Z [debug][Jobs]: Starting scheduled job: Download Sync 
2026-06-13T12:29:00.006Z [debug][Jobs]: Starting scheduled job: Download Sync 
2026-06-13T12:30:00.008Z [debug][Jobs]: Starting scheduled job: Download Sync 
2026-06-13T12:30:00.012Z [info][Jobs]: Starting scheduled job: Jellyfin Recently Added Scan 
2026-06-13T12:30:00.012Z [info][Jellyfin Sync]: Scan starting {"sessionId":"d27502f7-9680-4b39-8eb4-b0b8553188a5"}
2026-06-13T12:30:00.015Z [info][Jellyfin Sync]: Beginning to process recently added for library: Movies 
2026-06-13T12:30:04.023Z [info][Jellyfin Sync]: Beginning to process recently added for library: Shows 
2026-06-13T12:30:08.037Z [info][Jellyfin Sync]: Recently Added Scan Complete 
2026-06-13T12:31:00.007Z [debug][Jobs]: Starting scheduled job: Download Sync 
2026-06-13T12:32:00.012Z [debug][Jobs]: Starting scheduled job: Download Sync 
2026-06-13T12:33:00.009Z [debug][Jobs]: Starting scheduled job: Download Sync 
2026-06-13T12:34:00.007Z [debug][Jobs]: Starting scheduled job: Download Sync 
2026-06-13T12:35:00.011Z [debug][Jobs]: Starting scheduled job: Download Sync 
2026-06-13T12:35:00.013Z [info][Jobs]: Starting scheduled job: Jellyfin Recently Added Scan 
2026-06-13T12:35:00.013Z [info][Jellyfin Sync]: Scan starting {"sessionId":"bff74c75-c169-432c-905e-0e1ca605c50a"}
2026-06-13T12:35:00.016Z [info][Jellyfin Sync]: Beginning to process recently added for library: Movies 
2026-06-13T12:35:04.024Z [info][Jellyfin Sync]: Beginning to process recently added for library: Shows 
2026-06-13T12:35:08.035Z [info][Jellyfin Sync]: Recently Added Scan Complete 
2026-06-13T12:36:00.012Z [debug][Jobs]: Starting scheduled job: Download Sync 
2026-06-13T12:37:00.007Z [debug][Jobs]: Starting scheduled job: Download Sync 
2026-06-13T12:38:00.005Z [debug][Jobs]: Starting scheduled job: Download Sync 
2026-06-13T13:03:01.651Z [info]: Commit Tag: e4ee71ae459cd45b66ad59b4b90c01e102e28e49 
2026-06-13T13:03:02.057Z [info]: Starting Seerr version 3.2.0 
2026-06-13T13:03:02.660Z [debug][Settings Migrator]: Checking migration '0001_migrate_hostname.js'... 
2026-06-13T13:03:02.662Z [debug][Settings Migrator]: Checking migration '0002_migrate_apitokens.js'... 
2026-06-13T13:03:02.663Z [debug][Settings Migrator]: Checking migration '0003_emby_media_server_type.js'... 
2026-06-13T13:03:02.664Z [debug][Settings Migrator]: Checking migration '0004_migrate_region_setting.js'... 
2026-06-13T13:03:02.665Z [debug][Settings Migrator]: Checking migration '0005_migrate_network_settings.js'... 
2026-06-13T13:03:02.666Z [debug][Settings Migrator]: Checking migration '0006_remove_lunasea.js'... 
2026-06-13T13:03:02.667Z [debug][Settings Migrator]: Checking migration '0007_migrate_arr_tags.js'... 
2026-06-13T13:03:02.668Z [debug][Settings Migrator]: Checking migration '0008_migrate_blacklist_to_blocklist.js'... 
2026-06-13T13:03:02.674Z [info][Notifications]: Registered notification agents 
2026-06-13T13:03:02.708Z [info][Jobs]: Scheduled jobs loaded 
2026-06-13T13:03:02.804Z [info][Server]: Server ready on port 5055 
2026-06-13T13:04:00.024Z [debug][Jobs]: Starting scheduled job: Download Sync 
2026-06-13T13:05:00.028Z [debug][Jobs]: Starting scheduled job: Download Sync 
2026-06-13T13:05:00.030Z [info][Jobs]: Starting scheduled job: Jellyfin Recently Added Scan 
2026-06-13T13:05:00.030Z [info][Jellyfin Sync]: Scan starting {"sessionId":"772efb28-e674-4848-822c-1b0a4c7642a9"}
2026-06-13T13:05:00.034Z [info][Anime-List Sync]: Loading mapping file 
2026-06-13T13:05:00.157Z [info][Anime-List Sync]: Loaded 10692 AniDB items from mapping file 
2026-06-13T13:05:00.157Z [info][Jellyfin Sync]: Beginning to process recently added for library: Movies 
2026-06-13T13:05:04.184Z [info][Jellyfin Sync]: Beginning to process recently added for library: Shows 
2026-06-13T13:05:07.984Z [debug][Image Cache]: Something went wrong caching image. {"errorMessage":"getaddrinfo EAI_AGAIN gravatar.com"}
2026-06-13T13:05:07.986Z [error]: Failed to proxy avatar image {"errorMessage":"Failed to load image"}
2026-06-13T13:05:08.190Z [info][Jellyfin Sync]: Recently Added Scan Complete 
2026-06-13T13:06:00.037Z [debug][Jobs]: Starting scheduled job: Download Sync 
2026-06-13T13:07:00.021Z [debug][Jobs]: Starting scheduled job: Download Sync 
2026-06-13T13:08:00.016Z [debug][Jobs]: Starting scheduled job: Download Sync 
2026-06-13T13:09:00.034Z [debug][Jobs]: Starting scheduled job: Download Sync 
2026-06-13T13:10:00.002Z [debug][Jobs]: Starting scheduled job: Download Sync 
2026-06-13T13:10:00.004Z [info][Jobs]: Starting scheduled job: Jellyfin Recently Added Scan 
2026-06-13T13:10:00.005Z [info][Jellyfin Sync]: Scan starting {"sessionId":"8e97b18c-09de-4907-b3fe-5f4062b5256a"}
2026-06-13T13:10:00.008Z [info][Jellyfin Sync]: Beginning to process recently added for library: Movies 
2026-06-13T13:10:04.015Z [info][Jellyfin Sync]: Beginning to process recently added for library: Shows 
2026-06-13T13:10:08.025Z [info][Jellyfin Sync]: Recently Added Scan Complete 
2026-06-13T13:11:00.002Z [debug][Jobs]: Starting scheduled job: Download Sync 
2026-06-13T13:12:00.006Z [debug][Jobs]: Starting scheduled job: Download Sync 
2026-06-13T13:13:00.006Z [debug][Jobs]: Starting scheduled job: Download Sync 
2026-06-13T13:14:00.021Z [debug][Jobs]: Starting scheduled job: Download Sync 
2026-06-13T13:15:00.021Z [debug][Jobs]: Starting scheduled job: Download Sync 
2026-06-13T13:15:00.023Z [info][Jobs]: Starting scheduled job: Jellyfin Recently Added Scan 
2026-06-13T13:15:00.024Z [info][Jellyfin Sync]: Scan starting {"sessionId":"ea7ddb39-a43e-480b-80a9-5ec3a73fbceb"}
2026-06-13T13:15:00.027Z [info][Jellyfin Sync]: Beginning to process recently added for library: Movies 
2026-06-13T13:15:04.033Z [info][Jellyfin Sync]: Beginning to process recently added for library: Shows 
2026-06-13T13:15:08.042Z [info][Jellyfin Sync]: Recently Added Scan Complete 
2026-06-13T13:16:00.031Z [debug][Jobs]: Starting scheduled job: Download Sync 
2026-06-13T13:17:00.036Z [debug][Jobs]: Starting scheduled job: Download Sync 
2026-06-13T13:18:00.026Z [debug][Jobs]: Starting scheduled job: Download Sync 
2026-06-13T13:19:00.033Z [debug][Jobs]: Starting scheduled job: Download Sync 
2026-06-13T13:20:00.027Z [debug][Jobs]: Starting scheduled job: Download Sync 
2026-06-13T13:20:00.028Z [info][Jobs]: Starting scheduled job: Jellyfin Recently Added Scan 
2026-06-13T13:20:00.028Z [info][Jellyfin Sync]: Scan starting {"sessionId":"9b1cdda8-3673-44c5-bfdd-b94f3779bbe4"}
2026-06-13T13:20:00.031Z [info][Jellyfin Sync]: Beginning to process recently added for library: Movies 
2026-06-13T13:20:04.037Z [info][Jellyfin Sync]: Beginning to process recently added for library: Shows 
2026-06-13T13:20:08.044Z [info][Jellyfin Sync]: Recently Added Scan Complete 
2026-06-13T13:21:00.027Z [debug][Jobs]: Starting scheduled job: Download Sync 
2026-06-13T13:22:00.033Z [debug][Jobs]: Starting scheduled job: Download Sync 
2026-06-13T13:23:00.032Z [debug][Jobs]: Starting scheduled job: Download Sync 
2026-06-13T13:24:00.032Z [debug][Jobs]: Starting scheduled job: Download Sync 
2026-06-13T13:25:00.029Z [debug][Jobs]: Starting scheduled job: Download Sync 
2026-06-13T13:25:00.033Z [info][Jobs]: Starting scheduled job: Jellyfin Recently Added Scan 
2026-06-13T13:25:00.033Z [info][Jellyfin Sync]: Scan starting {"sessionId":"781b8f3d-3f20-4101-ae98-4ba671490b5d"}
2026-06-13T13:25:00.036Z [info][Jellyfin Sync]: Beginning to process recently added for library: Movies 
2026-06-13T13:25:04.041Z [info][Jellyfin Sync]: Beginning to process recently added for library: Shows 
2026-06-13T13:25:08.049Z [info][Jellyfin Sync]: Recently Added Scan Complete 
2026-06-13T13:26:00.032Z [debug][Jobs]: Starting scheduled job: Download Sync 
2026-06-13T13:27:00.029Z [debug][Jobs]: Starting scheduled job: Download Sync 
2026-06-13T13:28:00.032Z [debug][Jobs]: Starting scheduled job: Download Sync 
2026-06-13T13:29:00.030Z [debug][Jobs]: Starting scheduled job: Download Sync 
2026-06-13T13:30:00.007Z [debug][Jobs]: Starting scheduled job: Download Sync 
2026-06-13T13:30:00.014Z [info][Jobs]: Starting scheduled job: Jellyfin Recently Added Scan 
2026-06-13T13:30:00.014Z [info][Jellyfin Sync]: Scan starting {"sessionId":"8fcbb594-7d1a-4644-a4f1-d14561a6ae5a"}
2026-06-13T13:30:00.016Z [info][Jellyfin Sync]: Beginning to process recently added for library: Movies 
2026-06-13T13:30:04.020Z [info][Jellyfin Sync]: Beginning to process recently added for library: Shows 
2026-06-13T13:30:08.028Z [info][Jellyfin Sync]: Recently Added Scan Complete 
2026-06-13T13:31:00.029Z [debug][Jobs]: Starting scheduled job: Download Sync 
2026-06-13T13:32:00.028Z [debug][Jobs]: Starting scheduled job: Download Sync 
2026-06-13T13:33:00.026Z [debug][Jobs]: Starting scheduled job: Download Sync 
2026-06-13T13:34:00.027Z [debug][Jobs]: Starting scheduled job: Download Sync 
2026-06-13T13:35:00.026Z [debug][Jobs]: Starting scheduled job: Download Sync 
2026-06-13T13:35:00.027Z [info][Jobs]: Starting scheduled job: Jellyfin Recently Added Scan 
2026-06-13T13:35:00.027Z [info][Jellyfin Sync]: Scan starting {"sessionId":"46b5479d-f876-4600-a408-5a28f42641a5"}
2026-06-13T13:35:00.030Z [info][Jellyfin Sync]: Beginning to process recently added for library: Movies 
2026-06-13T13:35:04.035Z [info][Jellyfin Sync]: Beginning to process recently added for library: Shows 
2026-06-13T13:35:08.042Z [info][Jellyfin Sync]: Recently Added Scan Complete 
2026-06-13T13:36:00.007Z [debug][Jobs]: Starting scheduled job: Download Sync 
2026-06-13T13:37:00.032Z [debug][Jobs]: Starting scheduled job: Download Sync 
2026-06-13T13:38:00.027Z [debug][Jobs]: Starting scheduled job: Download Sync 
2026-06-13T13:39:00.025Z [debug][Jobs]: Starting scheduled job: Download Sync 
2026-06-13T13:40:00.032Z [debug][Jobs]: Starting scheduled job: Download Sync 
2026-06-13T13:40:00.036Z [info][Jobs]: Starting scheduled job: Jellyfin Recently Added Scan 
2026-06-13T13:40:00.036Z [info][Jellyfin Sync]: Scan starting {"sessionId":"c839496b-9d1c-41df-bbe7-498c681b0a28"}
2026-06-13T13:40:00.039Z [info][Jellyfin Sync]: Beginning to process recently added for library: Movies 
2026-06-13T13:40:04.043Z [info][Jellyfin Sync]: Beginning to process recently added for library: Shows 
2026-06-13T13:40:08.053Z [info][Jellyfin Sync]: Recently Added Scan Complete 
2026-06-13T13:41:00.031Z [debug][Jobs]: Starting scheduled job: Download Sync 
2026-06-13T13:42:00.034Z [debug][Jobs]: Starting scheduled job: Download Sync 
2026-06-13T13:43:00.028Z [debug][Jobs]: Starting scheduled job: Download Sync 
2026-06-13T13:44:00.027Z [debug][Jobs]: Starting scheduled job: Download Sync 
2026-06-13T13:45:00.031Z [debug][Jobs]: Starting scheduled job: Download Sync 
2026-06-13T13:45:00.033Z [info][Jobs]: Starting scheduled job: Jellyfin Recently Added Scan 
2026-06-13T13:45:00.033Z [info][Jellyfin Sync]: Scan starting {"sessionId":"b430149b-c489-418c-9fb2-890b5d94e4bc"}
2026-06-13T13:45:00.036Z [info][Jellyfin Sync]: Beginning to process recently added for library: Movies 
2026-06-13T13:45:04.040Z [info][Jellyfin Sync]: Beginning to process recently added for library: Shows 
2026-06-13T13:45:08.050Z [info][Jellyfin Sync]: Recently Added Scan Complete 
2026-06-13T13:46:00.026Z [debug][Jobs]: Starting scheduled job: Download Sync 
2026-06-13T13:47:00.028Z [debug][Jobs]: Starting scheduled job: Download Sync 
2026-06-13T13:48:00.033Z [debug][Jobs]: Starting scheduled job: Download Sync 
2026-06-13T13:49:00.019Z [debug][Jobs]: Starting scheduled job: Download Sync 
2026-06-13T13:50:00.027Z [debug][Jobs]: Starting scheduled job: Download Sync 
2026-06-13T13:50:00.030Z [info][Jobs]: Starting scheduled job: Jellyfin Recently Added Scan 
2026-06-13T13:50:00.030Z [info][Jellyfin Sync]: Scan starting {"sessionId":"af4600b8-7e88-4197-9896-067566c29c5c"}
2026-06-13T13:50:00.032Z [info][Jellyfin Sync]: Beginning to process recently added for library: Movies 
2026-06-13T13:50:04.036Z [info][Jellyfin Sync]: Beginning to process recently added for library: Shows 
2026-06-13T13:50:08.040Z [info][Jellyfin Sync]: Recently Added Scan Complete 
2026-06-13T13:51:00.003Z [debug][Jobs]: Starting scheduled job: Download Sync 
2026-06-13T13:52:00.032Z [debug][Jobs]: Starting scheduled job: Download Sync 
2026-06-13T13:53:00.030Z [debug][Jobs]: Starting scheduled job: Download Sync 
2026-06-13T13:54:00.031Z [debug][Jobs]: Starting scheduled job: Download Sync 
2026-06-13T13:55:00.030Z [debug][Jobs]: Starting scheduled job: Download Sync 
2026-06-13T13:55:00.033Z [info][Jobs]: Starting scheduled job: Jellyfin Recently Added Scan 
2026-06-13T13:55:00.033Z [info][Jellyfin Sync]: Scan starting {"sessionId":"2adfc2f5-5238-4a21-909b-054100469a22"}
2026-06-13T13:55:00.036Z [info][Jellyfin Sync]: Beginning to process recently added for library: Movies 
2026-06-13T13:55:04.043Z [info][Jellyfin Sync]: Beginning to process recently added for library: Shows 
2026-06-13T13:55:08.052Z [info][Jellyfin Sync]: Recently Added Scan Complete 
2026-06-13T13:56:00.029Z [debug][Jobs]: Starting scheduled job: Download Sync 
2026-06-13T13:57:00.031Z [debug][Jobs]: Starting scheduled job: Download Sync 
