2026-06-03T00:00:00.025Z [debug][Jobs]: Starting scheduled job: Download Sync 
2026-06-03T00:00:00.036Z [info][Jobs]: Starting scheduled job: Jellyfin Recently Added Scan 
2026-06-03T00:00:00.036Z [info][Jellyfin Sync]: Scan starting {"sessionId":"9df964ac-72c7-473b-b018-083f9c1b5f1e"}
2026-06-03T00:00:00.042Z [info][Jellyfin Sync]: Beginning to process recently added for library: Movies 
2026-06-03T00:00:00.064Z [info][Jellyfin Sync]: Beginning to process recently added for library: Shows 
2026-06-03T00:00:00.093Z [debug][Jellyfin Sync]: Updating existing title: American Dad! 
2026-06-03T00:00:04.098Z [info][Jellyfin Sync]: Recently Added Scan Complete 
2026-06-03T00:01:00.017Z [debug][Jobs]: Starting scheduled job: Download Sync 
2026-06-03T00:02:00.026Z [debug][Jobs]: Starting scheduled job: Download Sync 
2026-06-03T00:03:00.008Z [debug][Jobs]: Starting scheduled job: Download Sync 
2026-06-03T00:04:00.030Z [debug][Jobs]: Starting scheduled job: Download Sync 
2026-06-03T00:05:00.018Z [debug][Jobs]: Starting scheduled job: Download Sync 
2026-06-03T00:05:00.020Z [info][Jobs]: Starting scheduled job: Jellyfin Recently Added Scan 
2026-06-03T00:05:00.020Z [info][Jellyfin Sync]: Scan starting {"sessionId":"e0cba131-1d2b-4b12-aeeb-36273d7670e2"}
2026-06-03T00:05:00.022Z [info][Jellyfin Sync]: Beginning to process recently added for library: Movies 
2026-06-03T00:05:00.044Z [info][Jellyfin Sync]: Beginning to process recently added for library: Shows 
2026-06-03T00:05:00.071Z [debug][Jellyfin Sync]: Updating existing title: American Dad! 
2026-06-03T00:05:04.076Z [info][Jellyfin Sync]: Recently Added Scan Complete 
2026-06-03T00:06:00.020Z [debug][Jobs]: Starting scheduled job: Download Sync 
2026-06-03T00:07:00.026Z [debug][Jobs]: Starting scheduled job: Download Sync 
2026-06-03T00:08:00.025Z [debug][Jobs]: Starting scheduled job: Download Sync 
2026-06-03T00:09:00.005Z [debug][Jobs]: Starting scheduled job: Download Sync 
2026-06-03T00:10:00.026Z [debug][Jobs]: Starting scheduled job: Download Sync 
2026-06-03T00:10:00.026Z [info][Jobs]: Starting scheduled job: Jellyfin Recently Added Scan 
2026-06-03T00:10:00.026Z [info][Jellyfin Sync]: Scan starting {"sessionId":"2306bc6d-19cf-499e-88f9-bd44406e4c5d"}
2026-06-03T00:10:00.029Z [info][Jellyfin Sync]: Beginning to process recently added for library: Movies 
2026-06-03T00:10:00.051Z [info][Jellyfin Sync]: Beginning to process recently added for library: Shows 
2026-06-03T00:10:00.079Z [debug][Jellyfin Sync]: Updating existing title: American Dad! 
2026-06-03T00:10:04.084Z [info][Jellyfin Sync]: Recently Added Scan Complete 
2026-06-03T00:11:00.004Z [debug][Jobs]: Starting scheduled job: Download Sync 
2026-06-03T00:12:00.027Z [debug][Jobs]: Starting scheduled job: Download Sync 
2026-06-03T00:13:00.021Z [debug][Jobs]: Starting scheduled job: Download Sync 
2026-06-03T00:14:00.026Z [debug][Jobs]: Starting scheduled job: Download Sync 
2026-06-03T00:15:00.004Z [debug][Jobs]: Starting scheduled job: Download Sync 
2026-06-03T00:15:00.005Z [info][Jobs]: Starting scheduled job: Jellyfin Recently Added Scan 
2026-06-03T00:15:00.006Z [info][Jellyfin Sync]: Scan starting {"sessionId":"0d808877-4336-44d9-b296-e91784083a66"}
2026-06-03T00:15:00.008Z [info][Jellyfin Sync]: Beginning to process recently added for library: Movies 
2026-06-03T00:15:00.031Z [info][Jellyfin Sync]: Beginning to process recently added for library: Shows 
2026-06-03T00:15:00.056Z [debug][Jellyfin Sync]: Updating existing title: American Dad! 
2026-06-03T00:15:04.057Z [info][Jellyfin Sync]: Recently Added Scan Complete 
2026-06-03T00:16:00.026Z [debug][Jobs]: Starting scheduled job: Download Sync 
2026-06-03T00:17:00.025Z [debug][Jobs]: Starting scheduled job: Download Sync 
2026-06-03T00:18:00.014Z [debug][Jobs]: Starting scheduled job: Download Sync 
2026-06-03T00:19:00.025Z [debug][Jobs]: Starting scheduled job: Download Sync 
2026-06-03T00:20:00.002Z [debug][Jobs]: Starting scheduled job: Download Sync 
2026-06-03T00:20:00.003Z [info][Jobs]: Starting scheduled job: Jellyfin Recently Added Scan 
2026-06-03T00:20:00.003Z [info][Jellyfin Sync]: Scan starting {"sessionId":"3dc95bae-ace5-442a-a595-ff5cba866143"}
2026-06-03T00:20:00.005Z [info][Jellyfin Sync]: Beginning to process recently added for library: Movies 
2026-06-03T00:20:00.028Z [info][Jellyfin Sync]: Beginning to process recently added for library: Shows 
2026-06-03T00:20:00.060Z [debug][Jellyfin Sync]: Updating existing title: American Dad! 
2026-06-03T00:20:04.060Z [info][Jellyfin Sync]: Recently Added Scan Complete 
2026-06-03T00:21:00.017Z [debug][Jobs]: Starting scheduled job: Download Sync 
2026-06-03T00:22:00.030Z [debug][Jobs]: Starting scheduled job: Download Sync 
2026-06-03T00:23:00.024Z [debug][Jobs]: Starting scheduled job: Download Sync 
2026-06-03T00:24:00.001Z [debug][Jobs]: Starting scheduled job: Download Sync 
2026-06-03T00:25:00.008Z [debug][Jobs]: Starting scheduled job: Download Sync 
2026-06-03T00:25:00.011Z [info][Jobs]: Starting scheduled job: Jellyfin Recently Added Scan 
2026-06-03T00:25:00.011Z [info][Jellyfin Sync]: Scan starting {"sessionId":"d7012962-c787-43b2-a6b9-55f7343f9e4b"}
2026-06-03T00:25:00.013Z [info][Jellyfin Sync]: Beginning to process recently added for library: Movies 
2026-06-03T00:25:00.038Z [info][Jellyfin Sync]: Beginning to process recently added for library: Shows 
2026-06-03T00:25:00.063Z [debug][Jellyfin Sync]: Updating existing title: American Dad! 
2026-06-03T00:25:04.068Z [info][Jellyfin Sync]: Recently Added Scan Complete 
2026-06-03T00:26:00.027Z [debug][Jobs]: Starting scheduled job: Download Sync 
2026-06-03T00:27:00.017Z [debug][Jobs]: Starting scheduled job: Download Sync 
2026-06-03T00:28:00.007Z [debug][Jobs]: Starting scheduled job: Download Sync 
2026-06-03T00:29:00.000Z [debug][Jobs]: Starting scheduled job: Download Sync 
2026-06-03T00:30:00.024Z [debug][Jobs]: Starting scheduled job: Download Sync 
2026-06-03T00:30:00.025Z [info][Jobs]: Starting scheduled job: Jellyfin Recently Added Scan 
2026-06-03T00:30:00.025Z [info][Jellyfin Sync]: Scan starting {"sessionId":"b8d4fa34-7b96-45e4-b256-1e96254f9e93"}
2026-06-03T00:30:00.027Z [info][Jellyfin Sync]: Beginning to process recently added for library: Movies 
2026-06-03T00:30:00.049Z [info][Jellyfin Sync]: Beginning to process recently added for library: Shows 
2026-06-03T00:30:00.077Z [debug][Jellyfin Sync]: Updating existing title: American Dad! 
2026-06-03T00:30:04.077Z [info][Jellyfin Sync]: Recently Added Scan Complete 
2026-06-03T00:31:00.013Z [debug][Jobs]: Starting scheduled job: Download Sync 
2026-06-03T00:32:00.016Z [debug][Jobs]: Starting scheduled job: Download Sync 
2026-06-03T00:33:00.024Z [debug][Jobs]: Starting scheduled job: Download Sync 
2026-06-03T00:34:00.026Z [debug][Jobs]: Starting scheduled job: Download Sync 
2026-06-03T00:35:00.001Z [debug][Jobs]: Starting scheduled job: Download Sync 
2026-06-03T00:35:00.002Z [info][Jobs]: Starting scheduled job: Jellyfin Recently Added Scan 
2026-06-03T00:35:00.002Z [info][Jellyfin Sync]: Scan starting {"sessionId":"4541301e-6dc0-44d7-9b0b-ccc417cf5db7"}
2026-06-03T00:35:00.005Z [info][Jellyfin Sync]: Beginning to process recently added for library: Movies 
2026-06-03T00:35:00.028Z [info][Jellyfin Sync]: Beginning to process recently added for library: Shows 
2026-06-03T00:35:00.056Z [debug][Jellyfin Sync]: Updating existing title: American Dad! 
2026-06-03T00:35:04.061Z [info][Jellyfin Sync]: Recently Added Scan Complete 
2026-06-03T00:36:00.009Z [debug][Jobs]: Starting scheduled job: Download Sync 
2026-06-03T00:37:00.024Z [debug][Jobs]: Starting scheduled job: Download Sync 
2026-06-03T00:38:00.009Z [debug][Jobs]: Starting scheduled job: Download Sync 
2026-06-03T00:39:00.002Z [debug][Jobs]: Starting scheduled job: Download Sync 
2026-06-03T00:40:00.010Z [debug][Jobs]: Starting scheduled job: Download Sync 
2026-06-03T00:40:00.013Z [info][Jobs]: Starting scheduled job: Jellyfin Recently Added Scan 
2026-06-03T00:40:00.014Z [info][Jellyfin Sync]: Scan starting {"sessionId":"78b946ae-0bbf-443f-9229-e87ead07bfad"}
2026-06-03T00:40:00.016Z [info][Jellyfin Sync]: Beginning to process recently added for library: Movies 
2026-06-03T00:40:00.040Z [info][Jellyfin Sync]: Beginning to process recently added for library: Shows 
2026-06-03T00:40:00.069Z [debug][Jellyfin Sync]: Updating existing title: American Dad! 
2026-06-03T00:40:04.074Z [info][Jellyfin Sync]: Recently Added Scan Complete 
2026-06-03T00:41:00.027Z [debug][Jobs]: Starting scheduled job: Download Sync 
2026-06-03T00:42:00.026Z [debug][Jobs]: Starting scheduled job: Download Sync 
2026-06-03T00:43:00.027Z [debug][Jobs]: Starting scheduled job: Download Sync 
2026-06-03T00:44:00.012Z [debug][Jobs]: Starting scheduled job: Download Sync 
2026-06-03T00:45:00.024Z [debug][Jobs]: Starting scheduled job: Download Sync 
2026-06-03T00:45:00.026Z [info][Jobs]: Starting scheduled job: Jellyfin Recently Added Scan 
2026-06-03T00:45:00.026Z [info][Jellyfin Sync]: Scan starting {"sessionId":"efa283a5-f578-468b-9cca-7fd92f114107"}
2026-06-03T00:45:00.028Z [info][Jellyfin Sync]: Beginning to process recently added for library: Movies 
2026-06-03T00:45:00.052Z [info][Jellyfin Sync]: Beginning to process recently added for library: Shows 
2026-06-03T00:45:00.084Z [debug][Jellyfin Sync]: Updating existing title: American Dad! 
2026-06-03T00:45:04.089Z [info][Jellyfin Sync]: Recently Added Scan Complete 
2026-06-03T00:46:00.001Z [debug][Jobs]: Starting scheduled job: Download Sync 
2026-06-03T00:47:00.023Z [debug][Jobs]: Starting scheduled job: Download Sync 
2026-06-03T00:48:00.014Z [debug][Jobs]: Starting scheduled job: Download Sync 
2026-06-03T00:49:00.023Z [debug][Jobs]: Starting scheduled job: Download Sync 
2026-06-03T00:50:00.007Z [debug][Jobs]: Starting scheduled job: Download Sync 
2026-06-03T00:50:00.008Z [info][Jobs]: Starting scheduled job: Jellyfin Recently Added Scan 
2026-06-03T00:50:00.008Z [info][Jellyfin Sync]: Scan starting {"sessionId":"c12de488-bb81-432f-94b0-c453abfbc529"}
2026-06-03T00:50:00.011Z [info][Jellyfin Sync]: Beginning to process recently added for library: Movies 
2026-06-03T00:50:00.036Z [info][Jellyfin Sync]: Beginning to process recently added for library: Shows 
2026-06-03T00:50:00.061Z [debug][Jellyfin Sync]: Updating existing title: American Dad! 
2026-06-03T00:50:04.066Z [info][Jellyfin Sync]: Recently Added Scan Complete 
2026-06-03T00:51:00.005Z [debug][Jobs]: Starting scheduled job: Download Sync 
2026-06-03T00:52:00.019Z [debug][Jobs]: Starting scheduled job: Download Sync 
2026-06-03T00:53:00.022Z [debug][Jobs]: Starting scheduled job: Download Sync 
2026-06-03T00:54:00.025Z [debug][Jobs]: Starting scheduled job: Download Sync 
2026-06-03T00:55:00.025Z [debug][Jobs]: Starting scheduled job: Download Sync 
2026-06-03T00:55:00.027Z [info][Jobs]: Starting scheduled job: Jellyfin Recently Added Scan 
2026-06-03T00:55:00.027Z [info][Jellyfin Sync]: Scan starting {"sessionId":"f858bdab-2afa-4118-af4a-a654469f8868"}
2026-06-03T00:55:00.029Z [info][Jellyfin Sync]: Beginning to process recently added for library: Movies 
2026-06-03T00:55:00.052Z [info][Jellyfin Sync]: Beginning to process recently added for library: Shows 
2026-06-03T00:55:00.081Z [debug][Jellyfin Sync]: Updating existing title: American Dad! 
2026-06-03T00:55:04.085Z [info][Jellyfin Sync]: Recently Added Scan Complete 
2026-06-03T00:56:00.026Z [debug][Jobs]: Starting scheduled job: Download Sync 
2026-06-03T00:57:00.008Z [debug][Jobs]: Starting scheduled job: Download Sync 
2026-06-03T00:58:00.010Z [debug][Jobs]: Starting scheduled job: Download Sync 
2026-06-03T00:59:00.028Z [debug][Jobs]: Starting scheduled job: Download Sync 
2026-06-03T01:00:00.025Z [debug][Jobs]: Starting scheduled job: Download Sync 
2026-06-03T01:00:00.028Z [info][Jobs]: Starting scheduled job: Jellyfin Recently Added Scan 
2026-06-03T01:00:00.028Z [info][Jellyfin Sync]: Scan starting {"sessionId":"5fd01ce5-23d2-4098-ae75-9eb255e545dc"}
2026-06-03T01:00:00.030Z [info][Jobs]: Starting scheduled job: Download Sync Reset 
2026-06-03T01:00:00.031Z [info][Jellyfin Sync]: Beginning to process recently added for library: Movies 
2026-06-03T01:00:00.055Z [info][Jellyfin Sync]: Beginning to process recently added for library: Shows 
2026-06-03T01:00:00.081Z [debug][Jellyfin Sync]: Updating existing title: American Dad! 
2026-06-03T01:00:04.086Z [info][Jellyfin Sync]: Recently Added Scan Complete 
2026-06-03T01:01:00.026Z [debug][Jobs]: Starting scheduled job: Download Sync 
2026-06-03T01:02:00.028Z [debug][Jobs]: Starting scheduled job: Download Sync 
2026-06-03T01:03:00.026Z [debug][Jobs]: Starting scheduled job: Download Sync 
2026-06-03T01:04:00.010Z [debug][Jobs]: Starting scheduled job: Download Sync 
2026-06-03T01:05:00.026Z [debug][Jobs]: Starting scheduled job: Download Sync 
2026-06-03T01:05:00.026Z [info][Jobs]: Starting scheduled job: Jellyfin Recently Added Scan 
2026-06-03T01:05:00.026Z [info][Jellyfin Sync]: Scan starting {"sessionId":"4355bbdb-4013-48f8-baee-8c3babe24d13"}
2026-06-03T01:05:00.029Z [info][Jellyfin Sync]: Beginning to process recently added for library: Movies 
2026-06-03T01:05:00.053Z [info][Jellyfin Sync]: Beginning to process recently added for library: Shows 
2026-06-03T01:05:00.078Z [debug][Jellyfin Sync]: Updating existing title: American Dad! 
2026-06-03T01:05:04.083Z [info][Jellyfin Sync]: Recently Added Scan Complete 
2026-06-03T01:06:00.025Z [debug][Jobs]: Starting scheduled job: Download Sync 
2026-06-03T01:07:00.030Z [debug][Jobs]: Starting scheduled job: Download Sync 
2026-06-03T01:08:00.025Z [debug][Jobs]: Starting scheduled job: Download Sync 
2026-06-03T01:09:00.001Z [debug][Jobs]: Starting scheduled job: Download Sync 
2026-06-03T01:10:00.022Z [debug][Jobs]: Starting scheduled job: Download Sync 
2026-06-03T01:10:00.023Z [info][Jobs]: Starting scheduled job: Jellyfin Recently Added Scan 
2026-06-03T01:10:00.023Z [info][Jellyfin Sync]: Scan starting {"sessionId":"bd3ab00c-82df-4ce4-ac8e-fa822c135c4a"}
2026-06-03T01:10:00.026Z [info][Jellyfin Sync]: Beginning to process recently added for library: Movies 
2026-06-03T01:10:00.051Z [info][Jellyfin Sync]: Beginning to process recently added for library: Shows 
2026-06-03T01:10:00.078Z [debug][Jellyfin Sync]: Updating existing title: American Dad! 
2026-06-03T01:10:04.082Z [info][Jellyfin Sync]: Recently Added Scan Complete 
2026-06-03T01:11:00.014Z [debug][Jobs]: Starting scheduled job: Download Sync 
2026-06-03T01:12:00.000Z [debug][Jobs]: Starting scheduled job: Download Sync 
2026-06-03T01:13:00.010Z [debug][Jobs]: Starting scheduled job: Download Sync 
2026-06-03T01:14:00.015Z [debug][Jobs]: Starting scheduled job: Download Sync 
2026-06-03T01:15:00.023Z [debug][Jobs]: Starting scheduled job: Download Sync 
2026-06-03T01:15:00.025Z [info][Jobs]: Starting scheduled job: Jellyfin Recently Added Scan 
2026-06-03T01:15:00.025Z [info][Jellyfin Sync]: Scan starting {"sessionId":"0509fd7f-9a23-4dd9-ac6c-ae3896414079"}
2026-06-03T01:15:00.028Z [info][Jellyfin Sync]: Beginning to process recently added for library: Movies 
2026-06-03T01:15:00.051Z [info][Jellyfin Sync]: Beginning to process recently added for library: Shows 
2026-06-03T01:15:00.083Z [debug][Jellyfin Sync]: Updating existing title: American Dad! 
2026-06-03T01:15:04.087Z [info][Jellyfin Sync]: Recently Added Scan Complete 
2026-06-03T01:16:00.026Z [debug][Jobs]: Starting scheduled job: Download Sync 
2026-06-03T01:17:00.027Z [debug][Jobs]: Starting scheduled job: Download Sync 
2026-06-03T01:18:00.024Z [debug][Jobs]: Starting scheduled job: Download Sync 
2026-06-03T01:19:00.006Z [debug][Jobs]: Starting scheduled job: Download Sync 
2026-06-03T01:20:00.007Z [debug][Jobs]: Starting scheduled job: Download Sync 
2026-06-03T01:20:00.009Z [info][Jobs]: Starting scheduled job: Jellyfin Recently Added Scan 
2026-06-03T01:20:00.010Z [info][Jellyfin Sync]: Scan starting {"sessionId":"6337b110-2bba-4d64-91c8-2001696656d1"}
2026-06-03T01:20:00.012Z [info][Jellyfin Sync]: Beginning to process recently added for library: Movies 
2026-06-03T01:20:00.037Z [info][Jellyfin Sync]: Beginning to process recently added for library: Shows 
2026-06-03T01:20:00.066Z [debug][Jellyfin Sync]: Updating existing title: American Dad! 
2026-06-03T01:20:04.072Z [info][Jellyfin Sync]: Recently Added Scan Complete 
2026-06-03T01:21:00.029Z [debug][Jobs]: Starting scheduled job: Download Sync 
2026-06-03T01:22:00.031Z [debug][Jobs]: Starting scheduled job: Download Sync 
2026-06-03T01:23:00.004Z [debug][Jobs]: Starting scheduled job: Download Sync 
2026-06-03T01:24:00.025Z [debug][Jobs]: Starting scheduled job: Download Sync 
2026-06-03T01:25:00.026Z [debug][Jobs]: Starting scheduled job: Download Sync 
2026-06-03T01:25:00.027Z [info][Jobs]: Starting scheduled job: Jellyfin Recently Added Scan 
2026-06-03T01:25:00.027Z [info][Jellyfin Sync]: Scan starting {"sessionId":"dca5a226-64be-48cd-a213-34f46e5a0cbb"}
2026-06-03T01:25:00.030Z [info][Jellyfin Sync]: Beginning to process recently added for library: Movies 
2026-06-03T01:25:00.054Z [info][Jellyfin Sync]: Beginning to process recently added for library: Shows 
2026-06-03T01:25:00.082Z [debug][Jellyfin Sync]: Updating existing title: American Dad! 
2026-06-03T01:25:04.087Z [info][Jellyfin Sync]: Recently Added Scan Complete 
2026-06-03T01:26:00.031Z [debug][Jobs]: Starting scheduled job: Download Sync 
2026-06-03T01:27:00.027Z [debug][Jobs]: Starting scheduled job: Download Sync 
2026-06-03T01:28:00.001Z [debug][Jobs]: Starting scheduled job: Download Sync 
2026-06-03T01:29:00.029Z [debug][Jobs]: Starting scheduled job: Download Sync 
2026-06-03T01:30:00.026Z [debug][Jobs]: Starting scheduled job: Download Sync 
2026-06-03T01:30:00.029Z [info][Jobs]: Starting scheduled job: Jellyfin Recently Added Scan 
2026-06-03T01:30:00.029Z [info][Jellyfin Sync]: Scan starting {"sessionId":"1a87884d-2d0c-4d95-8c00-a6bfc0bb785f"}
2026-06-03T01:30:00.031Z [info][Jellyfin Sync]: Beginning to process recently added for library: Movies 
2026-06-03T01:30:00.056Z [info][Jellyfin Sync]: Beginning to process recently added for library: Shows 
2026-06-03T01:30:00.080Z [debug][Jellyfin Sync]: Updating existing title: American Dad! 
2026-06-03T01:30:04.084Z [info][Jellyfin Sync]: Recently Added Scan Complete 
2026-06-03T01:31:00.029Z [debug][Jobs]: Starting scheduled job: Download Sync 
2026-06-03T01:32:00.030Z [debug][Jobs]: Starting scheduled job: Download Sync 
2026-06-03T01:33:00.025Z [debug][Jobs]: Starting scheduled job: Download Sync 
2026-06-03T01:34:00.001Z [debug][Jobs]: Starting scheduled job: Download Sync 
2026-06-03T01:35:00.025Z [debug][Jobs]: Starting scheduled job: Download Sync 
2026-06-03T01:35:00.027Z [info][Jobs]: Starting scheduled job: Jellyfin Recently Added Scan 
2026-06-03T01:35:00.027Z [info][Jellyfin Sync]: Scan starting {"sessionId":"ce59a3b2-94b9-41f8-8df3-1daf410e16d1"}
2026-06-03T01:35:00.029Z [info][Jellyfin Sync]: Beginning to process recently added for library: Movies 
2026-06-03T01:35:00.052Z [info][Jellyfin Sync]: Beginning to process recently added for library: Shows 
2026-06-03T01:35:00.077Z [debug][Jellyfin Sync]: Updating existing title: American Dad! 
2026-06-03T01:35:04.082Z [info][Jellyfin Sync]: Recently Added Scan Complete 
2026-06-03T01:36:00.027Z [debug][Jobs]: Starting scheduled job: Download Sync 
2026-06-03T01:37:00.026Z [debug][Jobs]: Starting scheduled job: Download Sync 
2026-06-03T01:38:00.017Z [debug][Jobs]: Starting scheduled job: Download Sync 
2026-06-03T01:39:00.003Z [debug][Jobs]: Starting scheduled job: Download Sync 
2026-06-03T01:40:00.002Z [debug][Jobs]: Starting scheduled job: Download Sync 
2026-06-03T01:40:00.004Z [info][Jobs]: Starting scheduled job: Jellyfin Recently Added Scan 
2026-06-03T01:40:00.004Z [info][Jellyfin Sync]: Scan starting {"sessionId":"a718b1a2-47a1-48e9-b0ac-4dac840d1975"}
2026-06-03T01:40:00.006Z [info][Jellyfin Sync]: Beginning to process recently added for library: Movies 
2026-06-03T01:40:00.038Z [info][Jellyfin Sync]: Beginning to process recently added for library: Shows 
2026-06-03T01:40:00.065Z [debug][Jellyfin Sync]: Updating existing title: American Dad! 
2026-06-03T01:40:04.070Z [info][Jellyfin Sync]: Recently Added Scan Complete 
2026-06-03T01:41:00.025Z [debug][Jobs]: Starting scheduled job: Download Sync 
2026-06-03T01:42:00.026Z [debug][Jobs]: Starting scheduled job: Download Sync 
2026-06-03T01:43:00.026Z [debug][Jobs]: Starting scheduled job: Download Sync 
2026-06-03T01:44:00.016Z [debug][Jobs]: Starting scheduled job: Download Sync 
2026-06-03T01:45:00.025Z [debug][Jobs]: Starting scheduled job: Download Sync 
2026-06-03T01:45:00.027Z [info][Jobs]: Starting scheduled job: Jellyfin Recently Added Scan 
2026-06-03T01:45:00.028Z [info][Jellyfin Sync]: Scan starting {"sessionId":"d3b2191a-fa52-43fe-884b-aff4b220a732"}
2026-06-03T01:45:00.030Z [info][Jellyfin Sync]: Beginning to process recently added for library: Movies 
2026-06-03T01:45:00.052Z [info][Jellyfin Sync]: Beginning to process recently added for library: Shows 
2026-06-03T01:45:00.078Z [debug][Jellyfin Sync]: Updating existing title: American Dad! 
2026-06-03T01:45:04.079Z [info][Jellyfin Sync]: Recently Added Scan Complete 
2026-06-03T01:46:00.026Z [debug][Jobs]: Starting scheduled job: Download Sync 
2026-06-03T01:47:00.025Z [debug][Jobs]: Starting scheduled job: Download Sync 
2026-06-03T01:48:00.026Z [debug][Jobs]: Starting scheduled job: Download Sync 
2026-06-03T01:49:00.025Z [debug][Jobs]: Starting scheduled job: Download Sync 
2026-06-03T01:50:00.004Z [debug][Jobs]: Starting scheduled job: Download Sync 
2026-06-03T01:50:00.006Z [info][Jobs]: Starting scheduled job: Jellyfin Recently Added Scan 
2026-06-03T01:50:00.006Z [info][Jellyfin Sync]: Scan starting {"sessionId":"3665f852-6412-471f-909e-391434227b71"}
2026-06-03T01:50:00.009Z [info][Jellyfin Sync]: Beginning to process recently added for library: Movies 
2026-06-03T01:50:00.033Z [info][Jellyfin Sync]: Beginning to process recently added for library: Shows 
2026-06-03T01:50:00.058Z [debug][Jellyfin Sync]: Updating existing title: American Dad! 
2026-06-03T01:50:04.062Z [info][Jellyfin Sync]: Recently Added Scan Complete 
2026-06-03T01:51:00.015Z [debug][Jobs]: Starting scheduled job: Download Sync 
2026-06-03T01:52:00.006Z [debug][Jobs]: Starting scheduled job: Download Sync 
2026-06-03T01:53:00.025Z [debug][Jobs]: Starting scheduled job: Download Sync 
2026-06-03T01:54:00.008Z [debug][Jobs]: Starting scheduled job: Download Sync 
2026-06-03T01:55:00.007Z [debug][Jobs]: Starting scheduled job: Download Sync 
2026-06-03T01:55:00.009Z [info][Jobs]: Starting scheduled job: Jellyfin Recently Added Scan 
2026-06-03T01:55:00.009Z [info][Jellyfin Sync]: Scan starting {"sessionId":"401751be-d099-4f2f-a34d-dbc0475d6515"}
2026-06-03T01:55:00.012Z [info][Jellyfin Sync]: Beginning to process recently added for library: Movies 
2026-06-03T01:55:00.034Z [info][Jellyfin Sync]: Beginning to process recently added for library: Shows 
2026-06-03T01:55:00.070Z [debug][Jellyfin Sync]: Updating existing title: American Dad! 
2026-06-03T01:55:04.073Z [info][Jellyfin Sync]: Recently Added Scan Complete 
2026-06-03T01:56:00.001Z [debug][Jobs]: Starting scheduled job: Download Sync 
2026-06-03T01:57:00.010Z [debug][Jobs]: Starting scheduled job: Download Sync 
2026-06-03T01:58:00.027Z [debug][Jobs]: Starting scheduled job: Download Sync 
2026-06-03T01:59:00.012Z [debug][Jobs]: Starting scheduled job: Download Sync 
2026-06-03T02:00:00.015Z [debug][Jobs]: Starting scheduled job: Download Sync 
2026-06-03T02:00:00.017Z [info][Jobs]: Starting scheduled job: Jellyfin Recently Added Scan 
2026-06-03T02:00:00.017Z [info][Jellyfin Sync]: Scan starting {"sessionId":"aa9c81f6-d623-4dba-95e0-91a3404bb946"}
2026-06-03T02:00:00.019Z [info][Jellyfin Sync]: Beginning to process recently added for library: Movies 
2026-06-03T02:00:00.042Z [info][Jellyfin Sync]: Beginning to process recently added for library: Shows 
2026-06-03T02:00:00.067Z [debug][Jellyfin Sync]: Updating existing title: American Dad! 
2026-06-03T02:00:04.072Z [info][Jellyfin Sync]: Recently Added Scan Complete 
2026-06-03T02:01:00.027Z [debug][Jobs]: Starting scheduled job: Download Sync 
2026-06-03T02:02:00.025Z [debug][Jobs]: Starting scheduled job: Download Sync 
2026-06-03T02:03:00.025Z [debug][Jobs]: Starting scheduled job: Download Sync 
2026-06-03T02:04:00.029Z [debug][Jobs]: Starting scheduled job: Download Sync 
2026-06-03T02:05:00.025Z [debug][Jobs]: Starting scheduled job: Download Sync 
2026-06-03T02:05:00.027Z [info][Jobs]: Starting scheduled job: Jellyfin Recently Added Scan 
2026-06-03T02:05:00.027Z [info][Jellyfin Sync]: Scan starting {"sessionId":"1ae699a2-693b-4da0-ae0b-084f1e8d0861"}
2026-06-03T02:05:00.029Z [info][Jellyfin Sync]: Beginning to process recently added for library: Movies 
2026-06-03T02:05:00.054Z [info][Jellyfin Sync]: Beginning to process recently added for library: Shows 
2026-06-03T02:05:00.082Z [debug][Jellyfin Sync]: Updating existing title: American Dad! 
2026-06-03T02:05:04.086Z [info][Jellyfin Sync]: Recently Added Scan Complete 
2026-06-03T02:06:00.005Z [debug][Jobs]: Starting scheduled job: Download Sync 
2026-06-03T02:07:00.020Z [debug][Jobs]: Starting scheduled job: Download Sync 
2026-06-03T02:08:00.026Z [debug][Jobs]: Starting scheduled job: Download Sync 
2026-06-03T02:09:00.013Z [debug][Jobs]: Starting scheduled job: Download Sync 
2026-06-03T02:10:00.026Z [debug][Jobs]: Starting scheduled job: Download Sync 
2026-06-03T02:10:00.027Z [info][Jobs]: Starting scheduled job: Jellyfin Recently Added Scan 
2026-06-03T02:10:00.027Z [info][Jellyfin Sync]: Scan starting {"sessionId":"68850aba-efe0-4a3d-a23d-ee4e4fec52bf"}
2026-06-03T02:10:00.030Z [info][Jellyfin Sync]: Beginning to process recently added for library: Movies 
2026-06-03T02:10:00.053Z [info][Jellyfin Sync]: Beginning to process recently added for library: Shows 
2026-06-03T02:10:00.083Z [debug][Jellyfin Sync]: Updating existing title: American Dad! 
2026-06-03T02:10:04.088Z [info][Jellyfin Sync]: Recently Added Scan Complete 
2026-06-03T02:11:00.002Z [debug][Jobs]: Starting scheduled job: Download Sync 
2026-06-03T02:12:00.026Z [debug][Jobs]: Starting scheduled job: Download Sync 
2026-06-03T02:13:00.028Z [debug][Jobs]: Starting scheduled job: Download Sync 
2026-06-03T02:14:00.010Z [debug][Jobs]: Starting scheduled job: Download Sync 
2026-06-03T02:15:00.009Z [debug][Jobs]: Starting scheduled job: Download Sync 
2026-06-03T02:15:00.010Z [info][Jobs]: Starting scheduled job: Jellyfin Recently Added Scan 
2026-06-03T02:15:00.010Z [info][Jellyfin Sync]: Scan starting {"sessionId":"d6efa4b3-e8e6-49b8-a7a7-e9479fe5d61b"}
2026-06-03T02:15:00.013Z [info][Jellyfin Sync]: Beginning to process recently added for library: Movies 
2026-06-03T02:15:00.037Z [info][Jellyfin Sync]: Beginning to process recently added for library: Shows 
2026-06-03T02:15:00.066Z [debug][Jellyfin Sync]: Updating existing title: American Dad! 
2026-06-03T02:15:04.071Z [info][Jellyfin Sync]: Recently Added Scan Complete 
2026-06-03T02:16:00.027Z [debug][Jobs]: Starting scheduled job: Download Sync 
2026-06-03T02:17:00.005Z [debug][Jobs]: Starting scheduled job: Download Sync 
2026-06-03T02:18:00.027Z [debug][Jobs]: Starting scheduled job: Download Sync 
2026-06-03T02:19:00.027Z [debug][Jobs]: Starting scheduled job: Download Sync 
2026-06-03T02:20:00.010Z [debug][Jobs]: Starting scheduled job: Download Sync 
2026-06-03T02:20:00.012Z [info][Jobs]: Starting scheduled job: Jellyfin Recently Added Scan 
2026-06-03T02:20:00.012Z [info][Jellyfin Sync]: Scan starting {"sessionId":"c988000b-a4f9-4eb9-b4a2-bc41ecb083a7"}
2026-06-03T02:20:00.015Z [info][Jellyfin Sync]: Beginning to process recently added for library: Movies 
2026-06-03T02:20:00.038Z [info][Jellyfin Sync]: Beginning to process recently added for library: Shows 
2026-06-03T02:20:00.068Z [debug][Jellyfin Sync]: Updating existing title: American Dad! 
2026-06-03T02:20:04.073Z [info][Jellyfin Sync]: Recently Added Scan Complete 
2026-06-03T02:21:00.029Z [debug][Jobs]: Starting scheduled job: Download Sync 
2026-06-03T02:22:00.029Z [debug][Jobs]: Starting scheduled job: Download Sync 
2026-06-03T02:23:00.001Z [debug][Jobs]: Starting scheduled job: Download Sync 
2026-06-03T02:24:00.005Z [debug][Jobs]: Starting scheduled job: Download Sync 
2026-06-03T02:25:00.025Z [debug][Jobs]: Starting scheduled job: Download Sync 
2026-06-03T02:25:00.028Z [info][Jobs]: Starting scheduled job: Jellyfin Recently Added Scan 
2026-06-03T02:25:00.028Z [info][Jellyfin Sync]: Scan starting {"sessionId":"63a6a7b7-63b6-4050-98de-1552921c7648"}
2026-06-03T02:25:00.030Z [info][Jellyfin Sync]: Beginning to process recently added for library: Movies 
2026-06-03T02:25:00.053Z [info][Jellyfin Sync]: Beginning to process recently added for library: Shows 
2026-06-03T02:25:00.079Z [debug][Jellyfin Sync]: Updating existing title: American Dad! 
2026-06-03T02:25:04.080Z [info][Jellyfin Sync]: Recently Added Scan Complete 
2026-06-03T02:26:00.015Z [debug][Jobs]: Starting scheduled job: Download Sync 
2026-06-03T02:27:00.016Z [debug][Jobs]: Starting scheduled job: Download Sync 
2026-06-03T02:28:00.018Z [debug][Jobs]: Starting scheduled job: Download Sync 
2026-06-03T02:29:00.017Z [debug][Jobs]: Starting scheduled job: Download Sync 
2026-06-03T02:30:00.017Z [debug][Jobs]: Starting scheduled job: Download Sync 
2026-06-03T02:30:00.020Z [info][Jobs]: Starting scheduled job: Jellyfin Recently Added Scan 
2026-06-03T02:30:00.020Z [info][Jellyfin Sync]: Scan starting {"sessionId":"8a2423ef-5881-427f-8636-a54034dd1391"}
2026-06-03T02:30:00.022Z [info][Jellyfin Sync]: Beginning to process recently added for library: Movies 
2026-06-03T02:30:00.044Z [info][Jellyfin Sync]: Beginning to process recently added for library: Shows 
2026-06-03T02:30:00.070Z [debug][Jellyfin Sync]: Updating existing title: American Dad! 
2026-06-03T02:30:04.075Z [info][Jellyfin Sync]: Recently Added Scan Complete 
2026-06-03T02:31:00.019Z [debug][Jobs]: Starting scheduled job: Download Sync 
2026-06-03T02:32:00.014Z [debug][Jobs]: Starting scheduled job: Download Sync 
2026-06-03T02:33:00.020Z [debug][Jobs]: Starting scheduled job: Download Sync 
2026-06-03T02:34:00.021Z [debug][Jobs]: Starting scheduled job: Download Sync 
2026-06-03T02:35:00.024Z [debug][Jobs]: Starting scheduled job: Download Sync 
2026-06-03T02:35:00.026Z [info][Jobs]: Starting scheduled job: Jellyfin Recently Added Scan 
2026-06-03T02:35:00.027Z [info][Jellyfin Sync]: Scan starting {"sessionId":"01d82b02-cfad-4112-8957-391c4462c951"}
2026-06-03T02:35:00.029Z [info][Jellyfin Sync]: Beginning to process recently added for library: Movies 
2026-06-03T02:35:00.052Z [info][Jellyfin Sync]: Beginning to process recently added for library: Shows 
2026-06-03T02:35:00.078Z [debug][Jellyfin Sync]: Updating existing title: American Dad! 
2026-06-03T02:35:04.083Z [info][Jellyfin Sync]: Recently Added Scan Complete 
2026-06-03T02:36:00.023Z [debug][Jobs]: Starting scheduled job: Download Sync 
2026-06-03T02:37:00.028Z [debug][Jobs]: Starting scheduled job: Download Sync 
2026-06-03T02:38:00.021Z [debug][Jobs]: Starting scheduled job: Download Sync 
2026-06-03T02:39:00.025Z [debug][Jobs]: Starting scheduled job: Download Sync 
2026-06-03T02:40:00.010Z [debug][Jobs]: Starting scheduled job: Download Sync 
2026-06-03T02:40:00.012Z [info][Jobs]: Starting scheduled job: Jellyfin Recently Added Scan 
2026-06-03T02:40:00.012Z [info][Jellyfin Sync]: Scan starting {"sessionId":"bd233d12-ec8f-42b8-b89b-f886b20a669d"}
2026-06-03T02:40:00.014Z [info][Jellyfin Sync]: Beginning to process recently added for library: Movies 
2026-06-03T02:40:00.037Z [info][Jellyfin Sync]: Beginning to process recently added for library: Shows 
2026-06-03T02:40:00.062Z [debug][Jellyfin Sync]: Updating existing title: American Dad! 
2026-06-03T02:40:04.067Z [info][Jellyfin Sync]: Recently Added Scan Complete 
2026-06-03T02:41:00.028Z [debug][Jobs]: Starting scheduled job: Download Sync 
2026-06-03T02:42:00.017Z [debug][Jobs]: Starting scheduled job: Download Sync 
2026-06-03T02:43:00.000Z [debug][Jobs]: Starting scheduled job: Download Sync 
2026-06-03T02:44:00.003Z [debug][Jobs]: Starting scheduled job: Download Sync 
2026-06-03T02:45:00.027Z [debug][Jobs]: Starting scheduled job: Download Sync 
2026-06-03T02:45:00.032Z [info][Jobs]: Starting scheduled job: Jellyfin Recently Added Scan 
2026-06-03T02:45:00.032Z [info][Jellyfin Sync]: Scan starting {"sessionId":"17b00551-75a1-4a5d-9d14-696aa3c22d9e"}
2026-06-03T02:45:00.035Z [info][Jellyfin Sync]: Beginning to process recently added for library: Movies 
2026-06-03T02:45:00.058Z [info][Jellyfin Sync]: Beginning to process recently added for library: Shows 
2026-06-03T02:45:00.081Z [debug][Jellyfin Sync]: Updating existing title: American Dad! 
2026-06-03T02:45:04.086Z [info][Jellyfin Sync]: Recently Added Scan Complete 
2026-06-03T02:46:00.025Z [debug][Jobs]: Starting scheduled job: Download Sync 
2026-06-03T02:47:00.024Z [debug][Jobs]: Starting scheduled job: Download Sync 
2026-06-03T02:48:00.009Z [debug][Jobs]: Starting scheduled job: Download Sync 
2026-06-03T02:49:00.003Z [debug][Jobs]: Starting scheduled job: Download Sync 
2026-06-03T02:50:00.013Z [debug][Jobs]: Starting scheduled job: Download Sync 
2026-06-03T02:50:00.016Z [info][Jobs]: Starting scheduled job: Jellyfin Recently Added Scan 
2026-06-03T02:50:00.016Z [info][Jellyfin Sync]: Scan starting {"sessionId":"bc152e31-99c8-4f1b-9c04-b84ed9c21bd4"}
2026-06-03T02:50:00.018Z [info][Jellyfin Sync]: Beginning to process recently added for library: Movies 
2026-06-03T02:50:00.040Z [info][Jellyfin Sync]: Beginning to process recently added for library: Shows 
2026-06-03T02:50:00.066Z [debug][Jellyfin Sync]: Updating existing title: American Dad! 
2026-06-03T02:50:04.071Z [info][Jellyfin Sync]: Recently Added Scan Complete 
2026-06-03T02:51:00.025Z [debug][Jobs]: Starting scheduled job: Download Sync 
2026-06-03T02:52:00.011Z [debug][Jobs]: Starting scheduled job: Download Sync 
2026-06-03T02:53:00.005Z [debug][Jobs]: Starting scheduled job: Download Sync 
2026-06-03T02:54:00.026Z [debug][Jobs]: Starting scheduled job: Download Sync 
2026-06-03T02:55:00.025Z [debug][Jobs]: Starting scheduled job: Download Sync 
2026-06-03T02:55:00.027Z [info][Jobs]: Starting scheduled job: Jellyfin Recently Added Scan 
2026-06-03T02:55:00.027Z [info][Jellyfin Sync]: Scan starting {"sessionId":"1f87bf7b-ed93-472b-a42a-89c9871de83a"}
2026-06-03T02:55:00.030Z [info][Jellyfin Sync]: Beginning to process recently added for library: Movies 
2026-06-03T02:55:00.052Z [info][Jellyfin Sync]: Beginning to process recently added for library: Shows 
2026-06-03T02:55:00.076Z [debug][Jellyfin Sync]: Updating existing title: American Dad! 
2026-06-03T02:55:04.082Z [info][Jellyfin Sync]: Recently Added Scan Complete 
2026-06-03T02:56:00.001Z [debug][Jobs]: Starting scheduled job: Download Sync 
2026-06-03T02:57:00.025Z [debug][Jobs]: Starting scheduled job: Download Sync 
2026-06-03T02:58:00.023Z [debug][Jobs]: Starting scheduled job: Download Sync 
2026-06-03T02:59:00.007Z [debug][Jobs]: Starting scheduled job: Download Sync 
2026-06-03T03:00:00.023Z [debug][Jobs]: Starting scheduled job: Download Sync 
2026-06-03T03:00:00.026Z [info][Jobs]: Starting scheduled job: Jellyfin Recently Added Scan 
2026-06-03T03:00:00.026Z [info][Jellyfin Sync]: Scan starting {"sessionId":"dede1e25-9b99-4c1c-a01e-2879855d2bec"}
2026-06-03T03:00:00.028Z [info][Jobs]: Starting scheduled job: Jellyfin Full Scan 
2026-06-03T03:00:00.028Z [info][Jellyfin Sync]: Scan starting {"sessionId":"e9b734ad-5b5b-474d-adc2-8d0dbfcfa871"}
2026-06-03T03:00:00.031Z [info][Jellyfin Sync]: Beginning to process library: Movies 
2026-06-03T03:00:00.032Z [info][Jellyfin Sync]: Beginning to process recently added for library: Movies 
2026-06-03T03:00:00.069Z [info][Jellyfin Sync]: Beginning to process library: Shows 
2026-06-03T03:00:00.069Z [info][Jellyfin Sync]: Beginning to process recently added for library: Shows 
2026-06-03T03:00:00.095Z [debug][Jellyfin Sync]: Updating existing title: American Dad! 
2026-06-03T03:00:00.124Z [debug][Jellyfin Sync]: Updating existing title: American Dad! 
2026-06-03T03:00:00.143Z [debug][Jellyfin Sync]: Detected 1 new standard season(s) for Spider-Noir 
2026-06-03T03:00:00.155Z [debug][Jellyfin Sync]: Updating existing title: Spider-Noir 
2026-06-03T03:00:00.173Z [info][Notifications]: Sending notification(s) for MEDIA_AVAILABLE {"subject":"Spider-Noir (2026)"}
2026-06-03T03:00:04.100Z [info][Jellyfin Sync]: Recently Added Scan Complete 
2026-06-03T03:00:04.156Z [info][Jellyfin Sync]: Full Scan Complete 
2026-06-03T03:01:00.026Z [debug][Jobs]: Starting scheduled job: Download Sync 
2026-06-03T03:02:00.001Z [debug][Jobs]: Starting scheduled job: Download Sync 
2026-06-03T03:03:00.007Z [debug][Jobs]: Starting scheduled job: Download Sync 
2026-06-03T03:04:00.007Z [debug][Jobs]: Starting scheduled job: Download Sync 
2026-06-03T03:05:00.024Z [debug][Jobs]: Starting scheduled job: Download Sync 
2026-06-03T03:05:00.025Z [info][Jobs]: Starting scheduled job: Jellyfin Recently Added Scan 
2026-06-03T03:05:00.025Z [info][Jellyfin Sync]: Scan starting {"sessionId":"66065090-fdf2-4de6-8c26-8f14b18fa680"}
2026-06-03T03:05:00.028Z [info][Jellyfin Sync]: Beginning to process recently added for library: Movies 
2026-06-03T03:05:00.052Z [info][Jellyfin Sync]: Beginning to process recently added for library: Shows 
2026-06-03T03:05:00.082Z [debug][Jellyfin Sync]: Updating existing title: American Dad! 
2026-06-03T03:05:04.083Z [info][Jellyfin Sync]: Recently Added Scan Complete 
2026-06-03T03:06:00.028Z [debug][Jobs]: Starting scheduled job: Download Sync 
2026-06-03T03:07:00.027Z [debug][Jobs]: Starting scheduled job: Download Sync 
2026-06-03T03:08:00.003Z [debug][Jobs]: Starting scheduled job: Download Sync 
2026-06-03T03:09:00.022Z [debug][Jobs]: Starting scheduled job: Download Sync 
2026-06-03T03:10:00.025Z [debug][Jobs]: Starting scheduled job: Download Sync 
2026-06-03T03:10:00.028Z [info][Jobs]: Starting scheduled job: Jellyfin Recently Added Scan 
2026-06-03T03:10:00.028Z [info][Jellyfin Sync]: Scan starting {"sessionId":"8017dcb0-0385-44e7-8107-16c78db25b4e"}
2026-06-03T03:10:00.030Z [info][Jellyfin Sync]: Beginning to process recently added for library: Movies 
2026-06-03T03:10:00.057Z [info][Jellyfin Sync]: Beginning to process recently added for library: Shows 
2026-06-03T03:10:00.083Z [debug][Jellyfin Sync]: Updating existing title: American Dad! 
2026-06-03T03:10:04.088Z [info][Jellyfin Sync]: Recently Added Scan Complete 
2026-06-03T03:11:00.016Z [debug][Jobs]: Starting scheduled job: Download Sync 
2026-06-03T03:12:00.002Z [debug][Jobs]: Starting scheduled job: Download Sync 
2026-06-03T03:13:00.027Z [debug][Jobs]: Starting scheduled job: Download Sync 
2026-06-03T03:14:00.002Z [debug][Jobs]: Starting scheduled job: Download Sync 
2026-06-03T03:15:00.027Z [debug][Jobs]: Starting scheduled job: Download Sync 
2026-06-03T03:15:00.030Z [info][Jobs]: Starting scheduled job: Jellyfin Recently Added Scan 
2026-06-03T03:15:00.030Z [info][Jellyfin Sync]: Scan starting {"sessionId":"79efcd94-c477-4586-9401-2adfdc96f0c0"}
2026-06-03T03:15:00.033Z [info][Jellyfin Sync]: Beginning to process recently added for library: Movies 
2026-06-03T03:15:00.111Z [info][Jellyfin Sync]: Media for Soundtrack to a Coup d'Etat exists. Changes were detected and the title will be updated. 
2026-06-03T03:15:00.126Z [info][Jellyfin Sync]: Media for Sorry to Bother You exists. Changes were detected and the title will be updated. 
2026-06-03T03:15:00.128Z [info][Notifications]: Sending notification(s) for MEDIA_AVAILABLE {"subject":"Soundtrack to a Coup d'Etat (2024)"}
2026-06-03T03:15:00.133Z [info][Notifications]: Sending notification(s) for MEDIA_AVAILABLE {"subject":"Sorry to Bother You (2018)"}
2026-06-03T03:15:04.131Z [info][Jellyfin Sync]: Beginning to process recently added for library: Shows 
2026-06-03T03:15:04.158Z [debug][Jellyfin Sync]: Updating existing title: American Dad! 
2026-06-03T03:15:08.161Z [info][Jellyfin Sync]: Recently Added Scan Complete 
2026-06-03T03:16:00.013Z [debug][Jobs]: Starting scheduled job: Download Sync 
2026-06-03T03:17:00.007Z [debug][Jobs]: Starting scheduled job: Download Sync 
2026-06-03T03:18:00.025Z [debug][Jobs]: Starting scheduled job: Download Sync 
2026-06-03T03:19:00.003Z [debug][Jobs]: Starting scheduled job: Download Sync 
2026-06-03T03:20:00.002Z [debug][Jobs]: Starting scheduled job: Download Sync 
2026-06-03T03:20:00.004Z [info][Jobs]: Starting scheduled job: Jellyfin Recently Added Scan 
2026-06-03T03:20:00.004Z [info][Jellyfin Sync]: Scan starting {"sessionId":"58737e83-be92-4047-843a-b1ac310f4d4a"}
2026-06-03T03:20:00.006Z [info][Jellyfin Sync]: Beginning to process recently added for library: Movies 
2026-06-03T03:20:00.019Z [debug][Jellyfin Sync]: Title already exists and no changes detected for Soundtrack to a Coup d'Etat 
2026-06-03T03:20:00.021Z [debug][Jellyfin Sync]: Title already exists and no changes detected for Sorry to Bother You 
2026-06-03T03:20:04.026Z [info][Jellyfin Sync]: Beginning to process recently added for library: Shows 
2026-06-03T03:20:04.051Z [debug][Jellyfin Sync]: Updating existing title: American Dad! 
2026-06-03T03:20:08.054Z [info][Jellyfin Sync]: Recently Added Scan Complete 
2026-06-03T03:21:00.007Z [debug][Jobs]: Starting scheduled job: Download Sync 
2026-06-03T03:22:00.001Z [debug][Jobs]: Starting scheduled job: Download Sync 
2026-06-03T03:23:00.024Z [debug][Jobs]: Starting scheduled job: Download Sync 
2026-06-03T03:24:00.003Z [debug][Jobs]: Starting scheduled job: Download Sync 
2026-06-03T03:25:00.002Z [debug][Jobs]: Starting scheduled job: Download Sync 
2026-06-03T03:25:00.003Z [info][Jobs]: Starting scheduled job: Jellyfin Recently Added Scan 
2026-06-03T03:25:00.004Z [info][Jellyfin Sync]: Scan starting {"sessionId":"1c822c0c-471d-4a8f-9d34-517f4482195a"}
2026-06-03T03:25:00.006Z [info][Jellyfin Sync]: Beginning to process recently added for library: Movies 
2026-06-03T03:25:00.021Z [debug][Jellyfin Sync]: Title already exists and no changes detected for Soundtrack to a Coup d'Etat 
2026-06-03T03:25:00.022Z [debug][Jellyfin Sync]: Title already exists and no changes detected for Sorry to Bother You 
2026-06-03T03:25:04.023Z [info][Jellyfin Sync]: Beginning to process recently added for library: Shows 
2026-06-03T03:25:04.079Z [debug][Jellyfin Sync]: Updating existing title: American Dad! 
2026-06-03T03:25:08.082Z [info][Jellyfin Sync]: Recently Added Scan Complete 
2026-06-03T03:26:00.025Z [debug][Jobs]: Starting scheduled job: Download Sync 
2026-06-03T03:27:00.024Z [debug][Jobs]: Starting scheduled job: Download Sync 
2026-06-03T03:28:00.013Z [debug][Jobs]: Starting scheduled job: Download Sync 
2026-06-03T03:29:00.003Z [debug][Jobs]: Starting scheduled job: Download Sync 
2026-06-03T03:30:00.024Z [debug][Jobs]: Starting scheduled job: Download Sync 
2026-06-03T03:30:00.025Z [info][Jobs]: Starting scheduled job: Jellyfin Recently Added Scan 
2026-06-03T03:30:00.025Z [info][Jellyfin Sync]: Scan starting {"sessionId":"83f486a9-eaf0-4b5c-b167-2a2551695e3f"}
2026-06-03T03:30:00.028Z [info][Jellyfin Sync]: Beginning to process recently added for library: Movies 
2026-06-03T03:30:00.045Z [debug][Jellyfin Sync]: Title already exists and no changes detected for Soundtrack to a Coup d'Etat 
2026-06-03T03:30:00.046Z [debug][Jellyfin Sync]: Title already exists and no changes detected for Sorry to Bother You 
2026-06-03T03:30:04.051Z [info][Jellyfin Sync]: Beginning to process recently added for library: Shows 
2026-06-03T03:30:04.078Z [debug][Jellyfin Sync]: Updating existing title: American Dad! 
2026-06-03T03:30:08.081Z [info][Jellyfin Sync]: Recently Added Scan Complete 
2026-06-03T03:31:00.011Z [debug][Jobs]: Starting scheduled job: Download Sync 
2026-06-03T03:32:00.005Z [debug][Jobs]: Starting scheduled job: Download Sync 
2026-06-03T03:33:00.024Z [debug][Jobs]: Starting scheduled job: Download Sync 
2026-06-03T03:34:00.024Z [debug][Jobs]: Starting scheduled job: Download Sync 
2026-06-03T03:35:00.001Z [debug][Jobs]: Starting scheduled job: Download Sync 
2026-06-03T03:35:00.002Z [info][Jobs]: Starting scheduled job: Jellyfin Recently Added Scan 
2026-06-03T03:35:00.002Z [info][Jellyfin Sync]: Scan starting {"sessionId":"96994683-4295-43cc-9dc4-6a142aca3930"}
2026-06-03T03:35:00.004Z [info][Jellyfin Sync]: Beginning to process recently added for library: Movies 
2026-06-03T03:35:00.015Z [error][Jellyfin API]: Something went wrong while getting library content from the Jellyfin server: Request failed with status code 404 {"error":404}
2026-06-03T03:35:00.016Z [error][Jellyfin Sync]: Sync interrupted {"errorMessage":""}
2026-06-03T03:36:00.001Z [debug][Jobs]: Starting scheduled job: Download Sync 
2026-06-03T03:37:00.008Z [debug][Jobs]: Starting scheduled job: Download Sync 
2026-06-03T03:38:00.003Z [debug][Jobs]: Starting scheduled job: Download Sync 
2026-06-03T03:39:00.005Z [debug][Jobs]: Starting scheduled job: Download Sync 
2026-06-03T03:40:00.007Z [debug][Jobs]: Starting scheduled job: Download Sync 
2026-06-03T03:40:00.009Z [info][Jobs]: Starting scheduled job: Jellyfin Recently Added Scan 
2026-06-03T03:40:00.009Z [info][Jellyfin Sync]: Scan starting {"sessionId":"d1e7f0ee-b598-480e-a7a3-be9f57e70b3f"}
2026-06-03T03:40:00.012Z [info][Jellyfin Sync]: Beginning to process recently added for library: Movies 
2026-06-03T03:40:00.016Z [error][Jellyfin API]: Something went wrong while getting library content from the Jellyfin server: Request failed with status code 404 {"error":404}
2026-06-03T03:40:00.016Z [error][Jellyfin Sync]: Sync interrupted {"errorMessage":""}
2026-06-03T03:41:00.007Z [debug][Jobs]: Starting scheduled job: Download Sync 
2026-06-03T03:42:00.002Z [debug][Jobs]: Starting scheduled job: Download Sync 
2026-06-03T03:43:00.026Z [debug][Jobs]: Starting scheduled job: Download Sync 
2026-06-03T03:44:00.010Z [debug][Jobs]: Starting scheduled job: Download Sync 
2026-06-03T03:45:00.025Z [debug][Jobs]: Starting scheduled job: Download Sync 
2026-06-03T03:45:00.026Z [info][Jobs]: Starting scheduled job: Jellyfin Recently Added Scan 
2026-06-03T03:45:00.026Z [info][Jellyfin Sync]: Scan starting {"sessionId":"db559060-d96e-4375-8929-4a416d38b200"}
2026-06-03T03:45:00.029Z [info][Jellyfin Sync]: Beginning to process recently added for library: Movies 
2026-06-03T03:45:00.032Z [error][Jellyfin API]: Something went wrong while getting library content from the Jellyfin server: Request failed with status code 404 {"error":404}
2026-06-03T03:45:00.032Z [error][Jellyfin Sync]: Sync interrupted {"errorMessage":""}
2026-06-03T03:46:00.007Z [debug][Jobs]: Starting scheduled job: Download Sync 
2026-06-03T03:47:00.025Z [debug][Jobs]: Starting scheduled job: Download Sync 
2026-06-03T03:48:00.002Z [debug][Jobs]: Starting scheduled job: Download Sync 
2026-06-03T03:49:00.025Z [debug][Jobs]: Starting scheduled job: Download Sync 
2026-06-03T03:50:00.002Z [debug][Jobs]: Starting scheduled job: Download Sync 
2026-06-03T03:50:00.004Z [info][Jobs]: Starting scheduled job: Jellyfin Recently Added Scan 
2026-06-03T03:50:00.004Z [info][Jellyfin Sync]: Scan starting {"sessionId":"40285caa-e146-4ff8-8cc8-6be50f639cba"}
2026-06-03T03:50:00.008Z [info][Jellyfin Sync]: Beginning to process recently added for library: Movies 
2026-06-03T03:50:04.018Z [info][Jellyfin Sync]: Beginning to process recently added for library: Shows 
2026-06-03T03:50:08.025Z [info][Jellyfin Sync]: Recently Added Scan Complete 
2026-06-03T03:51:00.008Z [debug][Jobs]: Starting scheduled job: Download Sync 
2026-06-03T03:52:00.024Z [debug][Jobs]: Starting scheduled job: Download Sync 
2026-06-03T03:53:00.025Z [debug][Jobs]: Starting scheduled job: Download Sync 
2026-06-03T03:54:00.024Z [debug][Jobs]: Starting scheduled job: Download Sync 
2026-06-03T03:55:00.024Z [debug][Jobs]: Starting scheduled job: Download Sync 
2026-06-03T03:55:00.025Z [info][Jobs]: Starting scheduled job: Jellyfin Recently Added Scan 
2026-06-03T03:55:00.025Z [info][Jellyfin Sync]: Scan starting {"sessionId":"f569d021-17e8-4a24-8b7a-7fa5c89a1487"}
2026-06-03T03:55:00.028Z [info][Jellyfin Sync]: Beginning to process recently added for library: Movies 
2026-06-03T03:55:04.036Z [info][Jellyfin Sync]: Beginning to process recently added for library: Shows 
2026-06-03T03:55:08.041Z [info][Jellyfin Sync]: Recently Added Scan Complete 
2026-06-03T03:56:00.001Z [debug][Jobs]: Starting scheduled job: Download Sync 
2026-06-03T03:57:00.024Z [debug][Jobs]: Starting scheduled job: Download Sync 
2026-06-03T03:58:00.025Z [debug][Jobs]: Starting scheduled job: Download Sync 
2026-06-03T03:59:00.024Z [debug][Jobs]: Starting scheduled job: Download Sync 
2026-06-03T04:00:00.024Z [debug][Jobs]: Starting scheduled job: Download Sync 
2026-06-03T04:00:00.025Z [info][Jobs]: Starting scheduled job: Jellyfin Recently Added Scan 
2026-06-03T04:00:00.025Z [info][Jellyfin Sync]: Scan starting {"sessionId":"54b7bc75-ac6a-43cb-9772-17eadea80494"}
2026-06-03T04:00:00.027Z [info][Jobs]: Starting scheduled job: Radarr Scan 
2026-06-03T04:00:00.028Z [info][Radarr Scan]: Scan starting {"sessionId":"9cd7ceaf-a4b0-4dc2-9c98-379f4c7c8051"}
2026-06-03T04:00:00.028Z [debug][Radarr Scan]: Sync not enabled. Skipping Radarr server: mawk_radarr 
2026-06-03T04:00:00.028Z [info][Radarr Scan]: Radarr scan complete 
2026-06-03T04:00:00.030Z [info][Jellyfin Sync]: Beginning to process recently added for library: Movies 
2026-06-03T04:00:04.034Z [info][Jellyfin Sync]: Beginning to process recently added for library: Shows 
2026-06-03T04:00:08.039Z [info][Jellyfin Sync]: Recently Added Scan Complete 
2026-06-03T04:01:00.029Z [debug][Jobs]: Starting scheduled job: Download Sync 
2026-06-03T04:02:00.024Z [debug][Jobs]: Starting scheduled job: Download Sync 
2026-06-03T04:03:00.013Z [debug][Jobs]: Starting scheduled job: Download Sync 
2026-06-03T04:04:00.026Z [debug][Jobs]: Starting scheduled job: Download Sync 
2026-06-03T04:05:00.002Z [debug][Jobs]: Starting scheduled job: Download Sync 
2026-06-03T04:05:00.004Z [info][Jobs]: Starting scheduled job: Jellyfin Recently Added Scan 
2026-06-03T04:05:00.004Z [info][Jellyfin Sync]: Scan starting {"sessionId":"908529ba-d582-4a59-8332-27601743ef58"}
2026-06-03T04:05:00.007Z [info][Jellyfin Sync]: Beginning to process recently added for library: Movies 
2026-06-03T04:05:04.011Z [info][Jellyfin Sync]: Beginning to process recently added for library: Shows 
2026-06-03T04:05:08.017Z [info][Jellyfin Sync]: Recently Added Scan Complete 
2026-06-03T04:06:00.009Z [debug][Jobs]: Starting scheduled job: Download Sync 
2026-06-03T04:07:00.017Z [debug][Jobs]: Starting scheduled job: Download Sync 
2026-06-03T04:08:00.004Z [debug][Jobs]: Starting scheduled job: Download Sync 
2026-06-03T04:09:00.002Z [debug][Jobs]: Starting scheduled job: Download Sync 
2026-06-03T04:10:00.004Z [debug][Jobs]: Starting scheduled job: Download Sync 
2026-06-03T04:10:00.005Z [info][Jobs]: Starting scheduled job: Jellyfin Recently Added Scan 
2026-06-03T04:10:00.006Z [info][Jellyfin Sync]: Scan starting {"sessionId":"68e07152-429b-4301-805f-b8e1daaeb706"}
2026-06-03T04:10:00.008Z [info][Jellyfin Sync]: Beginning to process recently added for library: Movies 
2026-06-03T04:10:04.015Z [info][Jellyfin Sync]: Beginning to process recently added for library: Shows 
2026-06-03T04:10:08.021Z [info][Jellyfin Sync]: Recently Added Scan Complete 
2026-06-03T04:11:00.004Z [debug][Jobs]: Starting scheduled job: Download Sync 
2026-06-03T04:12:00.007Z [debug][Jobs]: Starting scheduled job: Download Sync 
2026-06-03T04:13:00.024Z [debug][Jobs]: Starting scheduled job: Download Sync 
2026-06-03T04:14:00.025Z [debug][Jobs]: Starting scheduled job: Download Sync 
2026-06-03T04:15:00.000Z [debug][Jobs]: Starting scheduled job: Download Sync 
2026-06-03T04:15:00.002Z [info][Jobs]: Starting scheduled job: Jellyfin Recently Added Scan 
2026-06-03T04:15:00.002Z [info][Jellyfin Sync]: Scan starting {"sessionId":"fecd3420-b469-4692-b4b8-0896bc0974cd"}
2026-06-03T04:15:00.006Z [info][Jellyfin Sync]: Beginning to process recently added for library: Movies 
2026-06-03T04:15:04.015Z [info][Jellyfin Sync]: Beginning to process recently added for library: Shows 
2026-06-03T04:15:08.021Z [info][Jellyfin Sync]: Recently Added Scan Complete 
2026-06-03T04:16:00.007Z [debug][Jobs]: Starting scheduled job: Download Sync 
2026-06-03T04:17:00.001Z [debug][Jobs]: Starting scheduled job: Download Sync 
2026-06-03T04:18:00.003Z [debug][Jobs]: Starting scheduled job: Download Sync 
2026-06-03T04:19:00.002Z [debug][Jobs]: Starting scheduled job: Download Sync 
2026-06-03T04:20:00.003Z [debug][Jobs]: Starting scheduled job: Download Sync 
2026-06-03T04:20:00.010Z [info][Jobs]: Starting scheduled job: Jellyfin Recently Added Scan 
2026-06-03T04:20:00.010Z [info][Jellyfin Sync]: Scan starting {"sessionId":"b56a88b6-8b48-47cc-aaf3-fbc1510a9aef"}
2026-06-03T04:20:00.014Z [info][Jellyfin Sync]: Beginning to process recently added for library: Movies 
2026-06-03T04:20:04.023Z [info][Jellyfin Sync]: Beginning to process recently added for library: Shows 
2026-06-03T04:20:08.028Z [info][Jellyfin Sync]: Recently Added Scan Complete 
2026-06-03T04:21:00.003Z [debug][Jobs]: Starting scheduled job: Download Sync 
2026-06-03T04:22:00.008Z [debug][Jobs]: Starting scheduled job: Download Sync 
2026-06-03T04:23:00.006Z [debug][Jobs]: Starting scheduled job: Download Sync 
2026-06-03T04:24:00.005Z [debug][Jobs]: Starting scheduled job: Download Sync 
2026-06-03T04:25:00.007Z [debug][Jobs]: Starting scheduled job: Download Sync 
2026-06-03T04:25:00.008Z [info][Jobs]: Starting scheduled job: Jellyfin Recently Added Scan 
2026-06-03T04:25:00.008Z [info][Jellyfin Sync]: Scan starting {"sessionId":"4eac255b-03ff-4e5a-a477-d1e23b10ed53"}
2026-06-03T04:25:00.011Z [info][Jellyfin Sync]: Beginning to process recently added for library: Movies 
2026-06-03T04:25:04.016Z [info][Jellyfin Sync]: Beginning to process recently added for library: Shows 
2026-06-03T04:25:08.022Z [info][Jellyfin Sync]: Recently Added Scan Complete 
2026-06-03T04:26:00.001Z [debug][Jobs]: Starting scheduled job: Download Sync 
2026-06-03T04:27:00.007Z [debug][Jobs]: Starting scheduled job: Download Sync 
2026-06-03T04:28:00.006Z [debug][Jobs]: Starting scheduled job: Download Sync 
2026-06-03T04:29:00.005Z [debug][Jobs]: Starting scheduled job: Download Sync 
2026-06-03T04:29:04.765Z [error][Auth]: Cannot read properties of undefined (reading 'Id') 
2026-06-03T04:30:00.006Z [debug][Jobs]: Starting scheduled job: Download Sync 
2026-06-03T04:30:00.007Z [info][Jobs]: Starting scheduled job: Jellyfin Recently Added Scan 
2026-06-03T04:30:00.007Z [info][Jellyfin Sync]: Scan starting {"sessionId":"01ea008b-57bc-4875-97b8-ae345bf318c2"}
2026-06-03T04:30:00.010Z [info][Jobs]: Starting scheduled job: Sonarr Scan 
2026-06-03T04:30:00.010Z [info][Sonarr Scan]: Scan starting {"sessionId":"28c56432-baed-4434-afb8-69efc57ed7cb"}
2026-06-03T04:30:00.010Z [debug][Sonarr Scan]: Sync not enabled. Skipping Sonarr server: mawk_sonarr 
2026-06-03T04:30:00.010Z [info][Sonarr Scan]: Sonarr scan complete 
2026-06-03T04:30:00.012Z [info][Jellyfin Sync]: Beginning to process recently added for library: Movies 
2026-06-03T04:30:04.018Z [info][Jellyfin Sync]: Beginning to process recently added for library: Shows 
2026-06-03T04:30:08.024Z [info][Jellyfin Sync]: Recently Added Scan Complete 
2026-06-03T04:31:00.002Z [debug][Jobs]: Starting scheduled job: Download Sync 
2026-06-03T04:32:00.001Z [debug][Jobs]: Starting scheduled job: Download Sync 
2026-06-03T04:32:08.766Z [error][Auth]: Cannot read properties of undefined (reading 'Id') 
2026-06-03T04:32:31.873Z [error][Auth]: Cannot read properties of undefined (reading 'Id') 
2026-06-03T04:33:00.008Z [debug][Jobs]: Starting scheduled job: Download Sync 
2026-06-03T04:34:00.006Z [debug][Jobs]: Starting scheduled job: Download Sync 
2026-06-03T04:35:00.004Z [debug][Jobs]: Starting scheduled job: Download Sync 
2026-06-03T04:35:00.006Z [info][Jobs]: Starting scheduled job: Jellyfin Recently Added Scan 
2026-06-03T04:35:00.006Z [info][Jellyfin Sync]: Scan starting {"sessionId":"393c0fb5-b645-49bf-a7f7-4482d682665d"}
2026-06-03T04:35:00.009Z [info][Jellyfin Sync]: Beginning to process recently added for library: Movies 
2026-06-03T04:35:04.014Z [info][Jellyfin Sync]: Beginning to process recently added for library: Shows 
2026-06-03T04:35:08.019Z [info][Jellyfin Sync]: Recently Added Scan Complete 
2026-06-03T04:36:00.001Z [debug][Jobs]: Starting scheduled job: Download Sync 
2026-06-03T04:37:00.005Z [debug][Jobs]: Starting scheduled job: Download Sync 
2026-06-03T04:38:00.006Z [debug][Jobs]: Starting scheduled job: Download Sync 
2026-06-03T04:39:00.024Z [debug][Jobs]: Starting scheduled job: Download Sync 
2026-06-03T04:40:00.024Z [debug][Jobs]: Starting scheduled job: Download Sync 
2026-06-03T04:40:00.025Z [info][Jobs]: Starting scheduled job: Jellyfin Recently Added Scan 
2026-06-03T04:40:00.026Z [info][Jellyfin Sync]: Scan starting {"sessionId":"63441a2d-56da-43e5-9baf-9e022bd9dbf6"}
2026-06-03T04:40:00.028Z [info][Jellyfin Sync]: Beginning to process recently added for library: Movies 
2026-06-03T04:40:04.036Z [info][Jellyfin Sync]: Beginning to process recently added for library: Shows 
2026-06-03T04:40:08.044Z [info][Jellyfin Sync]: Recently Added Scan Complete 
2026-06-03T04:41:00.024Z [debug][Jobs]: Starting scheduled job: Download Sync 
2026-06-03T04:42:00.001Z [debug][Jobs]: Starting scheduled job: Download Sync 
2026-06-03T04:43:00.003Z [debug][Jobs]: Starting scheduled job: Download Sync 
2026-06-03T04:44:00.017Z [debug][Jobs]: Starting scheduled job: Download Sync 
2026-06-03T04:45:00.001Z [debug][Jobs]: Starting scheduled job: Download Sync 
2026-06-03T04:45:00.004Z [info][Jobs]: Starting scheduled job: Jellyfin Recently Added Scan 
2026-06-03T04:45:00.004Z [info][Jellyfin Sync]: Scan starting {"sessionId":"85327c24-240c-4bdb-bd71-20e5fffe4e34"}
2026-06-03T04:45:00.007Z [info][Jellyfin Sync]: Beginning to process recently added for library: Movies 
2026-06-03T04:45:04.015Z [info][Jellyfin Sync]: Beginning to process recently added for library: Shows 
2026-06-03T04:45:08.021Z [info][Jellyfin Sync]: Recently Added Scan Complete 
2026-06-03T04:46:00.015Z [debug][Jobs]: Starting scheduled job: Download Sync 
2026-06-03T04:47:00.003Z [debug][Jobs]: Starting scheduled job: Download Sync 
2026-06-03T04:48:00.001Z [debug][Jobs]: Starting scheduled job: Download Sync 
2026-06-03T04:49:00.026Z [debug][Jobs]: Starting scheduled job: Download Sync 
2026-06-03T04:50:00.015Z [debug][Jobs]: Starting scheduled job: Download Sync 
2026-06-03T04:50:00.017Z [info][Jobs]: Starting scheduled job: Jellyfin Recently Added Scan 
2026-06-03T04:50:00.018Z [info][Jellyfin Sync]: Scan starting {"sessionId":"54ae68e1-9cb0-419b-b1cb-308d037edda8"}
2026-06-03T04:50:00.020Z [info][Jellyfin Sync]: Beginning to process recently added for library: Movies 
2026-06-03T04:50:04.028Z [info][Jellyfin Sync]: Beginning to process recently added for library: Shows 
2026-06-03T04:50:08.033Z [info][Jellyfin Sync]: Recently Added Scan Complete 
2026-06-03T04:51:00.000Z [debug][Jobs]: Starting scheduled job: Download Sync 
2026-06-03T04:52:00.001Z [debug][Jobs]: Starting scheduled job: Download Sync 
2026-06-03T04:53:00.024Z [debug][Jobs]: Starting scheduled job: Download Sync 
2026-06-03T04:54:00.014Z [debug][Jobs]: Starting scheduled job: Download Sync 
2026-06-03T04:55:00.025Z [debug][Jobs]: Starting scheduled job: Download Sync 
2026-06-03T04:55:00.026Z [info][Jobs]: Starting scheduled job: Jellyfin Recently Added Scan 
2026-06-03T04:55:00.026Z [info][Jellyfin Sync]: Scan starting {"sessionId":"341ed867-d6a1-4873-9661-54f2098080c8"}
2026-06-03T04:55:00.028Z [info][Jellyfin Sync]: Beginning to process recently added for library: Movies 
2026-06-03T04:55:04.031Z [info][Jellyfin Sync]: Beginning to process recently added for library: Shows 
2026-06-03T04:55:08.037Z [info][Jellyfin Sync]: Recently Added Scan Complete 
2026-06-03T04:56:00.027Z [debug][Jobs]: Starting scheduled job: Download Sync 
